<?xml version="1.0" encoding="UTF-8"?>
<coverage generated="1783554963935" clover="3.2.0">
  <project timestamp="1783554963935" name="All files">
    <metrics statements="600" coveredstatements="542" conditionals="482" coveredconditionals="417" methods="103" coveredmethods="90" elements="1185" coveredelements="1049" complexity="0" loc="600" ncloc="600" packages="3" files="12" classes="12"/>
    <package name="skillweaver">
      <metrics statements="92" coveredstatements="47" conditionals="40" coveredconditionals="17" methods="14" coveredmethods="6"/>
      <file name="index.ts" path="/Users/david/Code/WednesdayAI-plugins-skillweaver/extensions/skillweaver/index.ts">
        <metrics statements="87" coveredstatements="42" conditionals="40" coveredconditionals="17" methods="14" coveredmethods="6"/>
        <line num="15" count="2" type="stmt"/>
        <line num="18" count="15" type="cond" truecount="3" falsecount="1"/>
        <line num="20" count="13" type="stmt"/>
        <line num="22" count="1" type="stmt"/>
        <line num="28" count="1" type="stmt"/>
        <line num="35" count="0" type="stmt"/>
        <line num="40" count="15" type="stmt"/>
        <line num="41" count="15" type="stmt"/>
        <line num="42" count="15" type="stmt"/>
        <line num="43" count="15" type="stmt"/>
        <line num="44" count="15" type="stmt"/>
        <line num="46" count="15" type="cond" truecount="1" falsecount="1"/>
        <line num="47" count="15" type="cond" truecount="1" falsecount="1"/>
        <line num="48" count="15" type="stmt"/>
        <line num="49" count="15" type="stmt"/>
        <line num="50" count="15" type="stmt"/>
        <line num="51" count="0" type="stmt"/>
        <line num="55" count="3" type="stmt"/>
        <line num="59" count="0" type="stmt"/>
        <line num="60" count="0" type="stmt"/>
        <line num="62" count="0" type="stmt"/>
        <line num="63" count="0" type="stmt"/>
        <line num="65" count="0" type="stmt"/>
        <line num="66" count="0" type="stmt"/>
        <line num="67" count="0" type="stmt"/>
        <line num="68" count="0" type="stmt"/>
        <line num="69" count="0" type="cond" truecount="0" falsecount="2"/>
        <line num="70" count="0" type="stmt"/>
        <line num="71" count="0" type="stmt"/>
        <line num="72" count="0" type="stmt"/>
        <line num="73" count="0" type="stmt"/>
        <line num="75" count="0" type="stmt"/>
        <line num="79" count="0" type="stmt"/>
        <line num="80" count="0" type="cond" truecount="0" falsecount="4"/>
        <line num="81" count="0" type="stmt"/>
        <line num="82" count="0" type="stmt"/>
        <line num="83" count="0" type="stmt"/>
        <line num="84" count="0" type="stmt"/>
        <line num="85" count="0" type="cond" truecount="0" falsecount="2"/>
        <line num="86" count="0" type="stmt"/>
        <line num="87" count="0" type="stmt"/>
        <line num="88" count="0" type="stmt"/>
        <line num="89" count="0" type="cond" truecount="0" falsecount="2"/>
        <line num="90" count="0" type="stmt"/>
        <line num="97" count="0" type="stmt"/>
        <line num="102" count="3" type="stmt"/>
        <line num="103" count="0" type="stmt"/>
        <line num="106" count="3" type="stmt"/>
        <line num="109" count="2" type="stmt"/>
        <line num="116" count="18" type="cond" truecount="2" falsecount="0"/>
        <line num="117" count="18" type="stmt"/>
        <line num="118" count="18" type="stmt"/>
        <line num="120" count="18" type="cond" truecount="2" falsecount="0"/>
        <line num="121" count="2" type="stmt"/>
        <line num="122" count="2" type="stmt"/>
        <line num="125" count="15" type="stmt"/>
        <line num="126" count="15" type="cond" truecount="3" falsecount="1"/>
        <line num="127" count="0" type="stmt"/>
        <line num="136" count="15" type="stmt"/>
        <line num="137" count="15" type="stmt"/>
        <line num="139" count="15" type="stmt"/>
        <line num="148" count="15" type="stmt"/>
        <line num="153" count="15" type="stmt"/>
        <line num="162" count="15" type="stmt"/>
        <line num="164" count="15" type="stmt"/>
        <line num="165" count="15" type="stmt"/>
        <line num="167" count="15" type="stmt"/>
        <line num="168" count="0" type="cond" truecount="0" falsecount="2"/>
        <line num="169" count="0" type="stmt"/>
        <line num="170" count="0" type="stmt"/>
        <line num="171" count="0" type="stmt"/>
        <line num="172" count="0" type="cond" truecount="0" falsecount="2"/>
        <line num="173" count="0" type="stmt"/>
        <line num="175" count="0" type="stmt"/>
        <line num="176" count="0" type="stmt"/>
        <line num="178" count="0" type="stmt"/>
        <line num="182" count="15" type="stmt"/>
        <line num="183" count="3" type="stmt"/>
        <line num="184" count="3" type="cond" truecount="1" falsecount="1"/>
        <line num="185" count="3" type="stmt"/>
        <line num="186" count="0" type="stmt"/>
        <line num="187" count="0" type="stmt"/>
        <line num="188" count="0" type="stmt"/>
        <line num="193" count="0" type="cond" truecount="0" falsecount="2"/>
        <line num="194" count="0" type="stmt"/>
        <line num="197" count="3" type="stmt"/>
        <line num="199" count="15" type="stmt"/>
      </file>
      <file name="openclaw.plugin.json" path="/Users/david/Code/WednesdayAI-plugins-skillweaver/extensions/skillweaver/openclaw.plugin.json">
        <metrics statements="5" coveredstatements="5" conditionals="0" coveredconditionals="0" methods="0" coveredmethods="0"/>
        <line num="1" count="2" type="stmt"/>
        <line num="2" count="2" type="stmt"/>
        <line num="3" count="2" type="stmt"/>
        <line num="4" count="2" type="stmt"/>
        <line num="5" count="2" type="stmt"/>
      </file>
    </package>
    <package name="skillweaver.src">
      <metrics statements="400" coveredstatements="389" conditionals="365" coveredconditionals="332" methods="69" coveredmethods="67"/>
      <file name="config.ts" path="/Users/david/Code/WednesdayAI-plugins-skillweaver/extensions/skillweaver/src/config.ts">
        <metrics statements="62" coveredstatements="62" conditionals="94" coveredconditionals="94" methods="6" coveredmethods="6"/>
        <line num="35" count="3" type="stmt"/>
        <line num="65" count="3" type="stmt"/>
        <line num="66" count="3" type="stmt"/>
        <line num="69" count="64" type="stmt"/>
        <line num="70" count="320" type="cond" truecount="5" falsecount="0"/>
        <line num="72" count="64" type="stmt"/>
        <line num="73" count="64" type="stmt"/>
        <line num="74" count="64" type="stmt"/>
        <line num="75" count="64" type="stmt"/>
        <line num="76" count="64" type="stmt"/>
        <line num="77" count="64" type="stmt"/>
        <line num="78" count="64" type="cond" truecount="2" falsecount="0"/>
        <line num="81" count="6" type="cond" truecount="2" falsecount="0"/>
        <line num="83" count="64" type="stmt"/>
        <line num="86" count="12" type="cond" truecount="2" falsecount="0"/>
        <line num="87" count="8" type="cond" truecount="2" falsecount="0"/>
        <line num="88" count="5" type="stmt"/>
        <line num="89" count="5" type="cond" truecount="3" falsecount="0"/>
        <line num="91" count="3" type="cond" truecount="4" falsecount="0"/>
        <line num="92" count="2" type="stmt"/>
        <line num="95" count="64" type="stmt"/>
        <line num="107" count="46" type="cond" truecount="2" falsecount="0"/>
        <line num="108" count="1" type="stmt"/>
        <line num="110" count="45" type="cond" truecount="2" falsecount="0"/>
        <line num="111" count="1" type="stmt"/>
        <line num="113" count="44" type="stmt"/>
        <line num="121" count="44" type="stmt"/>
        <line num="122" count="238" type="cond" truecount="2" falsecount="0"/>
        <line num="123" count="1" type="stmt"/>
        <line num="125" count="237" type="cond" truecount="4" falsecount="0"/>
        <line num="126" count="2" type="stmt"/>
        <line num="128" count="235" type="cond" truecount="4" falsecount="0"/>
        <line num="129" count="6" type="stmt"/>
        <line num="132" count="35" type="cond" truecount="4" falsecount="0"/>
        <line num="133" count="2" type="stmt"/>
        <line num="135" count="33" type="cond" truecount="4" falsecount="0"/>
        <line num="136" count="1" type="stmt"/>
        <line num="138" count="32" type="cond" truecount="4" falsecount="0"/>
        <line num="139" count="2" type="stmt"/>
        <line num="141" count="30" type="cond" truecount="5" falsecount="0"/>
        <line num="142" count="1" type="stmt"/>
        <line num="144" count="29" type="cond" truecount="5" falsecount="0"/>
        <line num="145" count="1" type="stmt"/>
        <line num="147" count="28" type="cond" truecount="4" falsecount="0"/>
        <line num="148" count="3" type="cond" truecount="4" falsecount="0"/>
        <line num="149" count="1" type="stmt"/>
        <line num="151" count="2" type="cond" truecount="4" falsecount="0"/>
        <line num="152" count="1" type="stmt"/>
        <line num="155" count="26" type="cond" truecount="5" falsecount="0"/>
        <line num="156" count="2" type="stmt"/>
        <line num="158" count="24" type="cond" truecount="4" falsecount="0"/>
        <line num="159" count="3" type="cond" truecount="4" falsecount="0"/>
        <line num="160" count="1" type="stmt"/>
        <line num="162" count="2" type="cond" truecount="4" falsecount="0"/>
        <line num="163" count="1" type="stmt"/>
        <line num="171" count="23" type="stmt"/>
        <line num="173" count="23" type="stmt"/>
        <line num="174" count="23" type="stmt"/>
        <line num="175" count="23" type="stmt"/>
        <line num="176" count="23" type="stmt"/>
        <line num="177" count="23" type="cond" truecount="5" falsecount="0"/>
        <line num="178" count="5" type="stmt"/>
      </file>
      <file name="context-injector.ts" path="/Users/david/Code/WednesdayAI-plugins-skillweaver/extensions/skillweaver/src/context-injector.ts">
        <metrics statements="20" coveredstatements="20" conditionals="10" coveredconditionals="9" methods="4" coveredmethods="4"/>
        <line num="17" count="7" type="stmt"/>
        <line num="21" count="51" type="stmt"/>
        <line num="22" count="51" type="stmt"/>
        <line num="23" count="51" type="cond" truecount="2" falsecount="0"/>
        <line num="24" count="51" type="stmt"/>
        <line num="25" count="51" type="cond" truecount="2" falsecount="0"/>
        <line num="33" count="8" type="cond" truecount="2" falsecount="0"/>
        <line num="35" count="7" type="stmt"/>
        <line num="41" count="7" type="stmt"/>
        <line num="42" count="17" type="stmt"/>
        <line num="43" count="17" type="stmt"/>
        <line num="44" count="17" type="stmt"/>
        <line num="47" count="7" type="cond" truecount="1" falsecount="1"/>
        <line num="48" count="7" type="stmt"/>
        <line num="49" count="7" type="stmt"/>
        <line num="50" count="17" type="stmt"/>
        <line num="54" count="7" type="stmt"/>
        <line num="56" count="7" type="stmt"/>
        <line num="63" count="17" type="stmt"/>
        <line num="69" count="8" type="stmt"/>
      </file>
      <file name="decomposer.ts" path="/Users/david/Code/WednesdayAI-plugins-skillweaver/extensions/skillweaver/src/decomposer.ts">
        <metrics statements="94" coveredstatements="94" conditionals="118" coveredconditionals="108" methods="16" coveredmethods="15"/>
        <line num="4" count="5" type="stmt"/>
        <line num="6" count="5" type="stmt"/>
        <line num="33" count="31" type="cond" truecount="2" falsecount="0"/>
        <line num="34" count="30" type="cond" truecount="4" falsecount="0"/>
        <line num="35" count="1" type="stmt"/>
        <line num="36" count="5" type="stmt"/>
        <line num="37" count="1" type="stmt"/>
        <line num="38" count="23" type="stmt"/>
        <line num="43" count="36" type="stmt"/>
        <line num="49" count="31" type="stmt"/>
        <line num="59" count="5" type="stmt"/>
        <line num="72" count="3" type="stmt"/>
        <line num="74" count="4" type="stmt"/>
        <line num="75" count="4" type="stmt"/>
        <line num="76" count="4" type="cond" truecount="1" falsecount="1"/>
        <line num="77" count="4" type="cond" truecount="1" falsecount="1"/>
        <line num="79" count="4" type="stmt"/>
        <line num="80" count="3" type="stmt"/>
        <line num="84" count="14" type="cond" truecount="2" falsecount="0"/>
        <line num="85" count="14" type="cond" truecount="4" falsecount="0"/>
        <line num="86" count="11" type="cond" truecount="2" falsecount="0"/>
        <line num="87" count="9" type="cond" truecount="4" falsecount="0"/>
        <line num="88" count="8" type="cond" truecount="7" falsecount="2"/>
        <line num="89" count="5" type="stmt"/>
        <line num="93" count="21" type="stmt"/>
        <line num="94" count="21" type="stmt"/>
        <line num="95" count="21" type="cond" truecount="2" falsecount="0"/>
        <line num="97" count="21" type="cond" truecount="2" falsecount="0"/>
        <line num="99" count="21" type="stmt"/>
        <line num="100" count="21" type="stmt"/>
        <line num="101" count="32" type="cond" truecount="4" falsecount="0"/>
        <line num="102" count="10" type="stmt"/>
        <line num="105" count="11" type="stmt"/>
        <line num="106" count="11" type="stmt"/>
        <line num="107" count="11" type="cond" truecount="4" falsecount="0"/>
        <line num="108" count="4" type="stmt"/>
        <line num="111" count="7" type="stmt"/>
        <line num="112" count="7" type="stmt"/>
        <line num="113" count="4" type="stmt"/>
        <line num="114" count="4" type="stmt"/>
        <line num="115" count="7" type="cond" truecount="4" falsecount="0"/>
        <line num="116" count="2" type="stmt"/>
        <line num="120" count="2" type="stmt"/>
        <line num="125" count="47" type="stmt"/>
        <line num="128" count="47" type="stmt"/>
        <line num="140" count="32" type="cond" truecount="2" falsecount="0"/>
        <line num="142" count="31" type="cond" truecount="2" falsecount="0"/>
        <line num="143" count="32" type="stmt"/>
        <line num="144" count="32" type="cond" truecount="2" falsecount="0"/>
        <line num="147" count="32" type="cond" truecount="4" falsecount="0"/>
        <line num="148" count="3" type="stmt"/>
        <line num="151" count="31" type="stmt"/>
        <line num="152" count="31" type="stmt"/>
        <line num="153" count="31" type="stmt"/>
        <line num="156" count="31" type="stmt"/>
        <line num="158" count="31" type="cond" truecount="2" falsecount="0"/>
        <line num="159" count="5" type="cond" truecount="2" falsecount="0"/>
        <line num="160" count="5" type="stmt"/>
        <line num="161" count="5" type="stmt"/>
        <line num="169" count="25" type="cond" truecount="2" falsecount="0"/>
        <line num="170" count="25" type="cond" truecount="2" falsecount="0"/>
        <line num="171" count="19" type="stmt"/>
        <line num="173" count="25" type="stmt"/>
        <line num="184" count="30" type="cond" truecount="2" falsecount="0"/>
        <line num="186" count="22" type="cond" truecount="2" falsecount="0"/>
        <line num="187" count="6" type="stmt"/>
        <line num="188" count="6" type="stmt"/>
        <line num="189" count="6" type="stmt"/>
        <line num="190" count="6" type="stmt"/>
        <line num="191" count="6" type="cond" truecount="1" falsecount="1"/>
        <line num="194" count="16" type="stmt"/>
        <line num="197" count="16" type="cond" truecount="2" falsecount="0"/>
        <line num="198" count="5" type="stmt"/>
        <line num="199" count="5" type="cond" truecount="4" falsecount="0"/>
        <line num="200" count="2" type="cond" truecount="1" falsecount="1"/>
        <line num="202" count="3" type="stmt"/>
        <line num="203" count="3" type="cond" truecount="4" falsecount="0"/>
        <line num="204" count="1" type="cond" truecount="1" falsecount="1"/>
        <line num="206" count="2" type="cond" truecount="1" falsecount="1"/>
        <line num="208" count="11" type="stmt"/>
        <line num="209" count="11" type="cond" truecount="4" falsecount="0"/>
        <line num="210" count="1" type="cond" truecount="1" falsecount="1"/>
        <line num="212" count="10" type="cond" truecount="1" falsecount="1"/>
        <line num="215" count="12" type="stmt"/>
        <line num="216" count="12" type="cond" truecount="2" falsecount="0"/>
        <line num="217" count="1" type="stmt"/>
        <line num="220" count="12" type="stmt"/>
        <line num="221" count="12" type="cond" truecount="4" falsecount="0"/>
        <line num="222" count="2" type="stmt"/>
        <line num="225" count="12" type="cond" truecount="4" falsecount="0"/>
        <line num="227" count="8" type="stmt"/>
        <line num="228" count="8" type="stmt"/>
        <line num="229" count="8" type="cond" truecount="2" falsecount="0"/>
        <line num="234" count="3" type="stmt"/>
      </file>
      <file name="handler.ts" path="/Users/david/Code/WednesdayAI-plugins-skillweaver/extensions/skillweaver/src/handler.ts">
        <metrics statements="42" coveredstatements="41" conditionals="37" coveredconditionals="35" methods="14" coveredmethods="13"/>
        <line num="6" count="3" type="stmt"/>
        <line num="33" count="27" type="stmt"/>
        <line num="34" count="25" type="cond" truecount="1" falsecount="1"/>
        <line num="37" count="27" type="stmt"/>
        <line num="40" count="26" type="stmt"/>
        <line num="41" count="1" type="stmt"/>
        <line num="42" count="1" type="stmt"/>
        <line num="49" count="32" type="stmt"/>
        <line num="50" count="21" type="cond" truecount="2" falsecount="0"/>
        <line num="52" count="20" type="cond" truecount="2" falsecount="0"/>
        <line num="53" count="21" type="cond" truecount="4" falsecount="0"/>
        <line num="55" count="16" type="cond" truecount="5" falsecount="0"/>
        <line num="57" count="13" type="cond" truecount="2" falsecount="0"/>
        <line num="58" count="21" type="cond" truecount="2" falsecount="0"/>
        <line num="59" count="21" type="stmt"/>
        <line num="60" count="21" type="stmt"/>
        <line num="61" count="21" type="stmt"/>
        <line num="62" count="21" type="stmt"/>
        <line num="64" count="21" type="stmt"/>
        <line num="65" count="21" type="stmt"/>
        <line num="69" count="1" type="stmt"/>
        <line num="71" count="10" type="cond" truecount="2" falsecount="0"/>
        <line num="73" count="14" type="stmt"/>
        <line num="74" count="7" type="cond" truecount="1" falsecount="1"/>
        <line num="75" count="7" type="stmt"/>
        <line num="77" count="7" type="cond" truecount="4" falsecount="0"/>
        <line num="78" count="4" type="stmt"/>
        <line num="83" count="4" type="cond" truecount="4" falsecount="0"/>
        <line num="84" count="3" type="stmt"/>
        <line num="88" count="0" type="stmt"/>
        <line num="90" count="5" type="stmt"/>
        <line num="91" count="3" type="cond" truecount="2" falsecount="0"/>
        <line num="92" count="2" type="stmt"/>
        <line num="93" count="2" type="stmt"/>
        <line num="98" count="7" type="stmt"/>
        <line num="103" count="6" type="stmt"/>
        <line num="105" count="6" type="cond" truecount="4" falsecount="0"/>
        <line num="106" count="1" type="stmt"/>
        <line num="113" count="6" type="stmt"/>
        <line num="115" count="4" type="stmt"/>
        <line num="116" count="4" type="stmt"/>
        <line num="118" count="13" type="stmt"/>
      </file>
      <file name="logger.ts" path="/Users/david/Code/WednesdayAI-plugins-skillweaver/extensions/skillweaver/src/logger.ts">
        <metrics statements="7" coveredstatements="7" conditionals="2" coveredconditionals="2" methods="6" coveredmethods="6"/>
        <line num="9" count="35" type="stmt"/>
        <line num="10" count="79" type="cond" truecount="2" falsecount="0"/>
        <line num="11" count="35" type="stmt"/>
        <line num="12" count="34" type="stmt"/>
        <line num="13" count="39" type="stmt"/>
        <line num="14" count="3" type="stmt"/>
        <line num="15" count="3" type="stmt"/>
      </file>
      <file name="retriever.ts" path="/Users/david/Code/WednesdayAI-plugins-skillweaver/extensions/skillweaver/src/retriever.ts">
        <metrics statements="28" coveredstatements="28" conditionals="18" coveredconditionals="17" methods="6" coveredmethods="6"/>
        <line num="17" count="21" type="stmt"/>
        <line num="18" count="21" type="cond" truecount="2" falsecount="0"/>
        <line num="19" count="21" type="cond" truecount="2" falsecount="0"/>
        <line num="23" count="21" type="cond" truecount="2" falsecount="0"/>
        <line num="25" count="21" type="stmt"/>
        <line num="27" count="4" type="cond" truecount="2" falsecount="0"/>
        <line num="28" count="3" type="stmt"/>
        <line num="29" count="3" type="stmt"/>
        <line num="31" count="3" type="stmt"/>
        <line num="32" count="5" type="stmt"/>
        <line num="33" count="5" type="stmt"/>
        <line num="34" count="14" type="cond" truecount="4" falsecount="0"/>
        <line num="35" count="13" type="stmt"/>
        <line num="36" count="13" type="stmt"/>
        <line num="41" count="10" type="stmt"/>
        <line num="42" count="3" type="stmt"/>
        <line num="43" count="3" type="stmt"/>
        <line num="47" count="2" type="cond" truecount="1" falsecount="1"/>
        <line num="48" count="2" type="stmt"/>
        <line num="49" count="2" type="stmt"/>
        <line num="51" count="2" type="stmt"/>
        <line num="52" count="3" type="stmt"/>
        <line num="53" count="3" type="stmt"/>
        <line num="54" count="22" type="cond" truecount="4" falsecount="0"/>
        <line num="55" count="21" type="stmt"/>
        <line num="56" count="21" type="stmt"/>
        <line num="61" count="19" type="stmt"/>
        <line num="62" count="6" type="stmt"/>
      </file>
      <file name="skill-index.ts" path="/Users/david/Code/WednesdayAI-plugins-skillweaver/extensions/skillweaver/src/skill-index.ts">
        <metrics statements="147" coveredstatements="137" conditionals="86" coveredconditionals="67" methods="17" coveredmethods="17"/>
        <line num="7" count="4" type="stmt"/>
        <line num="22" count="49" type="stmt"/>
        <line num="23" count="49" type="stmt"/>
        <line num="24" count="49" type="stmt"/>
        <line num="25" count="49" type="stmt"/>
        <line num="26" count="49" type="stmt"/>
        <line num="27" count="49" type="stmt"/>
        <line num="28" count="49" type="stmt"/>
        <line num="29" count="49" type="stmt"/>
        <line num="32" count="49" type="stmt"/>
        <line num="36" count="15" type="stmt"/>
        <line num="40" count="40" type="cond" truecount="2" falsecount="0"/>
        <line num="41" count="38" type="stmt"/>
        <line num="42" count="38" type="stmt"/>
        <line num="43" count="38" type="cond" truecount="2" falsecount="0"/>
        <line num="44" count="6" type="cond" truecount="1" falsecount="1"/>
        <line num="45" count="6" type="stmt"/>
        <line num="46" count="6" type="stmt"/>
        <line num="48" count="6" type="stmt"/>
        <line num="51" count="32" type="stmt"/>
        <line num="52" count="139" type="stmt"/>
        <line num="55" count="32" type="stmt"/>
        <line num="56" count="32" type="stmt"/>
        <line num="57" count="113" type="stmt"/>
        <line num="58" count="113" type="stmt"/>
        <line num="61" count="32" type="stmt"/>
        <line num="62" count="32" type="cond" truecount="2" falsecount="0"/>
        <line num="63" count="2" type="stmt"/>
        <line num="64" count="2" type="cond" truecount="1" falsecount="1"/>
        <line num="65" count="2" type="stmt"/>
        <line num="66" count="2" type="stmt"/>
        <line num="68" count="2" type="stmt"/>
        <line num="70" count="30" type="stmt"/>
        <line num="71" count="105" type="stmt"/>
        <line num="72" count="105" type="cond" truecount="1" falsecount="1"/>
        <line num="75" count="30" type="cond" truecount="1" falsecount="1"/>
        <line num="76" count="0" type="cond" truecount="0" falsecount="2"/>
        <line num="77" count="0" type="stmt"/>
        <line num="78" count="0" type="stmt"/>
        <line num="80" count="0" type="stmt"/>
        <line num="83" count="30" type="stmt"/>
        <line num="84" count="30" type="stmt"/>
        <line num="85" count="30" type="stmt"/>
        <line num="86" count="30" type="stmt"/>
        <line num="88" count="30" type="stmt"/>
        <line num="89" count="105" type="stmt"/>
        <line num="92" count="30" type="cond" truecount="1" falsecount="1"/>
        <line num="93" count="30" type="stmt"/>
        <line num="94" count="30" type="stmt"/>
        <line num="95" count="30" type="stmt"/>
        <line num="100" count="6" type="cond" truecount="5" falsecount="0"/>
        <line num="102" count="4" type="stmt"/>
        <line num="104" count="4" type="stmt"/>
        <line num="105" count="4" type="stmt"/>
        <line num="106" count="4" type="cond" truecount="4" falsecount="0"/>
        <line num="108" count="3" type="stmt"/>
        <line num="109" count="3" type="stmt"/>
        <line num="110" count="3" type="stmt"/>
        <line num="112" count="3" type="stmt"/>
        <line num="114" count="3" type="stmt"/>
        <line num="115" count="3" type="stmt"/>
        <line num="116" count="8" type="stmt"/>
        <line num="117" count="8" type="stmt"/>
        <line num="118" count="8" type="cond" truecount="1" falsecount="1"/>
        <line num="119" count="8" type="stmt"/>
        <line num="120" count="8" type="stmt"/>
        <line num="121" count="8" type="cond" truecount="1" falsecount="1"/>
        <line num="122" count="8" type="stmt"/>
        <line num="131" count="3" type="stmt"/>
        <line num="135" count="3" type="stmt"/>
        <line num="136" count="3" type="cond" truecount="2" falsecount="0"/>
        <line num="137" count="2" type="stmt"/>
        <line num="138" count="2" type="stmt"/>
        <line num="146" count="14" type="cond" truecount="2" falsecount="0"/>
        <line num="147" count="12" type="cond" truecount="2" falsecount="0"/>
        <line num="149" count="11" type="stmt"/>
        <line num="150" count="6" type="cond" truecount="1" falsecount="1"/>
        <line num="151" count="6" type="cond" truecount="2" falsecount="0"/>
        <line num="152" count="1" type="stmt"/>
        <line num="153" count="1" type="stmt"/>
        <line num="155" count="5" type="cond" truecount="1" falsecount="1"/>
        <line num="156" count="5" type="stmt"/>
        <line num="157" count="3" type="stmt"/>
        <line num="158" count="3" type="cond" truecount="1" falsecount="1"/>
        <line num="159" count="3" type="cond" truecount="1" falsecount="1"/>
        <line num="160" count="0" type="stmt"/>
        <line num="161" count="0" type="stmt"/>
        <line num="163" count="3" type="stmt"/>
        <line num="164" count="3" type="stmt"/>
        <line num="165" count="3" type="stmt"/>
        <line num="166" count="3" type="stmt"/>
        <line num="168" count="0" type="stmt"/>
        <line num="170" count="3" type="stmt"/>
        <line num="171" count="3" type="cond" truecount="4" falsecount="0"/>
        <line num="172" count="1" type="stmt"/>
        <line num="173" count="1" type="stmt"/>
        <line num="179" count="11" type="stmt"/>
        <line num="180" count="2" type="stmt"/>
        <line num="181" count="2" type="stmt"/>
        <line num="182" count="2" type="cond" truecount="3" falsecount="1"/>
        <line num="183" count="2" type="stmt"/>
        <line num="184" count="2" type="cond" truecount="1" falsecount="1"/>
        <line num="185" count="2" type="stmt"/>
        <line num="186" count="2" type="cond" truecount="2" falsecount="0"/>
        <line num="187" count="1" type="stmt"/>
        <line num="188" count="2" type="cond" truecount="1" falsecount="1"/>
        <line num="190" count="1" type="stmt"/>
        <line num="191" count="1" type="cond" truecount="3" falsecount="1"/>
        <line num="192" count="0" type="stmt"/>
        <line num="193" count="0" type="stmt"/>
        <line num="195" count="1" type="stmt"/>
        <line num="200" count="11" type="stmt"/>
        <line num="201" count="11" type="cond" truecount="2" falsecount="0"/>
        <line num="202" count="14" type="stmt"/>
        <line num="203" count="6" type="cond" truecount="2" falsecount="0"/>
        <line num="204" count="2" type="cond" truecount="2" falsecount="0"/>
        <line num="205" count="1" type="stmt"/>
        <line num="206" count="1" type="stmt"/>
        <line num="208" count="2" type="stmt"/>
        <line num="210" count="4" type="stmt"/>
        <line num="212" count="14" type="stmt"/>
        <line num="213" count="1" type="stmt"/>
        <line num="214" count="1" type="stmt"/>
        <line num="216" count="14" type="stmt"/>
        <line num="218" count="14" type="cond" truecount="2" falsecount="0"/>
        <line num="219" count="1" type="stmt"/>
        <line num="222" count="10" type="stmt"/>
        <line num="224" count="1" type="stmt"/>
        <line num="229" count="17" type="cond" truecount="2" falsecount="0"/>
        <line num="230" count="2" type="stmt"/>
        <line num="231" count="2" type="stmt"/>
        <line num="233" count="17" type="stmt"/>
        <line num="234" count="17" type="stmt"/>
        <line num="235" count="17" type="cond" truecount="2" falsecount="0"/>
        <line num="236" count="6" type="stmt"/>
        <line num="237" count="5" type="stmt"/>
        <line num="238" count="5" type="stmt"/>
        <line num="240" count="12" type="stmt"/>
        <line num="244" count="10" type="stmt"/>
        <line num="245" count="10" type="stmt"/>
        <line num="246" count="10" type="stmt"/>
        <line num="247" count="10" type="stmt"/>
        <line num="248" count="10" type="stmt"/>
        <line num="252" count="3" type="cond" truecount="5" falsecount="1"/>
        <line num="253" count="3" type="stmt"/>
        <line num="254" count="3" type="stmt"/>
        <line num="259" count="0" type="stmt"/>
      </file>
    </package>
    <package name="skillweaver.src.embedding">
      <metrics statements="108" coveredstatements="106" conditionals="77" coveredconditionals="68" methods="20" coveredmethods="17"/>
      <file name="cloud.ts" path="/Users/david/Code/WednesdayAI-plugins-skillweaver/extensions/skillweaver/src/embedding/cloud.ts">
        <metrics statements="40" coveredstatements="39" conditionals="32" coveredconditionals="29" methods="7" coveredmethods="6"/>
        <line num="4" count="4" type="stmt"/>
        <line num="6" count="4" type="stmt"/>
        <line num="7" count="4" type="stmt"/>
        <line num="8" count="4" type="stmt"/>
        <line num="9" count="4" type="stmt"/>
        <line num="10" count="4" type="stmt"/>
        <line num="21" count="14" type="stmt"/>
        <line num="28" count="14" type="stmt"/>
        <line num="31" count="14" type="cond" truecount="3" falsecount="0"/>
        <line num="32" count="14" type="cond" truecount="2" falsecount="0"/>
        <line num="33" count="14" type="cond" truecount="2" falsecount="0"/>
        <line num="34" count="14" type="cond" truecount="2" falsecount="0"/>
        <line num="35" count="14" type="cond" truecount="2" falsecount="0"/>
        <line num="36" count="14" type="cond" truecount="2" falsecount="0"/>
        <line num="37" count="2" type="stmt"/>
        <line num="42" count="9" type="cond" truecount="1" falsecount="1"/>
        <line num="43" count="9" type="stmt"/>
        <line num="49" count="9" type="stmt"/>
        <line num="50" count="9" type="cond" truecount="1" falsecount="1"/>
        <line num="52" count="9" type="stmt"/>
        <line num="58" count="9" type="cond" truecount="2" falsecount="0"/>
        <line num="59" count="1" type="stmt"/>
        <line num="60" count="1" type="stmt"/>
        <line num="63" count="8" type="stmt"/>
        <line num="64" count="8" type="cond" truecount="2" falsecount="0"/>
        <line num="65" count="1" type="stmt"/>
        <line num="67" count="7" type="stmt"/>
        <line num="68" count="7" type="cond" truecount="2" falsecount="0"/>
        <line num="69" count="6" type="cond" truecount="2" falsecount="0"/>
        <line num="70" count="1" type="stmt"/>
        <line num="72" count="5" type="cond" truecount="2" falsecount="0"/>
        <line num="73" count="1" type="stmt"/>
        <line num="79" count="5" type="stmt"/>
        <line num="80" count="5" type="cond" truecount="1" falsecount="1"/>
        <line num="81" count="0" type="stmt"/>
        <line num="83" count="5" type="stmt"/>
        <line num="88" count="2" type="stmt"/>
        <line num="89" count="2" type="cond" truecount="2" falsecount="0"/>
        <line num="90" count="1" type="stmt"/>
        <line num="94" count="2" type="stmt"/>
      </file>
      <file name="custom.ts" path="/Users/david/Code/WednesdayAI-plugins-skillweaver/extensions/skillweaver/src/embedding/custom.ts">
        <metrics statements="39" coveredstatements="38" conditionals="30" coveredconditionals="28" methods="7" coveredmethods="5"/>
        <line num="4" count="4" type="stmt"/>
        <line num="6" count="4" type="stmt"/>
        <line num="7" count="4" type="stmt"/>
        <line num="18" count="15" type="stmt"/>
        <line num="25" count="15" type="stmt"/>
        <line num="28" count="15" type="cond" truecount="2" falsecount="0"/>
        <line num="29" count="1" type="stmt"/>
        <line num="31" count="14" type="stmt"/>
        <line num="32" count="14" type="cond" truecount="2" falsecount="0"/>
        <line num="33" count="15" type="cond" truecount="2" falsecount="0"/>
        <line num="34" count="15" type="cond" truecount="2" falsecount="0"/>
        <line num="35" count="15" type="cond" truecount="2" falsecount="0"/>
        <line num="36" count="15" type="cond" truecount="2" falsecount="0"/>
        <line num="37" count="13" type="stmt"/>
        <line num="42" count="10" type="cond" truecount="1" falsecount="1"/>
        <line num="43" count="10" type="stmt"/>
        <line num="49" count="10" type="stmt"/>
        <line num="50" count="10" type="cond" truecount="2" falsecount="0"/>
        <line num="52" count="10" type="stmt"/>
        <line num="58" count="10" type="cond" truecount="2" falsecount="0"/>
        <line num="59" count="1" type="stmt"/>
        <line num="60" count="1" type="stmt"/>
        <line num="63" count="9" type="stmt"/>
        <line num="64" count="9" type="cond" truecount="2" falsecount="0"/>
        <line num="65" count="1" type="stmt"/>
        <line num="67" count="8" type="stmt"/>
        <line num="68" count="8" type="cond" truecount="2" falsecount="0"/>
        <line num="69" count="7" type="cond" truecount="2" falsecount="0"/>
        <line num="70" count="1" type="stmt"/>
        <line num="72" count="6" type="cond" truecount="2" falsecount="0"/>
        <line num="73" count="1" type="stmt"/>
        <line num="79" count="6" type="stmt"/>
        <line num="80" count="5" type="cond" truecount="1" falsecount="1"/>
        <line num="81" count="0" type="stmt"/>
        <line num="83" count="5" type="stmt"/>
        <line num="88" count="2" type="stmt"/>
        <line num="89" count="2" type="cond" truecount="2" falsecount="0"/>
        <line num="90" count="1" type="stmt"/>
        <line num="94" count="1" type="stmt"/>
      </file>
      <file name="local.ts" path="/Users/david/Code/WednesdayAI-plugins-skillweaver/extensions/skillweaver/src/embedding/local.ts">
        <metrics statements="29" coveredstatements="29" conditionals="15" coveredconditionals="11" methods="6" coveredmethods="6"/>
        <line num="3" count="3" type="stmt"/>
        <line num="4" count="3" type="stmt"/>
        <line num="7" count="21" type="stmt"/>
        <line num="8" count="21" type="stmt"/>
        <line num="12" count="21" type="stmt"/>
        <line num="13" count="21" type="stmt"/>
        <line num="16" count="21" type="stmt"/>
        <line num="17" count="21" type="stmt"/>
        <line num="18" count="2" type="cond" truecount="1" falsecount="1"/>
        <line num="19" count="2" type="stmt"/>
        <line num="26" count="21" type="stmt"/>
        <line num="27" count="21" type="cond" truecount="2" falsecount="0"/>
        <line num="28" count="21" type="stmt"/>
        <line num="32" count="7" type="cond" truecount="2" falsecount="0"/>
        <line num="33" count="4" type="cond" truecount="2" falsecount="0"/>
        <line num="34" count="2" type="cond" truecount="1" falsecount="1"/>
        <line num="35" count="2" type="stmt"/>
        <line num="36" count="2" type="cond" truecount="1" falsecount="1"/>
        <line num="37" count="2" type="stmt"/>
        <line num="38" count="2" type="stmt"/>
        <line num="39" count="3" type="stmt"/>
        <line num="40" count="3" type="cond" truecount="1" falsecount="1"/>
        <line num="41" count="3" type="stmt"/>
        <line num="43" count="2" type="stmt"/>
        <line num="47" count="2" type="stmt"/>
        <line num="48" count="1" type="stmt"/>
        <line num="52" count="7" type="stmt"/>
        <line num="53" count="7" type="stmt"/>
        <line num="54" count="7" type="stmt"/>
      </file>
    </package>
  </project>
</coverage>
