{"/Users/david/Code/WednesdayAI-plugins-skillweaver/extensions/skillweaver/index.ts": {"path":"/Users/david/Code/WednesdayAI-plugins-skillweaver/extensions/skillweaver/index.ts","statementMap":{"0":{"start":{"line":15,"column":6},"end":{"line":15,"column":null}},"1":{"start":{"line":18,"column":2},"end":{"line":36,"column":null}},"2":{"start":{"line":20,"column":6},"end":{"line":20,"column":null}},"3":{"start":{"line":22,"column":6},"end":{"line":26,"column":null}},"4":{"start":{"line":28,"column":6},"end":{"line":33,"column":null}},"5":{"start":{"line":35,"column":6},"end":{"line":35,"column":null}},"6":{"start":{"line":40,"column":13},"end":{"line":40,"column":null}},"7":{"start":{"line":41,"column":15},"end":{"line":41,"column":null}},"8":{"start":{"line":42,"column":13},"end":{"line":42,"column":null}},"9":{"start":{"line":43,"column":32},"end":{"line":43,"column":null}},"10":{"start":{"line":44,"column":20},"end":{"line":44,"column":null}},"11":{"start":{"line":46,"column":25},"end":{"line":46,"column":null}},"12":{"start":{"line":47,"column":2},"end":{"line":53,"column":null}},"13":{"start":{"line":48,"column":29},"end":{"line":48,"column":null}},"14":{"start":{"line":49,"column":4},"end":{"line":52,"column":null}},"15":{"start":{"line":50,"column":6},"end":{"line":50,"column":null}},"16":{"start":{"line":51,"column":6},"end":{"line":51,"column":null}},"17":{"start":{"line":55,"column":8},"end":{"line":55,"column":null}},"18":{"start":{"line":55,"column":45},"end":{"line":55,"column":null}},"19":{"start":{"line":59,"column":4},"end":{"line":64,"column":null}},"20":{"start":{"line":60,"column":6},"end":{"line":60,"column":null}},"21":{"start":{"line":62,"column":6},"end":{"line":62,"column":null}},"22":{"start":{"line":63,"column":6},"end":{"line":63,"column":null}},"23":{"start":{"line":65,"column":20},"end":{"line":78,"column":null}},"24":{"start":{"line":66,"column":29},"end":{"line":66,"column":47}},"25":{"start":{"line":67,"column":25},"end":{"line":67,"column":null}},"26":{"start":{"line":68,"column":26},"end":{"line":68,"column":null}},"27":{"start":{"line":69,"column":8},"end":{"line":69,"column":null}},"28":{"start":{"line":69,"column":38},"end":{"line":69,"column":null}},"29":{"start":{"line":70,"column":8},"end":{"line":70,"column":null}},"30":{"start":{"line":71,"column":8},"end":{"line":76,"column":null}},"31":{"start":{"line":72,"column":26},"end":{"line":72,"column":null}},"32":{"start":{"line":73,"column":10},"end":{"line":73,"column":null}},"33":{"start":{"line":75,"column":10},"end":{"line":75,"column":null}},"34":{"start":{"line":79,"column":4},"end":{"line":99,"column":null}},"35":{"start":{"line":80,"column":6},"end":{"line":80,"column":null}},"36":{"start":{"line":80,"column":57},"end":{"line":80,"column":null}},"37":{"start":{"line":81,"column":37},"end":{"line":81,"column":null}},"38":{"start":{"line":82,"column":6},"end":{"line":98,"column":null}},"39":{"start":{"line":83,"column":27},"end":{"line":83,"column":null}},"40":{"start":{"line":84,"column":24},"end":{"line":84,"column":null}},"41":{"start":{"line":85,"column":8},"end":{"line":85,"column":null}},"42":{"start":{"line":85,"column":22},"end":{"line":85,"column":null}},"43":{"start":{"line":86,"column":23},"end":{"line":86,"column":null}},"44":{"start":{"line":87,"column":26},"end":{"line":87,"column":null}},"45":{"start":{"line":88,"column":26},"end":{"line":88,"column":null}},"46":{"start":{"line":89,"column":8},"end":{"line":89,"column":null}},"47":{"start":{"line":89,"column":24},"end":{"line":89,"column":null}},"48":{"start":{"line":90,"column":8},"end":{"line":95,"column":null}},"49":{"start":{"line":97,"column":8},"end":{"line":97,"column":null}},"50":{"start":{"line":102,"column":2},"end":{"line":104,"column":null}},"51":{"start":{"line":103,"column":4},"end":{"line":103,"column":null}},"52":{"start":{"line":106,"column":2},"end":{"line":106,"column":null}},"53":{"start":{"line":109,"column":15},"end":{"line":201,"column":null}},"54":{"start":{"line":116,"column":23},"end":{"line":116,"column":null}},"55":{"start":{"line":117,"column":10},"end":{"line":117,"column":null}},"56":{"start":{"line":118,"column":4},"end":{"line":118,"column":null}},"57":{"start":{"line":120,"column":4},"end":{"line":123,"column":null}},"58":{"start":{"line":121,"column":6},"end":{"line":121,"column":null}},"59":{"start":{"line":122,"column":6},"end":{"line":122,"column":null}},"60":{"start":{"line":125,"column":10},"end":{"line":125,"column":null}},"61":{"start":{"line":126,"column":4},"end":{"line":134,"column":null}},"62":{"start":{"line":127,"column":6},"end":{"line":133,"column":null}},"63":{"start":{"line":136,"column":20},"end":{"line":136,"column":null}},"64":{"start":{"line":137,"column":18},"end":{"line":137,"column":null}},"65":{"start":{"line":139,"column":23},"end":{"line":146,"column":null}},"66":{"start":{"line":148,"column":10},"end":{"line":151,"column":null}},"67":{"start":{"line":153,"column":10},"end":{"line":160,"column":null}},"68":{"start":{"line":162,"column":4},"end":{"line":162,"column":null}},"69":{"start":{"line":164,"column":19},"end":{"line":164,"column":null}},"70":{"start":{"line":165,"column":44},"end":{"line":165,"column":null}},"71":{"start":{"line":167,"column":4},"end":{"line":180,"column":null}},"72":{"start":{"line":168,"column":6},"end":{"line":168,"column":null}},"73":{"start":{"line":168,"column":20},"end":{"line":168,"column":null}},"74":{"start":{"line":169,"column":6},"end":{"line":169,"column":null}},"75":{"start":{"line":170,"column":6},"end":{"line":170,"column":null}},"76":{"start":{"line":171,"column":6},"end":{"line":171,"column":null}},"77":{"start":{"line":172,"column":6},"end":{"line":174,"column":null}},"78":{"start":{"line":173,"column":8},"end":{"line":173,"column":null}},"79":{"start":{"line":175,"column":6},"end":{"line":179,"column":null}},"80":{"start":{"line":176,"column":8},"end":{"line":176,"column":null}},"81":{"start":{"line":178,"column":8},"end":{"line":178,"column":null}},"82":{"start":{"line":182,"column":4},"end":{"line":197,"column":null}},"83":{"start":{"line":183,"column":34},"end":{"line":191,"column":8}},"84":{"start":{"line":184,"column":8},"end":{"line":184,"column":null}},"85":{"start":{"line":184,"column":22},"end":{"line":184,"column":null}},"86":{"start":{"line":185,"column":8},"end":{"line":190,"column":null}},"87":{"start":{"line":186,"column":10},"end":{"line":189,"column":null}},"88":{"start":{"line":187,"column":27},"end":{"line":187,"column":null}},"89":{"start":{"line":188,"column":12},"end":{"line":188,"column":null}},"90":{"start":{"line":193,"column":8},"end":{"line":195,"column":null}},"91":{"start":{"line":194,"column":10},"end":{"line":194,"column":null}},"92":{"start":{"line":197,"column":20},"end":{"line":197,"column":40}},"93":{"start":{"line":199,"column":4},"end":{"line":199,"column":null}}},"fnMap":{"0":{"name":"resolveBackend","decl":{"start":{"line":17,"column":9},"end":{"line":17,"column":24}},"loc":{"start":{"line":17,"column":84},"end":{"line":37,"column":null}},"line":17},"1":{"name":"discoverSkills","decl":{"start":{"line":39,"column":15},"end":{"line":39,"column":30}},"loc":{"start":{"line":39,"column":123},"end":{"line":107,"column":null}},"line":39},"2":{"name":"(anonymous_2)","decl":{"start":{"line":55,"column":8},"end":{"line":55,"column":23}},"loc":{"start":{"line":55,"column":45},"end":{"line":55,"column":null}},"line":55},"3":{"name":"walkDir","decl":{"start":{"line":57,"column":17},"end":{"line":57,"column":25}},"loc":{"start":{"line":57,"column":53},"end":{"line":100,"column":null}},"line":57},"4":{"name":"(anonymous_4)","decl":{"start":{"line":66,"column":12},"end":{"line":66,"column":20}},"loc":{"start":{"line":66,"column":29},"end":{"line":66,"column":47}},"line":66},"5":{"name":"(anonymous_5)","decl":{"start":{"line":66,"column":53},"end":{"line":66,"column":60}},"loc":{"start":{"line":66,"column":69},"end":{"line":77,"column":7}},"line":66},"6":{"name":"register","decl":{"start":{"line":115,"column":2},"end":{"line":115,"column":11}},"loc":{"start":{"line":115,"column":35},"end":{"line":200,"column":null}},"line":115},"7":{"name":"(anonymous_7)","decl":{"start":{"line":167,"column":27},"end":{"line":167,"column":39}},"loc":{"start":{"line":167,"column":39},"end":{"line":180,"column":5}},"line":167},"8":{"name":"(anonymous_8)","decl":{"start":{"line":173,"column":26},"end":{"line":173,"column":38}},"loc":{"start":{"line":173,"column":38},"end":{"line":173,"column":40}},"line":173},"9":{"name":"(anonymous_9)","decl":{"start":{"line":183,"column":7},"end":{"line":183,"column":13}},"loc":{"start":{"line":183,"column":34},"end":{"line":191,"column":8}},"line":183},"10":{"name":"(anonymous_10)","decl":{"start":{"line":183,"column":54},"end":{"line":183,"column":65}},"loc":{"start":{"line":183,"column":65},"end":{"line":191,"column":7}},"line":183},"11":{"name":"(anonymous_11)","decl":{"start":{"line":186,"column":27},"end":{"line":186,"column":39}},"loc":{"start":{"line":186,"column":39},"end":{"line":189,"column":11}},"line":186},"12":{"name":"(anonymous_12)","decl":{"start":{"line":192,"column":7},"end":{"line":192,"column":14}},"loc":{"start":{"line":192,"column":31},"end":{"line":196,"column":7}},"line":192},"13":{"name":"(anonymous_13)","decl":{"start":{"line":197,"column":7},"end":{"line":197,"column":18}},"loc":{"start":{"line":197,"column":18},"end":{"line":197,"column":41}},"line":197}},"branchMap":{"0":{"loc":{"start":{"line":18,"column":2},"end":{"line":36,"column":null}},"type":"switch","locations":[{"start":{"line":19,"column":4},"end":{"line":20,"column":null}},{"start":{"line":21,"column":4},"end":{"line":26,"column":null}},{"start":{"line":27,"column":4},"end":{"line":33,"column":null}},{"start":{"line":34,"column":4},"end":{"line":35,"column":null}}],"line":18},"1":{"loc":{"start":{"line":25,"column":20},"end":{"line":25,"column":null}},"type":"binary-expr","locations":[{"start":{"line":25,"column":20},"end":{"line":25,"column":56}},{"start":{"line":25,"column":56},"end":{"line":25,"column":null}}],"line":25},"2":{"loc":{"start":{"line":31,"column":20},"end":{"line":31,"column":null}},"type":"binary-expr","locations":[{"start":{"line":31,"column":20},"end":{"line":31,"column":57}},{"start":{"line":31,"column":57},"end":{"line":31,"column":null}}],"line":31},"3":{"loc":{"start":{"line":46,"column":30},"end":{"line":46,"column":56}},"type":"binary-expr","locations":[{"start":{"line":46,"column":30},"end":{"line":46,"column":53}},{"start":{"line":46,"column":53},"end":{"line":46,"column":56}}],"line":46},"4":{"loc":{"start":{"line":47,"column":2},"end":{"line":53,"column":null}},"type":"if","locations":[{"start":{"line":47,"column":2},"end":{"line":53,"column":null}},{"start":{},"end":{}}],"line":47},"5":{"loc":{"start":{"line":69,"column":8},"end":{"line":69,"column":null}},"type":"if","locations":[{"start":{"line":69,"column":8},"end":{"line":69,"column":null}},{"start":{},"end":{}}],"line":69},"6":{"loc":{"start":{"line":80,"column":6},"end":{"line":80,"column":null}},"type":"if","locations":[{"start":{"line":80,"column":6},"end":{"line":80,"column":null}},{"start":{},"end":{}}],"line":80},"7":{"loc":{"start":{"line":80,"column":10},"end":{"line":80,"column":57}},"type":"binary-expr","locations":[{"start":{"line":80,"column":10},"end":{"line":80,"column":42}},{"start":{"line":80,"column":42},"end":{"line":80,"column":57}}],"line":80},"8":{"loc":{"start":{"line":85,"column":8},"end":{"line":85,"column":null}},"type":"if","locations":[{"start":{"line":85,"column":8},"end":{"line":85,"column":null}},{"start":{},"end":{}}],"line":85},"9":{"loc":{"start":{"line":89,"column":8},"end":{"line":89,"column":null}},"type":"if","locations":[{"start":{"line":89,"column":8},"end":{"line":89,"column":null}},{"start":{},"end":{}}],"line":89},"10":{"loc":{"start":{"line":92,"column":35},"end":{"line":92,"column":80}},"type":"binary-expr","locations":[{"start":{"line":92,"column":35},"end":{"line":92,"column":61}},{"start":{"line":92,"column":61},"end":{"line":92,"column":80}}],"line":92},"11":{"loc":{"start":{"line":116,"column":23},"end":{"line":116,"column":null}},"type":"binary-expr","locations":[{"start":{"line":116,"column":23},"end":{"line":116,"column":43}},{"start":{"line":116,"column":43},"end":{"line":116,"column":null}}],"line":116},"12":{"loc":{"start":{"line":120,"column":4},"end":{"line":123,"column":null}},"type":"if","locations":[{"start":{"line":120,"column":4},"end":{"line":123,"column":null}},{"start":{},"end":{}}],"line":120},"13":{"loc":{"start":{"line":126,"column":4},"end":{"line":134,"column":null}},"type":"if","locations":[{"start":{"line":126,"column":4},"end":{"line":134,"column":null}},{"start":{},"end":{}}],"line":126},"14":{"loc":{"start":{"line":126,"column":8},"end":{"line":126,"column":62}},"type":"binary-expr","locations":[{"start":{"line":126,"column":8},"end":{"line":126,"column":36}},{"start":{"line":126,"column":36},"end":{"line":126,"column":62}}],"line":126},"15":{"loc":{"start":{"line":168,"column":6},"end":{"line":168,"column":null}},"type":"if","locations":[{"start":{"line":168,"column":6},"end":{"line":168,"column":null}},{"start":{},"end":{}}],"line":168},"16":{"loc":{"start":{"line":172,"column":6},"end":{"line":174,"column":null}},"type":"if","locations":[{"start":{"line":172,"column":6},"end":{"line":174,"column":null}},{"start":{},"end":{}}],"line":172},"17":{"loc":{"start":{"line":184,"column":8},"end":{"line":184,"column":null}},"type":"if","locations":[{"start":{"line":184,"column":8},"end":{"line":184,"column":null}},{"start":{},"end":{}}],"line":184},"18":{"loc":{"start":{"line":193,"column":8},"end":{"line":195,"column":null}},"type":"if","locations":[{"start":{"line":193,"column":8},"end":{"line":195,"column":null}},{"start":{},"end":{}}],"line":193}},"s":{"0":2,"1":15,"2":13,"3":1,"4":1,"5":0,"6":15,"7":15,"8":15,"9":15,"10":15,"11":15,"12":15,"13":15,"14":15,"15":15,"16":0,"17":3,"18":0,"19":0,"20":0,"21":0,"22":0,"23":0,"24":0,"25":0,"26":0,"27":0,"28":0,"29":0,"30":0,"31":0,"32":0,"33":0,"34":0,"35":0,"36":0,"37":0,"38":0,"39":0,"40":0,"41":0,"42":0,"43":0,"44":0,"45":0,"46":0,"47":0,"48":0,"49":0,"50":3,"51":0,"52":3,"53":2,"54":18,"55":18,"56":18,"57":18,"58":2,"59":2,"60":15,"61":15,"62":0,"63":15,"64":15,"65":15,"66":15,"67":15,"68":15,"69":15,"70":15,"71":15,"72":0,"73":0,"74":0,"75":0,"76":0,"77":0,"78":0,"79":0,"80":0,"81":0,"82":15,"83":3,"84":3,"85":0,"86":3,"87":0,"88":0,"89":0,"90":0,"91":0,"92":3,"93":15},"f":{"0":15,"1":15,"2":0,"3":0,"4":0,"5":0,"6":18,"7":0,"8":0,"9":3,"10":3,"11":0,"12":0,"13":3},"b":{"0":[13,1,1,0],"1":[1,1],"2":[1,1],"3":[15,0],"4":[15,0],"5":[0,0],"6":[0,0],"7":[0,0],"8":[0,0],"9":[0,0],"10":[0,0],"11":[18,1],"12":[2,16],"13":[0,15],"14":[15,15],"15":[0,0],"16":[0,0],"17":[0,3],"18":[0,0]},"meta":{"lastBranch":19,"lastFunction":14,"lastStatement":94,"seen":{"s:15:6:15:Infinity":0,"f:17:9:17:24":0,"b:19:4:20:Infinity:21:4:26:Infinity:27:4:33:Infinity:34:4:35:Infinity":0,"s:18:2:36:Infinity":1,"s:20:6:20:Infinity":2,"s:22:6:26:Infinity":3,"b:25:20:25:56:25:56:25:Infinity":1,"s:28:6:33:Infinity":4,"b:31:20:31:57:31:57:31:Infinity":2,"s:35:6:35:Infinity":5,"f:39:15:39:30":1,"s:40:13:40:Infinity":6,"s:41:15:41:Infinity":7,"s:42:13:42:Infinity":8,"s:43:32:43:Infinity":9,"s:44:20:44:Infinity":10,"s:46:25:46:Infinity":11,"b:46:30:46:53:46:53:46:56":3,"b:47:2:53:Infinity:undefined:undefined:undefined:undefined":4,"s:47:2:53:Infinity":12,"s:48:29:48:Infinity":13,"s:49:4:52:Infinity":14,"s:50:6:50:Infinity":15,"s:51:6:51:Infinity":16,"s:55:8:55:Infinity":17,"f:55:8:55:23":2,"s:55:45:55:Infinity":18,"f:57:17:57:25":3,"s:59:4:64:Infinity":19,"s:60:6:60:Infinity":20,"s:62:6:62:Infinity":21,"s:63:6:63:Infinity":22,"s:65:20:78:Infinity":23,"f:66:12:66:20":4,"s:66:29:66:47":24,"f:66:53:66:60":5,"s:67:25:67:Infinity":25,"s:68:26:68:Infinity":26,"b:69:8:69:Infinity:undefined:undefined:undefined:undefined":5,"s:69:8:69:Infinity":27,"s:69:38:69:Infinity":28,"s:70:8:70:Infinity":29,"s:71:8:76:Infinity":30,"s:72:26:72:Infinity":31,"s:73:10:73:Infinity":32,"s:75:10:75:Infinity":33,"s:79:4:99:Infinity":34,"b:80:6:80:Infinity:undefined:undefined:undefined:undefined":6,"s:80:6:80:Infinity":35,"b:80:10:80:42:80:42:80:57":7,"s:80:57:80:Infinity":36,"s:81:37:81:Infinity":37,"s:82:6:98:Infinity":38,"s:83:27:83:Infinity":39,"s:84:24:84:Infinity":40,"b:85:8:85:Infinity:undefined:undefined:undefined:undefined":8,"s:85:8:85:Infinity":41,"s:85:22:85:Infinity":42,"s:86:23:86:Infinity":43,"s:87:26:87:Infinity":44,"s:88:26:88:Infinity":45,"b:89:8:89:Infinity:undefined:undefined:undefined:undefined":9,"s:89:8:89:Infinity":46,"s:89:24:89:Infinity":47,"s:90:8:95:Infinity":48,"b:92:35:92:61:92:61:92:80":10,"s:97:8:97:Infinity":49,"s:102:2:104:Infinity":50,"s:103:4:103:Infinity":51,"s:106:2:106:Infinity":52,"s:109:15:201:Infinity":53,"f:115:2:115:11":6,"s:116:23:116:Infinity":54,"b:116:23:116:43:116:43:116:Infinity":11,"s:117:10:117:Infinity":55,"s:118:4:118:Infinity":56,"b:120:4:123:Infinity:undefined:undefined:undefined:undefined":12,"s:120:4:123:Infinity":57,"s:121:6:121:Infinity":58,"s:122:6:122:Infinity":59,"s:125:10:125:Infinity":60,"b:126:4:134:Infinity:undefined:undefined:undefined:undefined":13,"s:126:4:134:Infinity":61,"b:126:8:126:36:126:36:126:62":14,"s:127:6:133:Infinity":62,"s:136:20:136:Infinity":63,"s:137:18:137:Infinity":64,"s:139:23:146:Infinity":65,"s:148:10:151:Infinity":66,"s:153:10:160:Infinity":67,"s:162:4:162:Infinity":68,"s:164:19:164:Infinity":69,"s:165:44:165:Infinity":70,"s:167:4:180:Infinity":71,"f:167:27:167:39":7,"b:168:6:168:Infinity:undefined:undefined:undefined:undefined":15,"s:168:6:168:Infinity":72,"s:168:20:168:Infinity":73,"s:169:6:169:Infinity":74,"s:170:6:170:Infinity":75,"s:171:6:171:Infinity":76,"b:172:6:174:Infinity:undefined:undefined:undefined:undefined":16,"s:172:6:174:Infinity":77,"s:173:8:173:Infinity":78,"f:173:26:173:38":8,"s:175:6:179:Infinity":79,"s:176:8:176:Infinity":80,"s:178:8:178:Infinity":81,"s:182:4:197:Infinity":82,"f:183:7:183:13":9,"s:183:34:191:8":83,"f:183:54:183:65":10,"b:184:8:184:Infinity:undefined:undefined:undefined:undefined":17,"s:184:8:184:Infinity":84,"s:184:22:184:Infinity":85,"s:185:8:190:Infinity":86,"s:186:10:189:Infinity":87,"f:186:27:186:39":11,"s:187:27:187:Infinity":88,"s:188:12:188:Infinity":89,"f:192:7:192:14":12,"b:193:8:195:Infinity:undefined:undefined:undefined:undefined":18,"s:193:8:195:Infinity":90,"s:194:10:194:Infinity":91,"f:197:7:197:18":13,"s:197:20:197:40":92,"s:199:4:199:Infinity":93},"fnNames":{}}}
,"/Users/david/Code/WednesdayAI-plugins-skillweaver/extensions/skillweaver/openclaw.plugin.json": {"path":"/Users/david/Code/WednesdayAI-plugins-skillweaver/extensions/skillweaver/openclaw.plugin.json","statementMap":{"0":{"start":{"line":1,"column":18},"end":{"line":1,"column":31}},"1":{"start":{"line":2,"column":20},"end":{"line":2,"column":33}},"2":{"start":{"line":3,"column":27},"end":{"line":3,"column":148}},"3":{"start":{"line":4,"column":28},"end":{"line":4,"column":3034}},"4":{"start":{"line":5,"column":23},"end":{"line":5,"column":737}}},"fnMap":{},"branchMap":{},"s":{"0":2,"1":2,"2":2,"3":2,"4":2},"f":{},"b":{},"meta":{"lastBranch":0,"lastFunction":0,"lastStatement":5,"seen":{"s:1:18:1:31":0,"s:2:20:2:33":1,"s:3:27:3:148":2,"s:4:28:4:3034":3,"s:5:23:5:737":4},"fnNames":{}}}
,"/Users/david/Code/WednesdayAI-plugins-skillweaver/extensions/skillweaver/src/config.ts": {"path":"/Users/david/Code/WednesdayAI-plugins-skillweaver/extensions/skillweaver/src/config.ts","statementMap":{"0":{"start":{"line":35,"column":17},"end":{"line":63,"column":null}},"1":{"start":{"line":65,"column":23},"end":{"line":65,"column":null}},"2":{"start":{"line":66,"column":24},"end":{"line":66,"column":null}},"3":{"start":{"line":69,"column":8},"end":{"line":70,"column":null}},"4":{"start":{"line":70,"column":4},"end":{"line":70,"column":null}},"5":{"start":{"line":72,"column":21},"end":{"line":72,"column":null}},"6":{"start":{"line":73,"column":20},"end":{"line":73,"column":null}},"7":{"start":{"line":74,"column":20},"end":{"line":74,"column":null}},"8":{"start":{"line":75,"column":14},"end":{"line":75,"column":null}},"9":{"start":{"line":76,"column":20},"end":{"line":76,"column":null}},"10":{"start":{"line":77,"column":18},"end":{"line":77,"column":null}},"11":{"start":{"line":78,"column":15},"end":{"line":82,"column":null}},"12":{"start":{"line":81,"column":43},"end":{"line":81,"column":80}},"13":{"start":{"line":83,"column":17},"end":{"line":83,"column":null}},"14":{"start":{"line":86,"column":4},"end":{"line":86,"column":null}},"15":{"start":{"line":86,"column":32},"end":{"line":86,"column":null}},"16":{"start":{"line":87,"column":4},"end":{"line":90,"column":null}},"17":{"start":{"line":88,"column":22},"end":{"line":88,"column":null}},"18":{"start":{"line":89,"column":6},"end":{"line":89,"column":null}},"19":{"start":{"line":91,"column":4},"end":{"line":91,"column":null}},"20":{"start":{"line":91,"column":39},"end":{"line":91,"column":null}},"21":{"start":{"line":92,"column":4},"end":{"line":92,"column":null}},"22":{"start":{"line":95,"column":2},"end":{"line":103,"column":null}},"23":{"start":{"line":107,"column":2},"end":{"line":109,"column":null}},"24":{"start":{"line":108,"column":4},"end":{"line":108,"column":null}},"25":{"start":{"line":110,"column":2},"end":{"line":112,"column":null}},"26":{"start":{"line":111,"column":4},"end":{"line":111,"column":null}},"27":{"start":{"line":113,"column":74},"end":{"line":120,"column":null}},"28":{"start":{"line":121,"column":2},"end":{"line":131,"column":null}},"29":{"start":{"line":122,"column":4},"end":{"line":124,"column":null}},"30":{"start":{"line":123,"column":6},"end":{"line":123,"column":null}},"31":{"start":{"line":125,"column":4},"end":{"line":127,"column":null}},"32":{"start":{"line":126,"column":6},"end":{"line":126,"column":null}},"33":{"start":{"line":128,"column":4},"end":{"line":130,"column":null}},"34":{"start":{"line":129,"column":6},"end":{"line":129,"column":null}},"35":{"start":{"line":132,"column":2},"end":{"line":134,"column":null}},"36":{"start":{"line":133,"column":4},"end":{"line":133,"column":null}},"37":{"start":{"line":135,"column":2},"end":{"line":137,"column":null}},"38":{"start":{"line":136,"column":4},"end":{"line":136,"column":null}},"39":{"start":{"line":138,"column":2},"end":{"line":140,"column":null}},"40":{"start":{"line":139,"column":4},"end":{"line":139,"column":null}},"41":{"start":{"line":141,"column":2},"end":{"line":143,"column":null}},"42":{"start":{"line":142,"column":4},"end":{"line":142,"column":null}},"43":{"start":{"line":144,"column":2},"end":{"line":146,"column":null}},"44":{"start":{"line":145,"column":4},"end":{"line":145,"column":null}},"45":{"start":{"line":147,"column":2},"end":{"line":154,"column":null}},"46":{"start":{"line":148,"column":4},"end":{"line":150,"column":null}},"47":{"start":{"line":149,"column":6},"end":{"line":149,"column":null}},"48":{"start":{"line":151,"column":4},"end":{"line":153,"column":null}},"49":{"start":{"line":152,"column":6},"end":{"line":152,"column":null}},"50":{"start":{"line":155,"column":2},"end":{"line":157,"column":null}},"51":{"start":{"line":156,"column":4},"end":{"line":156,"column":null}},"52":{"start":{"line":158,"column":2},"end":{"line":165,"column":null}},"53":{"start":{"line":159,"column":4},"end":{"line":161,"column":null}},"54":{"start":{"line":160,"column":6},"end":{"line":160,"column":null}},"55":{"start":{"line":162,"column":4},"end":{"line":164,"column":null}},"56":{"start":{"line":163,"column":6},"end":{"line":163,"column":null}},"57":{"start":{"line":171,"column":18},"end":{"line":172,"column":null}},"58":{"start":{"line":173,"column":19},"end":{"line":173,"column":null}},"59":{"start":{"line":174,"column":20},"end":{"line":174,"column":null}},"60":{"start":{"line":175,"column":19},"end":{"line":175,"column":null}},"61":{"start":{"line":176,"column":15},"end":{"line":176,"column":null}},"62":{"start":{"line":177,"column":2},"end":{"line":177,"column":null}},"63":{"start":{"line":177,"column":64},"end":{"line":177,"column":null}},"64":{"start":{"line":178,"column":2},"end":{"line":178,"column":null}}},"fnMap":{"0":{"name":"resolveConfig","decl":{"start":{"line":68,"column":16},"end":{"line":68,"column":30}},"loc":{"start":{"line":68,"column":79},"end":{"line":104,"column":null}},"line":68},"1":{"name":"(anonymous_1)","decl":{"start":{"line":69,"column":8},"end":{"line":69,"column":18}},"loc":{"start":{"line":70,"column":4},"end":{"line":70,"column":null}},"line":70},"2":{"name":"(anonymous_2)","decl":{"start":{"line":81,"column":16},"end":{"line":81,"column":24}},"loc":{"start":{"line":81,"column":43},"end":{"line":81,"column":80}},"line":81},"3":{"name":"toBool","decl":{"start":{"line":85,"column":11},"end":{"line":85,"column":18}},"loc":{"start":{"line":85,"column":58},"end":{"line":93,"column":null}},"line":85},"4":{"name":"validateConfig","decl":{"start":{"line":106,"column":16},"end":{"line":106,"column":31}},"loc":{"start":{"line":106,"column":64},"end":{"line":166,"column":null}},"line":106},"5":{"name":"checkSkillsMode","decl":{"start":{"line":170,"column":16},"end":{"line":170,"column":32}},"loc":{"start":{"line":170,"column":93},"end":{"line":179,"column":null}},"line":170}},"branchMap":{"0":{"loc":{"start":{"line":70,"column":4},"end":{"line":70,"column":null}},"type":"cond-expr","locations":[{"start":{"line":70,"column":64},"end":{"line":70,"column":96}},{"start":{"line":70,"column":96},"end":{"line":70,"column":null}}],"line":70},"1":{"loc":{"start":{"line":70,"column":4},"end":{"line":70,"column":64}},"type":"binary-expr","locations":[{"start":{"line":70,"column":4},"end":{"line":70,"column":29}},{"start":{"line":70,"column":29},"end":{"line":70,"column":43}},{"start":{"line":70,"column":43},"end":{"line":70,"column":64}}],"line":70},"2":{"loc":{"start":{"line":78,"column":15},"end":{"line":82,"column":null}},"type":"cond-expr","locations":[{"start":{"line":79,"column":6},"end":{"line":79,"column":null}},{"start":{"line":80,"column":6},"end":{"line":82,"column":null}}],"line":78},"3":{"loc":{"start":{"line":80,"column":6},"end":{"line":82,"column":null}},"type":"cond-expr","locations":[{"start":{"line":81,"column":8},"end":{"line":81,"column":null}},{"start":{"line":82,"column":8},"end":{"line":82,"column":null}}],"line":80},"4":{"loc":{"start":{"line":81,"column":43},"end":{"line":81,"column":80}},"type":"binary-expr","locations":[{"start":{"line":81,"column":43},"end":{"line":81,"column":68}},{"start":{"line":81,"column":68},"end":{"line":81,"column":80}}],"line":81},"5":{"loc":{"start":{"line":86,"column":4},"end":{"line":86,"column":null}},"type":"if","locations":[{"start":{"line":86,"column":4},"end":{"line":86,"column":null}},{"start":{},"end":{}}],"line":86},"6":{"loc":{"start":{"line":87,"column":4},"end":{"line":90,"column":null}},"type":"if","locations":[{"start":{"line":87,"column":4},"end":{"line":90,"column":null}},{"start":{},"end":{}}],"line":87},"7":{"loc":{"start":{"line":89,"column":13},"end":{"line":89,"column":null}},"type":"binary-expr","locations":[{"start":{"line":89,"column":13},"end":{"line":89,"column":36}},{"start":{"line":89,"column":36},"end":{"line":89,"column":55}},{"start":{"line":89,"column":55},"end":{"line":89,"column":null}}],"line":89},"8":{"loc":{"start":{"line":91,"column":4},"end":{"line":91,"column":null}},"type":"if","locations":[{"start":{"line":91,"column":4},"end":{"line":91,"column":null}},{"start":{},"end":{}}],"line":91},"9":{"loc":{"start":{"line":91,"column":8},"end":{"line":91,"column":39}},"type":"binary-expr","locations":[{"start":{"line":91,"column":8},"end":{"line":91,"column":27}},{"start":{"line":91,"column":27},"end":{"line":91,"column":39}}],"line":91},"10":{"loc":{"start":{"line":97,"column":13},"end":{"line":97,"column":null}},"type":"cond-expr","locations":[{"start":{"line":97,"column":41},"end":{"line":97,"column":81}},{"start":{"line":97,"column":81},"end":{"line":97,"column":null}}],"line":97},"11":{"loc":{"start":{"line":107,"column":2},"end":{"line":109,"column":null}},"type":"if","locations":[{"start":{"line":107,"column":2},"end":{"line":109,"column":null}},{"start":{},"end":{}}],"line":107},"12":{"loc":{"start":{"line":110,"column":2},"end":{"line":112,"column":null}},"type":"if","locations":[{"start":{"line":110,"column":2},"end":{"line":112,"column":null}},{"start":{},"end":{}}],"line":110},"13":{"loc":{"start":{"line":122,"column":4},"end":{"line":124,"column":null}},"type":"if","locations":[{"start":{"line":122,"column":4},"end":{"line":124,"column":null}},{"start":{},"end":{}}],"line":122},"14":{"loc":{"start":{"line":125,"column":4},"end":{"line":127,"column":null}},"type":"if","locations":[{"start":{"line":125,"column":4},"end":{"line":127,"column":null}},{"start":{},"end":{}}],"line":125},"15":{"loc":{"start":{"line":125,"column":8},"end":{"line":125,"column":43}},"type":"binary-expr","locations":[{"start":{"line":125,"column":8},"end":{"line":125,"column":17}},{"start":{"line":125,"column":17},"end":{"line":125,"column":43}}],"line":125},"16":{"loc":{"start":{"line":128,"column":4},"end":{"line":130,"column":null}},"type":"if","locations":[{"start":{"line":128,"column":4},"end":{"line":130,"column":null}},{"start":{},"end":{}}],"line":128},"17":{"loc":{"start":{"line":128,"column":8},"end":{"line":128,"column":36}},"type":"binary-expr","locations":[{"start":{"line":128,"column":8},"end":{"line":128,"column":23}},{"start":{"line":128,"column":23},"end":{"line":128,"column":36}}],"line":128},"18":{"loc":{"start":{"line":132,"column":2},"end":{"line":134,"column":null}},"type":"if","locations":[{"start":{"line":132,"column":2},"end":{"line":134,"column":null}},{"start":{},"end":{}}],"line":132},"19":{"loc":{"start":{"line":132,"column":6},"end":{"line":132,"column":75}},"type":"binary-expr","locations":[{"start":{"line":132,"column":6},"end":{"line":132,"column":47}},{"start":{"line":132,"column":47},"end":{"line":132,"column":75}}],"line":132},"20":{"loc":{"start":{"line":135,"column":2},"end":{"line":137,"column":null}},"type":"if","locations":[{"start":{"line":135,"column":2},"end":{"line":137,"column":null}},{"start":{},"end":{}}],"line":135},"21":{"loc":{"start":{"line":135,"column":6},"end":{"line":135,"column":88}},"type":"binary-expr","locations":[{"start":{"line":135,"column":6},"end":{"line":135,"column":60}},{"start":{"line":135,"column":60},"end":{"line":135,"column":88}}],"line":135},"22":{"loc":{"start":{"line":138,"column":2},"end":{"line":140,"column":null}},"type":"if","locations":[{"start":{"line":138,"column":2},"end":{"line":140,"column":null}},{"start":{},"end":{}}],"line":138},"23":{"loc":{"start":{"line":138,"column":6},"end":{"line":138,"column":73}},"type":"binary-expr","locations":[{"start":{"line":138,"column":6},"end":{"line":138,"column":34}},{"start":{"line":138,"column":34},"end":{"line":138,"column":73}}],"line":138},"24":{"loc":{"start":{"line":141,"column":2},"end":{"line":143,"column":null}},"type":"if","locations":[{"start":{"line":141,"column":2},"end":{"line":143,"column":null}},{"start":{},"end":{}}],"line":141},"25":{"loc":{"start":{"line":141,"column":6},"end":{"line":141,"column":113}},"type":"binary-expr","locations":[{"start":{"line":141,"column":6},"end":{"line":141,"column":47}},{"start":{"line":141,"column":47},"end":{"line":141,"column":74}},{"start":{"line":141,"column":74},"end":{"line":141,"column":113}}],"line":141},"26":{"loc":{"start":{"line":144,"column":2},"end":{"line":146,"column":null}},"type":"if","locations":[{"start":{"line":144,"column":2},"end":{"line":146,"column":null}},{"start":{},"end":{}}],"line":144},"27":{"loc":{"start":{"line":144,"column":6},"end":{"line":144,"column":123}},"type":"binary-expr","locations":[{"start":{"line":144,"column":6},"end":{"line":144,"column":47}},{"start":{"line":144,"column":47},"end":{"line":144,"column":79}},{"start":{"line":144,"column":79},"end":{"line":144,"column":123}}],"line":144},"28":{"loc":{"start":{"line":147,"column":2},"end":{"line":154,"column":null}},"type":"if","locations":[{"start":{"line":147,"column":2},"end":{"line":154,"column":null}},{"start":{},"end":{}}],"line":147},"29":{"loc":{"start":{"line":147,"column":6},"end":{"line":147,"column":88}},"type":"binary-expr","locations":[{"start":{"line":147,"column":6},"end":{"line":147,"column":46}},{"start":{"line":147,"column":46},"end":{"line":147,"column":88}}],"line":147},"30":{"loc":{"start":{"line":148,"column":4},"end":{"line":150,"column":null}},"type":"if","locations":[{"start":{"line":148,"column":4},"end":{"line":150,"column":null}},{"start":{},"end":{}}],"line":148},"31":{"loc":{"start":{"line":148,"column":8},"end":{"line":148,"column":115}},"type":"binary-expr","locations":[{"start":{"line":148,"column":8},"end":{"line":148,"column":62}},{"start":{"line":148,"column":62},"end":{"line":148,"column":115}}],"line":148},"32":{"loc":{"start":{"line":151,"column":4},"end":{"line":153,"column":null}},"type":"if","locations":[{"start":{"line":151,"column":4},"end":{"line":153,"column":null}},{"start":{},"end":{}}],"line":151},"33":{"loc":{"start":{"line":151,"column":8},"end":{"line":151,"column":89}},"type":"binary-expr","locations":[{"start":{"line":151,"column":8},"end":{"line":151,"column":48}},{"start":{"line":151,"column":48},"end":{"line":151,"column":89}}],"line":151},"34":{"loc":{"start":{"line":155,"column":2},"end":{"line":157,"column":null}},"type":"if","locations":[{"start":{"line":155,"column":2},"end":{"line":157,"column":null}},{"start":{},"end":{}}],"line":155},"35":{"loc":{"start":{"line":155,"column":6},"end":{"line":155,"column":126}},"type":"binary-expr","locations":[{"start":{"line":155,"column":6},"end":{"line":155,"column":48}},{"start":{"line":155,"column":48},"end":{"line":155,"column":81}},{"start":{"line":155,"column":81},"end":{"line":155,"column":126}}],"line":155},"36":{"loc":{"start":{"line":158,"column":2},"end":{"line":165,"column":null}},"type":"if","locations":[{"start":{"line":158,"column":2},"end":{"line":165,"column":null}},{"start":{},"end":{}}],"line":158},"37":{"loc":{"start":{"line":158,"column":6},"end":{"line":158,"column":90}},"type":"binary-expr","locations":[{"start":{"line":158,"column":6},"end":{"line":158,"column":47}},{"start":{"line":158,"column":47},"end":{"line":158,"column":90}}],"line":158},"38":{"loc":{"start":{"line":159,"column":4},"end":{"line":161,"column":null}},"type":"if","locations":[{"start":{"line":159,"column":4},"end":{"line":161,"column":null}},{"start":{},"end":{}}],"line":159},"39":{"loc":{"start":{"line":159,"column":8},"end":{"line":159,"column":117}},"type":"binary-expr","locations":[{"start":{"line":159,"column":8},"end":{"line":159,"column":63}},{"start":{"line":159,"column":63},"end":{"line":159,"column":117}}],"line":159},"40":{"loc":{"start":{"line":162,"column":4},"end":{"line":164,"column":null}},"type":"if","locations":[{"start":{"line":162,"column":4},"end":{"line":164,"column":null}},{"start":{},"end":{}}],"line":162},"41":{"loc":{"start":{"line":162,"column":8},"end":{"line":162,"column":91}},"type":"binary-expr","locations":[{"start":{"line":162,"column":8},"end":{"line":162,"column":49}},{"start":{"line":162,"column":49},"end":{"line":162,"column":91}}],"line":162},"42":{"loc":{"start":{"line":177,"column":2},"end":{"line":177,"column":null}},"type":"if","locations":[{"start":{"line":177,"column":2},"end":{"line":177,"column":null}},{"start":{},"end":{}}],"line":177},"43":{"loc":{"start":{"line":177,"column":6},"end":{"line":177,"column":64}},"type":"binary-expr","locations":[{"start":{"line":177,"column":6},"end":{"line":177,"column":28}},{"start":{"line":177,"column":28},"end":{"line":177,"column":48}},{"start":{"line":177,"column":48},"end":{"line":177,"column":64}}],"line":177}},"s":{"0":3,"1":3,"2":3,"3":64,"4":320,"5":64,"6":64,"7":64,"8":64,"9":64,"10":64,"11":64,"12":6,"13":64,"14":12,"15":4,"16":8,"17":5,"18":5,"19":3,"20":1,"21":2,"22":64,"23":46,"24":1,"25":45,"26":1,"27":44,"28":44,"29":238,"30":1,"31":237,"32":2,"33":235,"34":6,"35":35,"36":2,"37":33,"38":1,"39":32,"40":2,"41":30,"42":1,"43":29,"44":1,"45":28,"46":3,"47":1,"48":2,"49":1,"50":26,"51":2,"52":24,"53":3,"54":1,"55":2,"56":1,"57":23,"58":23,"59":23,"60":23,"61":23,"62":23,"63":18,"64":5},"f":{"0":64,"1":320,"2":6,"3":12,"4":46,"5":23},"b":{"0":[37,283],"1":[320,38,38],"2":[1,63],"3":[2,61],"4":[6,5],"5":[4,8],"6":[5,3],"7":[5,3,2],"8":[1,2],"9":[3,3],"10":[12,52],"11":[1,45],"12":[1,44],"13":[1,237],"14":[2,235],"15":[237,198],"16":[6,229],"17":[235,232],"18":[2,33],"19":[35,9],"20":[1,32],"21":[33,1],"22":[2,30],"23":[32,31],"24":[1,29],"25":[30,17,16],"26":[1,28],"27":[29,6,5],"28":[3,25],"29":[28,5],"30":[1,2],"31":[3,3],"32":[1,1],"33":[2,2],"34":[2,24],"35":[26,7,6],"36":[3,21],"37":[24,5],"38":[1,2],"39":[3,3],"40":[1,1],"41":[2,2],"42":[18,5],"43":[23,22,6]},"meta":{"lastBranch":44,"lastFunction":6,"lastStatement":65,"seen":{"s:35:17:63:Infinity":0,"s:65:23:65:Infinity":1,"s:66:24:66:Infinity":2,"f:68:16:68:30":0,"s:69:8:70:Infinity":3,"f:69:8:69:18":1,"s:70:4:70:Infinity":4,"b:70:64:70:96:70:96:70:Infinity":0,"b:70:4:70:29:70:29:70:43:70:43:70:64":1,"s:72:21:72:Infinity":5,"s:73:20:73:Infinity":6,"s:74:20:74:Infinity":7,"s:75:14:75:Infinity":8,"s:76:20:76:Infinity":9,"s:77:18:77:Infinity":10,"s:78:15:82:Infinity":11,"b:79:6:79:Infinity:80:6:82:Infinity":2,"b:81:8:81:Infinity:82:8:82:Infinity":3,"f:81:16:81:24":2,"s:81:43:81:80":12,"b:81:43:81:68:81:68:81:80":4,"s:83:17:83:Infinity":13,"f:85:11:85:18":3,"b:86:4:86:Infinity:undefined:undefined:undefined:undefined":5,"s:86:4:86:Infinity":14,"s:86:32:86:Infinity":15,"b:87:4:90:Infinity:undefined:undefined:undefined:undefined":6,"s:87:4:90:Infinity":16,"s:88:22:88:Infinity":17,"s:89:6:89:Infinity":18,"b:89:13:89:36:89:36:89:55:89:55:89:Infinity":7,"b:91:4:91:Infinity:undefined:undefined:undefined:undefined":8,"s:91:4:91:Infinity":19,"b:91:8:91:27:91:27:91:39":9,"s:91:39:91:Infinity":20,"s:92:4:92:Infinity":21,"s:95:2:103:Infinity":22,"b:97:41:97:81:97:81:97:Infinity":10,"f:106:16:106:31":4,"b:107:2:109:Infinity:undefined:undefined:undefined:undefined":11,"s:107:2:109:Infinity":23,"s:108:4:108:Infinity":24,"b:110:2:112:Infinity:undefined:undefined:undefined:undefined":12,"s:110:2:112:Infinity":25,"s:111:4:111:Infinity":26,"s:113:74:120:Infinity":27,"s:121:2:131:Infinity":28,"b:122:4:124:Infinity:undefined:undefined:undefined:undefined":13,"s:122:4:124:Infinity":29,"s:123:6:123:Infinity":30,"b:125:4:127:Infinity:undefined:undefined:undefined:undefined":14,"s:125:4:127:Infinity":31,"b:125:8:125:17:125:17:125:43":15,"s:126:6:126:Infinity":32,"b:128:4:130:Infinity:undefined:undefined:undefined:undefined":16,"s:128:4:130:Infinity":33,"b:128:8:128:23:128:23:128:36":17,"s:129:6:129:Infinity":34,"b:132:2:134:Infinity:undefined:undefined:undefined:undefined":18,"s:132:2:134:Infinity":35,"b:132:6:132:47:132:47:132:75":19,"s:133:4:133:Infinity":36,"b:135:2:137:Infinity:undefined:undefined:undefined:undefined":20,"s:135:2:137:Infinity":37,"b:135:6:135:60:135:60:135:88":21,"s:136:4:136:Infinity":38,"b:138:2:140:Infinity:undefined:undefined:undefined:undefined":22,"s:138:2:140:Infinity":39,"b:138:6:138:34:138:34:138:73":23,"s:139:4:139:Infinity":40,"b:141:2:143:Infinity:undefined:undefined:undefined:undefined":24,"s:141:2:143:Infinity":41,"b:141:6:141:47:141:47:141:74:141:74:141:113":25,"s:142:4:142:Infinity":42,"b:144:2:146:Infinity:undefined:undefined:undefined:undefined":26,"s:144:2:146:Infinity":43,"b:144:6:144:47:144:47:144:79:144:79:144:123":27,"s:145:4:145:Infinity":44,"b:147:2:154:Infinity:undefined:undefined:undefined:undefined":28,"s:147:2:154:Infinity":45,"b:147:6:147:46:147:46:147:88":29,"b:148:4:150:Infinity:undefined:undefined:undefined:undefined":30,"s:148:4:150:Infinity":46,"b:148:8:148:62:148:62:148:115":31,"s:149:6:149:Infinity":47,"b:151:4:153:Infinity:undefined:undefined:undefined:undefined":32,"s:151:4:153:Infinity":48,"b:151:8:151:48:151:48:151:89":33,"s:152:6:152:Infinity":49,"b:155:2:157:Infinity:undefined:undefined:undefined:undefined":34,"s:155:2:157:Infinity":50,"b:155:6:155:48:155:48:155:81:155:81:155:126":35,"s:156:4:156:Infinity":51,"b:158:2:165:Infinity:undefined:undefined:undefined:undefined":36,"s:158:2:165:Infinity":52,"b:158:6:158:47:158:47:158:90":37,"b:159:4:161:Infinity:undefined:undefined:undefined:undefined":38,"s:159:4:161:Infinity":53,"b:159:8:159:63:159:63:159:117":39,"s:160:6:160:Infinity":54,"b:162:4:164:Infinity:undefined:undefined:undefined:undefined":40,"s:162:4:164:Infinity":55,"b:162:8:162:49:162:49:162:91":41,"s:163:6:163:Infinity":56,"f:170:16:170:32":5,"s:171:18:172:Infinity":57,"s:173:19:173:Infinity":58,"s:174:20:174:Infinity":59,"s:175:19:175:Infinity":60,"s:176:15:176:Infinity":61,"b:177:2:177:Infinity:undefined:undefined:undefined:undefined":42,"s:177:2:177:Infinity":62,"b:177:6:177:28:177:28:177:48:177:48:177:64":43,"s:177:64:177:Infinity":63,"s:178:2:178:Infinity":64},"fnNames":{}}}
,"/Users/david/Code/WednesdayAI-plugins-skillweaver/extensions/skillweaver/src/context-injector.ts": {"path":"/Users/david/Code/WednesdayAI-plugins-skillweaver/extensions/skillweaver/src/context-injector.ts","statementMap":{"0":{"start":{"line":17,"column":2},"end":{"line":17,"column":null}},"1":{"start":{"line":21,"column":16},"end":{"line":21,"column":null}},"2":{"start":{"line":22,"column":20},"end":{"line":22,"column":null}},"3":{"start":{"line":23,"column":17},"end":{"line":23,"column":null}},"4":{"start":{"line":24,"column":18},"end":{"line":24,"column":null}},"5":{"start":{"line":25,"column":2},"end":{"line":25,"column":null}},"6":{"start":{"line":33,"column":2},"end":{"line":33,"column":null}},"7":{"start":{"line":33,"column":27},"end":{"line":33,"column":null}},"8":{"start":{"line":35,"column":26},"end":{"line":39,"column":null}},"9":{"start":{"line":41,"column":2},"end":{"line":45,"column":null}},"10":{"start":{"line":42,"column":4},"end":{"line":42,"column":null}},"11":{"start":{"line":43,"column":4},"end":{"line":43,"column":null}},"12":{"start":{"line":44,"column":4},"end":{"line":44,"column":null}},"13":{"start":{"line":47,"column":2},"end":{"line":52,"column":null}},"14":{"start":{"line":48,"column":4},"end":{"line":48,"column":null}},"15":{"start":{"line":49,"column":4},"end":{"line":51,"column":null}},"16":{"start":{"line":50,"column":6},"end":{"line":50,"column":null}},"17":{"start":{"line":54,"column":15},"end":{"line":54,"column":null}},"18":{"start":{"line":56,"column":30},"end":{"line":67,"column":null}},"19":{"start":{"line":63,"column":39},"end":{"line":63,"column":45}},"20":{"start":{"line":69,"column":2},"end":{"line":69,"column":null}}},"fnMap":{"0":{"name":"estimateTokens","decl":{"start":{"line":16,"column":9},"end":{"line":16,"column":24}},"loc":{"start":{"line":16,"column":46},"end":{"line":18,"column":null}},"line":16},"1":{"name":"sanitizeMarkdown","decl":{"start":{"line":20,"column":9},"end":{"line":20,"column":26}},"loc":{"start":{"line":20,"column":48},"end":{"line":26,"column":null}},"line":20},"2":{"name":"formatSkillContext","decl":{"start":{"line":28,"column":16},"end":{"line":28,"column":null}},"loc":{"start":{"line":32,"column":22},"end":{"line":70,"column":null}},"line":32},"3":{"name":"(anonymous_3)","decl":{"start":{"line":63,"column":28},"end":{"line":63,"column":33}},"loc":{"start":{"line":63,"column":39},"end":{"line":63,"column":45}},"line":63}},"branchMap":{"0":{"loc":{"start":{"line":23,"column":17},"end":{"line":23,"column":null}},"type":"cond-expr","locations":[{"start":{"line":23,"column":29},"end":{"line":23,"column":52}},{"start":{"line":23,"column":52},"end":{"line":23,"column":null}}],"line":23},"1":{"loc":{"start":{"line":25,"column":9},"end":{"line":25,"column":null}},"type":"cond-expr","locations":[{"start":{"line":25,"column":21},"end":{"line":25,"column":42}},{"start":{"line":25,"column":42},"end":{"line":25,"column":null}}],"line":25},"2":{"loc":{"start":{"line":33,"column":2},"end":{"line":33,"column":null}},"type":"if","locations":[{"start":{"line":33,"column":2},"end":{"line":33,"column":null}},{"start":{},"end":{}}],"line":33},"3":{"loc":{"start":{"line":47,"column":2},"end":{"line":52,"column":null}},"type":"if","locations":[{"start":{"line":47,"column":2},"end":{"line":52,"column":null}},{"start":{},"end":{}}],"line":47},"4":{"loc":{"start":{"line":65,"column":10},"end":{"line":65,"column":null}},"type":"cond-expr","locations":[{"start":{"line":65,"column":28},"end":{"line":65,"column":50}},{"start":{"line":65,"column":50},"end":{"line":65,"column":null}}],"line":65}},"s":{"0":7,"1":51,"2":51,"3":51,"4":51,"5":51,"6":8,"7":1,"8":7,"9":7,"10":17,"11":17,"12":17,"13":7,"14":7,"15":7,"16":17,"17":7,"18":7,"19":17,"20":8},"f":{"0":7,"1":51,"2":8,"3":17},"b":{"0":[1,50],"1":[1,50],"2":[1,7],"3":[7,0],"4":[1,6]},"meta":{"lastBranch":5,"lastFunction":4,"lastStatement":21,"seen":{"f:16:9:16:24":0,"s:17:2:17:Infinity":0,"f:20:9:20:26":1,"s:21:16:21:Infinity":1,"s:22:20:22:Infinity":2,"s:23:17:23:Infinity":3,"b:23:29:23:52:23:52:23:Infinity":0,"s:24:18:24:Infinity":4,"s:25:2:25:Infinity":5,"b:25:21:25:42:25:42:25:Infinity":1,"f:28:16:28:Infinity":2,"b:33:2:33:Infinity:undefined:undefined:undefined:undefined":2,"s:33:2:33:Infinity":6,"s:33:27:33:Infinity":7,"s:35:26:39:Infinity":8,"s:41:2:45:Infinity":9,"s:42:4:42:Infinity":10,"s:43:4:43:Infinity":11,"s:44:4:44:Infinity":12,"b:47:2:52:Infinity:undefined:undefined:undefined:undefined":3,"s:47:2:52:Infinity":13,"s:48:4:48:Infinity":14,"s:49:4:51:Infinity":15,"s:50:6:50:Infinity":16,"s:54:15:54:Infinity":17,"s:56:30:67:Infinity":18,"f:63:28:63:33":3,"s:63:39:63:45":19,"b:65:28:65:50:65:50:65:Infinity":4,"s:69:2:69:Infinity":20},"fnNames":{}}}
,"/Users/david/Code/WednesdayAI-plugins-skillweaver/extensions/skillweaver/src/decomposer.ts": {"path":"/Users/david/Code/WednesdayAI-plugins-skillweaver/extensions/skillweaver/src/decomposer.ts","statementMap":{"0":{"start":{"line":4,"column":6},"end":{"line":4,"column":null}},"1":{"start":{"line":6,"column":19},"end":{"line":6,"column":null}},"2":{"start":{"line":33,"column":2},"end":{"line":33,"column":null}},"3":{"start":{"line":33,"column":15},"end":{"line":33,"column":null}},"4":{"start":{"line":34,"column":2},"end":{"line":39,"column":null}},"5":{"start":{"line":35,"column":19},"end":{"line":35,"column":null}},"6":{"start":{"line":36,"column":22},"end":{"line":36,"column":null}},"7":{"start":{"line":37,"column":30},"end":{"line":37,"column":null}},"8":{"start":{"line":38,"column":13},"end":{"line":38,"column":null}},"9":{"start":{"line":43,"column":2},"end":{"line":45,"column":null}},"10":{"start":{"line":49,"column":2},"end":{"line":52,"column":null}},"11":{"start":{"line":59,"column":2},"end":{"line":65,"column":null}},"12":{"start":{"line":72,"column":20},"end":{"line":79,"column":null}},"13":{"start":{"line":74,"column":19},"end":{"line":74,"column":null}},"14":{"start":{"line":75,"column":19},"end":{"line":75,"column":null}},"15":{"start":{"line":76,"column":6},"end":{"line":76,"column":null}},"16":{"start":{"line":76,"column":17},"end":{"line":76,"column":null}},"17":{"start":{"line":77,"column":6},"end":{"line":77,"column":null}},"18":{"start":{"line":79,"column":32},"end":{"line":79,"column":42}},"19":{"start":{"line":80,"column":2},"end":{"line":80,"column":null}},"20":{"start":{"line":84,"column":18},"end":{"line":84,"column":null}},"21":{"start":{"line":85,"column":2},"end":{"line":85,"column":null}},"22":{"start":{"line":85,"column":48},"end":{"line":85,"column":null}},"23":{"start":{"line":86,"column":2},"end":{"line":86,"column":null}},"24":{"start":{"line":86,"column":26},"end":{"line":86,"column":null}},"25":{"start":{"line":87,"column":2},"end":{"line":87,"column":null}},"26":{"start":{"line":87,"column":64},"end":{"line":87,"column":null}},"27":{"start":{"line":88,"column":2},"end":{"line":88,"column":null}},"28":{"start":{"line":88,"column":255},"end":{"line":88,"column":null}},"29":{"start":{"line":89,"column":2},"end":{"line":89,"column":null}},"30":{"start":{"line":93,"column":16},"end":{"line":93,"column":null}},"31":{"start":{"line":94,"column":25},"end":{"line":94,"column":null}},"32":{"start":{"line":95,"column":2},"end":{"line":95,"column":null}},"33":{"start":{"line":95,"column":22},"end":{"line":95,"column":null}},"34":{"start":{"line":97,"column":2},"end":{"line":97,"column":null}},"35":{"start":{"line":97,"column":35},"end":{"line":97,"column":null}},"36":{"start":{"line":99,"column":2},"end":{"line":104,"column":null}},"37":{"start":{"line":100,"column":19},"end":{"line":100,"column":null}},"38":{"start":{"line":101,"column":4},"end":{"line":103,"column":null}},"39":{"start":{"line":101,"column":114},"end":{"line":101,"column":138}},"40":{"start":{"line":102,"column":6},"end":{"line":102,"column":null}},"41":{"start":{"line":105,"column":2},"end":{"line":110,"column":null}},"42":{"start":{"line":106,"column":19},"end":{"line":106,"column":null}},"43":{"start":{"line":107,"column":4},"end":{"line":109,"column":null}},"44":{"start":{"line":107,"column":72},"end":{"line":107,"column":96}},"45":{"start":{"line":108,"column":6},"end":{"line":108,"column":null}},"46":{"start":{"line":111,"column":21},"end":{"line":111,"column":null}},"47":{"start":{"line":112,"column":2},"end":{"line":119,"column":null}},"48":{"start":{"line":112,"column":15},"end":{"line":112,"column":38}},"49":{"start":{"line":113,"column":4},"end":{"line":118,"column":null}},"50":{"start":{"line":114,"column":23},"end":{"line":114,"column":null}},"51":{"start":{"line":115,"column":6},"end":{"line":117,"column":null}},"52":{"start":{"line":115,"column":78},"end":{"line":115,"column":102}},"53":{"start":{"line":116,"column":8},"end":{"line":116,"column":null}},"54":{"start":{"line":120,"column":2},"end":{"line":120,"column":null}},"55":{"start":{"line":125,"column":21},"end":{"line":125,"column":null}},"56":{"start":{"line":128,"column":4},"end":{"line":136,"column":null}},"57":{"start":{"line":140,"column":4},"end":{"line":140,"column":null}},"58":{"start":{"line":140,"column":23},"end":{"line":140,"column":null}},"59":{"start":{"line":142,"column":21},"end":{"line":142,"column":null}},"60":{"start":{"line":143,"column":4},"end":{"line":230,"column":null}},"61":{"start":{"line":144,"column":19},"end":{"line":146,"column":null}},"62":{"start":{"line":147,"column":6},"end":{"line":149,"column":null}},"63":{"start":{"line":148,"column":8},"end":{"line":148,"column":null}},"64":{"start":{"line":151,"column":23},"end":{"line":151,"column":null}},"65":{"start":{"line":152,"column":26},"end":{"line":152,"column":null}},"66":{"start":{"line":153,"column":27},"end":{"line":153,"column":null}},"67":{"start":{"line":156,"column":46},"end":{"line":156,"column":null}},"68":{"start":{"line":158,"column":6},"end":{"line":182,"column":null}},"69":{"start":{"line":159,"column":8},"end":{"line":159,"column":null}},"70":{"start":{"line":159,"column":32},"end":{"line":159,"column":null}},"71":{"start":{"line":160,"column":8},"end":{"line":160,"column":null}},"72":{"start":{"line":161,"column":8},"end":{"line":167,"column":null}},"73":{"start":{"line":169,"column":8},"end":{"line":169,"column":null}},"74":{"start":{"line":169,"column":32},"end":{"line":169,"column":null}},"75":{"start":{"line":170,"column":8},"end":{"line":172,"column":null}},"76":{"start":{"line":171,"column":10},"end":{"line":171,"column":null}},"77":{"start":{"line":173,"column":8},"end":{"line":181,"column":null}},"78":{"start":{"line":184,"column":23},"end":{"line":184,"column":null}},"79":{"start":{"line":186,"column":6},"end":{"line":192,"column":null}},"80":{"start":{"line":187,"column":24},"end":{"line":187,"column":null}},"81":{"start":{"line":187,"column":58},"end":{"line":187,"column":60}},"82":{"start":{"line":188,"column":27},"end":{"line":188,"column":null}},"83":{"start":{"line":189,"column":22},"end":{"line":189,"column":null}},"84":{"start":{"line":190,"column":8},"end":{"line":190,"column":null}},"85":{"start":{"line":191,"column":8},"end":{"line":191,"column":null}},"86":{"start":{"line":194,"column":19},"end":{"line":194,"column":null}},"87":{"start":{"line":197,"column":6},"end":{"line":213,"column":null}},"88":{"start":{"line":198,"column":27},"end":{"line":198,"column":null}},"89":{"start":{"line":199,"column":8},"end":{"line":201,"column":null}},"90":{"start":{"line":200,"column":10},"end":{"line":200,"column":null}},"91":{"start":{"line":202,"column":27},"end":{"line":202,"column":null}},"92":{"start":{"line":203,"column":8},"end":{"line":205,"column":null}},"93":{"start":{"line":204,"column":10},"end":{"line":204,"column":null}},"94":{"start":{"line":206,"column":8},"end":{"line":206,"column":null}},"95":{"start":{"line":208,"column":24},"end":{"line":208,"column":null}},"96":{"start":{"line":209,"column":8},"end":{"line":211,"column":null}},"97":{"start":{"line":210,"column":10},"end":{"line":210,"column":null}},"98":{"start":{"line":212,"column":8},"end":{"line":212,"column":null}},"99":{"start":{"line":215,"column":21},"end":{"line":215,"column":null}},"100":{"start":{"line":216,"column":6},"end":{"line":218,"column":null}},"101":{"start":{"line":217,"column":8},"end":{"line":217,"column":null}},"102":{"start":{"line":220,"column":43},"end":{"line":220,"column":null}},"103":{"start":{"line":221,"column":6},"end":{"line":223,"column":null}},"104":{"start":{"line":222,"column":8},"end":{"line":222,"column":null}},"105":{"start":{"line":225,"column":6},"end":{"line":225,"column":null}},"106":{"start":{"line":227,"column":20},"end":{"line":227,"column":null}},"107":{"start":{"line":228,"column":6},"end":{"line":228,"column":null}},"108":{"start":{"line":229,"column":6},"end":{"line":229,"column":null}},"109":{"start":{"line":234,"column":4},"end":{"line":234,"column":null}}},"fnMap":{"0":{"name":"resolveEndpoint","decl":{"start":{"line":32,"column":9},"end":{"line":32,"column":25}},"loc":{"start":{"line":32,"column":76},"end":{"line":40,"column":null}},"line":32},"1":{"name":"sanitizeQueryForPrompt","decl":{"start":{"line":42,"column":9},"end":{"line":42,"column":32}},"loc":{"start":{"line":42,"column":55},"end":{"line":46,"column":null}},"line":42},"2":{"name":"buildSADPass1Prompt","decl":{"start":{"line":48,"column":16},"end":{"line":48,"column":36}},"loc":{"start":{"line":48,"column":59},"end":{"line":56,"column":null}},"line":48},"3":{"name":"buildSADPass2Prompt","decl":{"start":{"line":58,"column":16},"end":{"line":58,"column":36}},"loc":{"start":{"line":58,"column":74},"end":{"line":69,"column":null}},"line":58},"4":{"name":"formatHints","decl":{"start":{"line":71,"column":9},"end":{"line":71,"column":21}},"loc":{"start":{"line":71,"column":49},"end":{"line":81,"column":null}},"line":71},"5":{"name":"(anonymous_5)","decl":{"start":{"line":73,"column":5},"end":{"line":73,"column":10}},"loc":{"start":{"line":73,"column":16},"end":{"line":78,"column":5}},"line":73},"6":{"name":"(anonymous_6)","decl":{"start":{"line":79,"column":5},"end":{"line":79,"column":13}},"loc":{"start":{"line":79,"column":32},"end":{"line":79,"column":42}},"line":79},"7":{"name":"classifyError","decl":{"start":{"line":83,"column":9},"end":{"line":83,"column":23}},"loc":{"start":{"line":83,"column":78},"end":{"line":90,"column":null}},"line":83},"8":{"name":"extractJsonArray","decl":{"start":{"line":92,"column":16},"end":{"line":92,"column":33}},"loc":{"start":{"line":92,"column":57},"end":{"line":121,"column":null}},"line":92},"9":{"name":"(anonymous_9)","decl":{"start":{"line":101,"column":73},"end":{"line":101,"column":80}},"loc":{"start":{"line":101,"column":114},"end":{"line":101,"column":138}},"line":101},"10":{"name":"(anonymous_10)","decl":{"start":{"line":107,"column":40},"end":{"line":107,"column":47}},"loc":{"start":{"line":107,"column":72},"end":{"line":107,"column":96}},"line":107},"11":{"name":"(anonymous_11)","decl":{"start":{"line":115,"column":46},"end":{"line":115,"column":53}},"loc":{"start":{"line":115,"column":78},"end":{"line":115,"column":102}},"line":115},"12":{"name":"constructor","decl":{"start":{"line":127,"column":2},"end":{"line":127,"column":14}},"loc":{"start":{"line":127,"column":39},"end":{"line":137,"column":null}},"line":127},"13":{"name":"decompose","decl":{"start":{"line":139,"column":8},"end":{"line":139,"column":18}},"loc":{"start":{"line":139,"column":133},"end":{"line":231,"column":null}},"line":139},"14":{"name":"(anonymous_14)","decl":{"start":{"line":187,"column":46},"end":{"line":187,"column":58}},"loc":{"start":{"line":187,"column":58},"end":{"line":187,"column":60}},"line":187},"15":{"name":"dispose","decl":{"start":{"line":233,"column":2},"end":{"line":233,"column":18}},"loc":{"start":{"line":233,"column":18},"end":{"line":235,"column":null}},"line":233}},"branchMap":{"0":{"loc":{"start":{"line":33,"column":2},"end":{"line":33,"column":null}},"type":"if","locations":[{"start":{"line":33,"column":2},"end":{"line":33,"column":null}},{"start":{},"end":{}}],"line":33},"1":{"loc":{"start":{"line":34,"column":2},"end":{"line":39,"column":null}},"type":"switch","locations":[{"start":{"line":35,"column":4},"end":{"line":35,"column":null}},{"start":{"line":36,"column":4},"end":{"line":36,"column":null}},{"start":{"line":37,"column":4},"end":{"line":37,"column":null}},{"start":{"line":38,"column":4},"end":{"line":38,"column":null}}],"line":34},"2":{"loc":{"start":{"line":76,"column":6},"end":{"line":76,"column":null}},"type":"if","locations":[{"start":{"line":76,"column":6},"end":{"line":76,"column":null}},{"start":{},"end":{}}],"line":76},"3":{"loc":{"start":{"line":77,"column":27},"end":{"line":77,"column":null}},"type":"binary-expr","locations":[{"start":{"line":77,"column":27},"end":{"line":77,"column":35}},{"start":{"line":77,"column":35},"end":{"line":77,"column":null}}],"line":77},"4":{"loc":{"start":{"line":84,"column":18},"end":{"line":84,"column":null}},"type":"cond-expr","locations":[{"start":{"line":84,"column":41},"end":{"line":84,"column":55}},{"start":{"line":84,"column":55},"end":{"line":84,"column":null}}],"line":84},"5":{"loc":{"start":{"line":85,"column":2},"end":{"line":85,"column":null}},"type":"if","locations":[{"start":{"line":85,"column":2},"end":{"line":85,"column":null}},{"start":{},"end":{}}],"line":85},"6":{"loc":{"start":{"line":85,"column":6},"end":{"line":85,"column":48}},"type":"binary-expr","locations":[{"start":{"line":85,"column":6},"end":{"line":85,"column":28}},{"start":{"line":85,"column":28},"end":{"line":85,"column":48}}],"line":85},"7":{"loc":{"start":{"line":86,"column":2},"end":{"line":86,"column":null}},"type":"if","locations":[{"start":{"line":86,"column":2},"end":{"line":86,"column":null}},{"start":{},"end":{}}],"line":86},"8":{"loc":{"start":{"line":87,"column":2},"end":{"line":87,"column":null}},"type":"if","locations":[{"start":{"line":87,"column":2},"end":{"line":87,"column":null}},{"start":{},"end":{}}],"line":87},"9":{"loc":{"start":{"line":87,"column":6},"end":{"line":87,"column":64}},"type":"binary-expr","locations":[{"start":{"line":87,"column":6},"end":{"line":87,"column":37}},{"start":{"line":87,"column":37},"end":{"line":87,"column":64}}],"line":87},"10":{"loc":{"start":{"line":88,"column":2},"end":{"line":88,"column":null}},"type":"if","locations":[{"start":{"line":88,"column":2},"end":{"line":88,"column":null}},{"start":{},"end":{}}],"line":88},"11":{"loc":{"start":{"line":88,"column":6},"end":{"line":88,"column":255}},"type":"binary-expr","locations":[{"start":{"line":88,"column":6},"end":{"line":88,"column":35}},{"start":{"line":88,"column":35},"end":{"line":88,"column":68}},{"start":{"line":88,"column":68},"end":{"line":88,"column":103}},{"start":{"line":88,"column":103},"end":{"line":88,"column":141}},{"start":{"line":88,"column":141},"end":{"line":88,"column":181}},{"start":{"line":88,"column":181},"end":{"line":88,"column":219}},{"start":{"line":88,"column":219},"end":{"line":88,"column":255}}],"line":88},"12":{"loc":{"start":{"line":95,"column":2},"end":{"line":95,"column":null}},"type":"if","locations":[{"start":{"line":95,"column":2},"end":{"line":95,"column":null}},{"start":{},"end":{}}],"line":95},"13":{"loc":{"start":{"line":97,"column":2},"end":{"line":97,"column":null}},"type":"if","locations":[{"start":{"line":97,"column":2},"end":{"line":97,"column":null}},{"start":{},"end":{}}],"line":97},"14":{"loc":{"start":{"line":101,"column":4},"end":{"line":103,"column":null}},"type":"if","locations":[{"start":{"line":101,"column":4},"end":{"line":103,"column":null}},{"start":{},"end":{}}],"line":101},"15":{"loc":{"start":{"line":101,"column":8},"end":{"line":101,"column":141}},"type":"binary-expr","locations":[{"start":{"line":101,"column":8},"end":{"line":101,"column":43}},{"start":{"line":101,"column":43},"end":{"line":101,"column":141}}],"line":101},"16":{"loc":{"start":{"line":107,"column":4},"end":{"line":109,"column":null}},"type":"if","locations":[{"start":{"line":107,"column":4},"end":{"line":109,"column":null}},{"start":{},"end":{}}],"line":107},"17":{"loc":{"start":{"line":107,"column":8},"end":{"line":107,"column":99}},"type":"binary-expr","locations":[{"start":{"line":107,"column":8},"end":{"line":107,"column":33}},{"start":{"line":107,"column":33},"end":{"line":107,"column":99}}],"line":107},"18":{"loc":{"start":{"line":115,"column":6},"end":{"line":117,"column":null}},"type":"if","locations":[{"start":{"line":115,"column":6},"end":{"line":117,"column":null}},{"start":{},"end":{}}],"line":115},"19":{"loc":{"start":{"line":115,"column":10},"end":{"line":115,"column":105}},"type":"binary-expr","locations":[{"start":{"line":115,"column":10},"end":{"line":115,"column":37}},{"start":{"line":115,"column":37},"end":{"line":115,"column":105}}],"line":115},"20":{"loc":{"start":{"line":129,"column":16},"end":{"line":129,"column":null}},"type":"binary-expr","locations":[{"start":{"line":129,"column":16},"end":{"line":129,"column":33}},{"start":{"line":129,"column":33},"end":{"line":129,"column":null}}],"line":129},"21":{"loc":{"start":{"line":132,"column":14},"end":{"line":132,"column":null}},"type":"binary-expr","locations":[{"start":{"line":132,"column":14},"end":{"line":132,"column":29}},{"start":{"line":132,"column":29},"end":{"line":132,"column":null}}],"line":132},"22":{"loc":{"start":{"line":133,"column":15},"end":{"line":133,"column":null}},"type":"binary-expr","locations":[{"start":{"line":133,"column":15},"end":{"line":133,"column":31}},{"start":{"line":133,"column":31},"end":{"line":133,"column":null}}],"line":133},"23":{"loc":{"start":{"line":134,"column":19},"end":{"line":134,"column":null}},"type":"binary-expr","locations":[{"start":{"line":134,"column":19},"end":{"line":134,"column":39}},{"start":{"line":134,"column":39},"end":{"line":134,"column":null}}],"line":134},"24":{"loc":{"start":{"line":135,"column":17},"end":{"line":135,"column":null}},"type":"binary-expr","locations":[{"start":{"line":135,"column":17},"end":{"line":135,"column":35}},{"start":{"line":135,"column":35},"end":{"line":135,"column":null}}],"line":135},"25":{"loc":{"start":{"line":139,"column":54},"end":{"line":139,"column":72}},"type":"default-arg","locations":[{"start":{"line":139,"column":68},"end":{"line":139,"column":72}}],"line":139},"26":{"loc":{"start":{"line":140,"column":4},"end":{"line":140,"column":null}},"type":"if","locations":[{"start":{"line":140,"column":4},"end":{"line":140,"column":null}},{"start":{},"end":{}}],"line":140},"27":{"loc":{"start":{"line":142,"column":21},"end":{"line":142,"column":null}},"type":"binary-expr","locations":[{"start":{"line":142,"column":21},"end":{"line":142,"column":30}},{"start":{"line":142,"column":30},"end":{"line":142,"column":null}}],"line":142},"28":{"loc":{"start":{"line":144,"column":19},"end":{"line":146,"column":null}},"type":"cond-expr","locations":[{"start":{"line":145,"column":10},"end":{"line":145,"column":null}},{"start":{"line":146,"column":10},"end":{"line":146,"column":null}}],"line":144},"29":{"loc":{"start":{"line":147,"column":6},"end":{"line":149,"column":null}},"type":"if","locations":[{"start":{"line":147,"column":6},"end":{"line":149,"column":null}},{"start":{},"end":{}}],"line":147},"30":{"loc":{"start":{"line":147,"column":10},"end":{"line":147,"column":40}},"type":"binary-expr","locations":[{"start":{"line":147,"column":10},"end":{"line":147,"column":22}},{"start":{"line":147,"column":22},"end":{"line":147,"column":40}}],"line":147},"31":{"loc":{"start":{"line":158,"column":6},"end":{"line":182,"column":null}},"type":"if","locations":[{"start":{"line":158,"column":6},"end":{"line":182,"column":null}},{"start":{"line":168,"column":13},"end":{"line":182,"column":null}}],"line":158},"32":{"loc":{"start":{"line":159,"column":8},"end":{"line":159,"column":null}},"type":"if","locations":[{"start":{"line":159,"column":8},"end":{"line":159,"column":null}},{"start":{},"end":{}}],"line":159},"33":{"loc":{"start":{"line":169,"column":8},"end":{"line":169,"column":null}},"type":"if","locations":[{"start":{"line":169,"column":8},"end":{"line":169,"column":null}},{"start":{},"end":{}}],"line":169},"34":{"loc":{"start":{"line":170,"column":8},"end":{"line":172,"column":null}},"type":"if","locations":[{"start":{"line":170,"column":8},"end":{"line":172,"column":null}},{"start":{},"end":{}}],"line":170},"35":{"loc":{"start":{"line":184,"column":97},"end":{"line":184,"column":123}},"type":"cond-expr","locations":[{"start":{"line":184,"column":106},"end":{"line":184,"column":119}},{"start":{"line":184,"column":119},"end":{"line":184,"column":123}}],"line":184},"36":{"loc":{"start":{"line":186,"column":6},"end":{"line":192,"column":null}},"type":"if","locations":[{"start":{"line":186,"column":6},"end":{"line":192,"column":null}},{"start":{},"end":{}}],"line":186},"37":{"loc":{"start":{"line":191,"column":37},"end":{"line":191,"column":55}},"type":"cond-expr","locations":[{"start":{"line":191,"column":48},"end":{"line":191,"column":52}},{"start":{"line":191,"column":52},"end":{"line":191,"column":55}}],"line":191},"38":{"loc":{"start":{"line":197,"column":6},"end":{"line":213,"column":null}},"type":"if","locations":[{"start":{"line":197,"column":6},"end":{"line":213,"column":null}},{"start":{"line":207,"column":13},"end":{"line":213,"column":null}}],"line":197},"39":{"loc":{"start":{"line":199,"column":8},"end":{"line":201,"column":null}},"type":"if","locations":[{"start":{"line":199,"column":8},"end":{"line":201,"column":null}},{"start":{},"end":{}}],"line":199},"40":{"loc":{"start":{"line":199,"column":12},"end":{"line":199,"column":67}},"type":"binary-expr","locations":[{"start":{"line":199,"column":12},"end":{"line":199,"column":42}},{"start":{"line":199,"column":42},"end":{"line":199,"column":67}}],"line":199},"41":{"loc":{"start":{"line":200,"column":39},"end":{"line":200,"column":57}},"type":"cond-expr","locations":[{"start":{"line":200,"column":50},"end":{"line":200,"column":54}},{"start":{"line":200,"column":54},"end":{"line":200,"column":57}}],"line":200},"42":{"loc":{"start":{"line":203,"column":8},"end":{"line":205,"column":null}},"type":"if","locations":[{"start":{"line":203,"column":8},"end":{"line":205,"column":null}},{"start":{},"end":{}}],"line":203},"43":{"loc":{"start":{"line":203,"column":12},"end":{"line":203,"column":60}},"type":"binary-expr","locations":[{"start":{"line":203,"column":12},"end":{"line":203,"column":32}},{"start":{"line":203,"column":32},"end":{"line":203,"column":60}}],"line":203},"44":{"loc":{"start":{"line":204,"column":39},"end":{"line":204,"column":57}},"type":"cond-expr","locations":[{"start":{"line":204,"column":50},"end":{"line":204,"column":54}},{"start":{"line":204,"column":54},"end":{"line":204,"column":57}}],"line":204},"45":{"loc":{"start":{"line":206,"column":18},"end":{"line":206,"column":null}},"type":"binary-expr","locations":[{"start":{"line":206,"column":18},"end":{"line":206,"column":38}},{"start":{"line":206,"column":38},"end":{"line":206,"column":null}}],"line":206},"46":{"loc":{"start":{"line":209,"column":8},"end":{"line":211,"column":null}},"type":"if","locations":[{"start":{"line":209,"column":8},"end":{"line":211,"column":null}},{"start":{},"end":{}}],"line":209},"47":{"loc":{"start":{"line":209,"column":12},"end":{"line":209,"column":61}},"type":"binary-expr","locations":[{"start":{"line":209,"column":12},"end":{"line":209,"column":39}},{"start":{"line":209,"column":39},"end":{"line":209,"column":61}}],"line":209},"48":{"loc":{"start":{"line":210,"column":39},"end":{"line":210,"column":57}},"type":"cond-expr","locations":[{"start":{"line":210,"column":50},"end":{"line":210,"column":54}},{"start":{"line":210,"column":54},"end":{"line":210,"column":57}}],"line":210},"49":{"loc":{"start":{"line":212,"column":20},"end":{"line":212,"column":null}},"type":"binary-expr","locations":[{"start":{"line":212,"column":20},"end":{"line":212,"column":92}},{"start":{"line":212,"column":92},"end":{"line":212,"column":null}}],"line":212},"50":{"loc":{"start":{"line":216,"column":6},"end":{"line":218,"column":null}},"type":"if","locations":[{"start":{"line":216,"column":6},"end":{"line":218,"column":null}},{"start":{},"end":{}}],"line":216},"51":{"loc":{"start":{"line":221,"column":6},"end":{"line":223,"column":null}},"type":"if","locations":[{"start":{"line":221,"column":6},"end":{"line":223,"column":null}},{"start":{},"end":{}}],"line":221},"52":{"loc":{"start":{"line":221,"column":10},"end":{"line":221,"column":55}},"type":"binary-expr","locations":[{"start":{"line":221,"column":10},"end":{"line":221,"column":35}},{"start":{"line":221,"column":35},"end":{"line":221,"column":55}}],"line":221},"53":{"loc":{"start":{"line":225,"column":31},"end":{"line":225,"column":49}},"type":"cond-expr","locations":[{"start":{"line":225,"column":42},"end":{"line":225,"column":46}},{"start":{"line":225,"column":46},"end":{"line":225,"column":49}}],"line":225},"54":{"loc":{"start":{"line":225,"column":53},"end":{"line":225,"column":90}},"type":"cond-expr","locations":[{"start":{"line":225,"column":73},"end":{"line":225,"column":86}},{"start":{"line":225,"column":86},"end":{"line":225,"column":90}}],"line":225},"55":{"loc":{"start":{"line":229,"column":35},"end":{"line":229,"column":53}},"type":"cond-expr","locations":[{"start":{"line":229,"column":46},"end":{"line":229,"column":50}},{"start":{"line":229,"column":50},"end":{"line":229,"column":53}}],"line":229}},"s":{"0":5,"1":5,"2":31,"3":1,"4":30,"5":1,"6":5,"7":1,"8":23,"9":36,"10":31,"11":5,"12":3,"13":4,"14":4,"15":4,"16":0,"17":4,"18":4,"19":3,"20":14,"21":14,"22":3,"23":11,"24":11,"25":9,"26":1,"27":8,"28":3,"29":5,"30":21,"31":21,"32":21,"33":2,"34":21,"35":1,"36":21,"37":21,"38":21,"39":32,"40":10,"41":11,"42":11,"43":11,"44":7,"45":4,"46":7,"47":7,"48":7,"49":4,"50":4,"51":4,"52":7,"53":2,"54":2,"55":47,"56":47,"57":32,"58":1,"59":31,"60":32,"61":32,"62":32,"63":3,"64":31,"65":31,"66":31,"67":31,"68":31,"69":5,"70":4,"71":5,"72":5,"73":25,"74":24,"75":25,"76":19,"77":25,"78":30,"79":22,"80":6,"81":0,"82":6,"83":6,"84":6,"85":6,"86":16,"87":16,"88":5,"89":5,"90":2,"91":3,"92":3,"93":1,"94":2,"95":11,"96":11,"97":1,"98":10,"99":12,"100":12,"101":1,"102":12,"103":12,"104":2,"105":12,"106":8,"107":8,"108":8,"109":3},"f":{"0":31,"1":36,"2":31,"3":5,"4":3,"5":4,"6":4,"7":14,"8":21,"9":32,"10":7,"11":7,"12":47,"13":32,"14":0,"15":3},"b":{"0":[1,30],"1":[30,5,1,23],"2":[0,4],"3":[4,0],"4":[13,1],"5":[3,11],"6":[14,12],"7":[2,9],"8":[1,8],"9":[9,1],"10":[3,5],"11":[8,3,2,2,1,0,0],"12":[2,19],"13":[1,20],"14":[10,11],"15":[21,10],"16":[4,7],"17":[11,4],"18":[2,2],"19":[4,4],"20":[47,16],"21":[47,17],"22":[47,46],"23":[47,32],"24":[47,32],"25":[32],"26":[1,31],"27":[31,4],"28":[3,28],"29":[3,29],"30":[32,3],"31":[5,25],"32":[4,1],"33":[24,1],"34":[19,6],"35":[3,27],"36":[6,16],"37":[0,6],"38":[5,11],"39":[2,3],"40":[5,4],"41":[0,2],"42":[1,2],"43":[3,1],"44":[0,1],"45":[2,0],"46":[1,10],"47":[11,10],"48":[0,1],"49":[10,0],"50":[1,11],"51":[2,10],"52":[12,2],"53":[2,10],"54":[2,10],"55":[1,7]},"meta":{"lastBranch":56,"lastFunction":16,"lastStatement":110,"seen":{"s:4:6:4:Infinity":0,"s:6:19:6:Infinity":1,"f:32:9:32:25":0,"b:33:2:33:Infinity:undefined:undefined:undefined:undefined":0,"s:33:2:33:Infinity":2,"s:33:15:33:Infinity":3,"b:35:4:35:Infinity:36:4:36:Infinity:37:4:37:Infinity:38:4:38:Infinity":1,"s:34:2:39:Infinity":4,"s:35:19:35:Infinity":5,"s:36:22:36:Infinity":6,"s:37:30:37:Infinity":7,"s:38:13:38:Infinity":8,"f:42:9:42:32":1,"s:43:2:45:Infinity":9,"f:48:16:48:36":2,"s:49:2:52:Infinity":10,"f:58:16:58:36":3,"s:59:2:65:Infinity":11,"f:71:9:71:21":4,"s:72:20:79:Infinity":12,"f:73:5:73:10":5,"s:74:19:74:Infinity":13,"s:75:19:75:Infinity":14,"b:76:6:76:Infinity:undefined:undefined:undefined:undefined":2,"s:76:6:76:Infinity":15,"s:76:17:76:Infinity":16,"s:77:6:77:Infinity":17,"b:77:27:77:35:77:35:77:Infinity":3,"f:79:5:79:13":6,"s:79:32:79:42":18,"s:80:2:80:Infinity":19,"f:83:9:83:23":7,"s:84:18:84:Infinity":20,"b:84:41:84:55:84:55:84:Infinity":4,"b:85:2:85:Infinity:undefined:undefined:undefined:undefined":5,"s:85:2:85:Infinity":21,"b:85:6:85:28:85:28:85:48":6,"s:85:48:85:Infinity":22,"b:86:2:86:Infinity:undefined:undefined:undefined:undefined":7,"s:86:2:86:Infinity":23,"s:86:26:86:Infinity":24,"b:87:2:87:Infinity:undefined:undefined:undefined:undefined":8,"s:87:2:87:Infinity":25,"b:87:6:87:37:87:37:87:64":9,"s:87:64:87:Infinity":26,"b:88:2:88:Infinity:undefined:undefined:undefined:undefined":10,"s:88:2:88:Infinity":27,"b:88:6:88:35:88:35:88:68:88:68:88:103:88:103:88:141:88:141:88:181:88:181:88:219:88:219:88:255":11,"s:88:255:88:Infinity":28,"s:89:2:89:Infinity":29,"f:92:16:92:33":8,"s:93:16:93:Infinity":30,"s:94:25:94:Infinity":31,"b:95:2:95:Infinity:undefined:undefined:undefined:undefined":12,"s:95:2:95:Infinity":32,"s:95:22:95:Infinity":33,"b:97:2:97:Infinity:undefined:undefined:undefined:undefined":13,"s:97:2:97:Infinity":34,"s:97:35:97:Infinity":35,"s:99:2:104:Infinity":36,"s:100:19:100:Infinity":37,"b:101:4:103:Infinity:undefined:undefined:undefined:undefined":14,"s:101:4:103:Infinity":38,"b:101:8:101:43:101:43:101:141":15,"f:101:73:101:80":9,"s:101:114:101:138":39,"s:102:6:102:Infinity":40,"s:105:2:110:Infinity":41,"s:106:19:106:Infinity":42,"b:107:4:109:Infinity:undefined:undefined:undefined:undefined":16,"s:107:4:109:Infinity":43,"b:107:8:107:33:107:33:107:99":17,"f:107:40:107:47":10,"s:107:72:107:96":44,"s:108:6:108:Infinity":45,"s:111:21:111:Infinity":46,"s:112:2:119:Infinity":47,"s:112:15:112:38":48,"s:113:4:118:Infinity":49,"s:114:23:114:Infinity":50,"b:115:6:117:Infinity:undefined:undefined:undefined:undefined":18,"s:115:6:117:Infinity":51,"b:115:10:115:37:115:37:115:105":19,"f:115:46:115:53":11,"s:115:78:115:102":52,"s:116:8:116:Infinity":53,"s:120:2:120:Infinity":54,"s:125:21:125:Infinity":55,"f:127:2:127:14":12,"s:128:4:136:Infinity":56,"b:129:16:129:33:129:33:129:Infinity":20,"b:132:14:132:29:132:29:132:Infinity":21,"b:133:15:133:31:133:31:133:Infinity":22,"b:134:19:134:39:134:39:134:Infinity":23,"b:135:17:135:35:135:35:135:Infinity":24,"f:139:8:139:18":13,"b:139:68:139:72":25,"b:140:4:140:Infinity:undefined:undefined:undefined:undefined":26,"s:140:4:140:Infinity":57,"s:140:23:140:Infinity":58,"s:142:21:142:Infinity":59,"b:142:21:142:30:142:30:142:Infinity":27,"s:143:4:230:Infinity":60,"s:144:19:146:Infinity":61,"b:145:10:145:Infinity:146:10:146:Infinity":28,"b:147:6:149:Infinity:undefined:undefined:undefined:undefined":29,"s:147:6:149:Infinity":62,"b:147:10:147:22:147:22:147:40":30,"s:148:8:148:Infinity":63,"s:151:23:151:Infinity":64,"s:152:26:152:Infinity":65,"s:153:27:153:Infinity":66,"s:156:46:156:Infinity":67,"b:158:6:182:Infinity:168:13:182:Infinity":31,"s:158:6:182:Infinity":68,"b:159:8:159:Infinity:undefined:undefined:undefined:undefined":32,"s:159:8:159:Infinity":69,"s:159:32:159:Infinity":70,"s:160:8:160:Infinity":71,"s:161:8:167:Infinity":72,"b:169:8:169:Infinity:undefined:undefined:undefined:undefined":33,"s:169:8:169:Infinity":73,"s:169:32:169:Infinity":74,"b:170:8:172:Infinity:undefined:undefined:undefined:undefined":34,"s:170:8:172:Infinity":75,"s:171:10:171:Infinity":76,"s:173:8:181:Infinity":77,"s:184:23:184:Infinity":78,"b:184:106:184:119:184:119:184:123":35,"b:186:6:192:Infinity:undefined:undefined:undefined:undefined":36,"s:186:6:192:Infinity":79,"s:187:24:187:Infinity":80,"f:187:46:187:58":14,"s:187:58:187:60":81,"s:188:27:188:Infinity":82,"s:189:22:189:Infinity":83,"s:190:8:190:Infinity":84,"s:191:8:191:Infinity":85,"b:191:48:191:52:191:52:191:55":37,"s:194:19:194:Infinity":86,"b:197:6:213:Infinity:207:13:213:Infinity":38,"s:197:6:213:Infinity":87,"s:198:27:198:Infinity":88,"b:199:8:201:Infinity:undefined:undefined:undefined:undefined":39,"s:199:8:201:Infinity":89,"b:199:12:199:42:199:42:199:67":40,"s:200:10:200:Infinity":90,"b:200:50:200:54:200:54:200:57":41,"s:202:27:202:Infinity":91,"b:203:8:205:Infinity:undefined:undefined:undefined:undefined":42,"s:203:8:205:Infinity":92,"b:203:12:203:32:203:32:203:60":43,"s:204:10:204:Infinity":93,"b:204:50:204:54:204:54:204:57":44,"s:206:8:206:Infinity":94,"b:206:18:206:38:206:38:206:Infinity":45,"s:208:24:208:Infinity":95,"b:209:8:211:Infinity:undefined:undefined:undefined:undefined":46,"s:209:8:211:Infinity":96,"b:209:12:209:39:209:39:209:61":47,"s:210:10:210:Infinity":97,"b:210:50:210:54:210:54:210:57":48,"s:212:8:212:Infinity":98,"b:212:20:212:92:212:92:212:Infinity":49,"s:215:21:215:Infinity":99,"b:216:6:218:Infinity:undefined:undefined:undefined:undefined":50,"s:216:6:218:Infinity":100,"s:217:8:217:Infinity":101,"s:220:43:220:Infinity":102,"b:221:6:223:Infinity:undefined:undefined:undefined:undefined":51,"s:221:6:223:Infinity":103,"b:221:10:221:35:221:35:221:55":52,"s:222:8:222:Infinity":104,"s:225:6:225:Infinity":105,"b:225:42:225:46:225:46:225:49":53,"b:225:73:225:86:225:86:225:90":54,"s:227:20:227:Infinity":106,"s:228:6:228:Infinity":107,"s:229:6:229:Infinity":108,"b:229:46:229:50:229:50:229:53":55,"f:233:2:233:18":15,"s:234:4:234:Infinity":109},"fnNames":{}}}
[...]
:0,"25":1,"26":8,"27":8,"28":1,"29":7,"30":1,"31":7,"32":6,"33":1,"34":5,"35":1,"36":5,"37":5,"38":0,"39":5,"40":2,"41":2,"42":1,"43":1,"44":2},"f":{"0":14,"1":9,"2":0,"3":1,"4":5,"5":2,"6":2},"b":{"0":[14],"1":[14,2,2],"2":[14,11],"3":[14,14],"4":[14,12],"5":[14,13],"6":[2,12],"7":[0,9],"8":[9,0],"9":[1,8],"10":[1,7],"11":[6,1],"12":[1,5],"13":[1,4],"14":[0,5],"15":[1,1]},"meta":{"lastBranch":16,"lastFunction":7,"lastStatement":45,"seen":{"s:4:6:4:Infinity":0,"s:6:22:6:Infinity":1,"s:7:25:7:Infinity":2,"s:8:27:8:Infinity":3,"s:9:27:9:Infinity":4,"s:10:30:10:Infinity":5,"s:21:16:21:Infinity":6,"s:28:21:28:Infinity":7,"f:30:2:30:14":0,"b:30:44:30:48":0,"s:31:4:31:Infinity":8,"b:31:18:31:33:31:33:31:63:31:63:31:Infinity":1,"s:32:4:32:Infinity":9,"b:32:17:32:31:32:31:32:Infinity":2,"s:33:4:33:Infinity":10,"b:33:20:33:37:33:37:33:Infinity":3,"s:34:4:34:Infinity":11,"b:34:22:34:41:34:41:34:Infinity":4,"s:35:4:35:Infinity":12,"b:35:21:35:39:35:39:35:Infinity":5,"b:36:4:38:Infinity:undefined:undefined:undefined:undefined":6,"s:36:4:38:Infinity":13,"s:37:6:37:Infinity":14,"f:41:8:41:14":1,"b:42:4:42:Infinity:undefined:undefined:undefined:undefined":7,"s:42:4:42:Infinity":15,"s:42:23:42:Infinity":16,"s:43:17:47:Infinity":17,"s:49:44:49:Infinity":18,"b:50:4:50:Infinity:undefined:undefined:undefined:undefined":8,"s:50:4:50:Infinity":19,"s:50:21:50:Infinity":20,"s:52:21:57:Infinity":21,"b:58:4:61:Infinity:undefined:undefined:undefined:undefined":9,"s:58:4:61:Infinity":22,"s:59:12:59:Infinity":23,"f:59:45:59:57":2,"s:59:57:59:59":24,"s:60:6:60:Infinity":25,"s:63:17:63:Infinity":26,"b:64:4:66:Infinity:undefined:undefined:undefined:undefined":10,"s:64:4:66:Infinity":27,"s:65:6:65:Infinity":28,"s:67:19:67:Infinity":29,"f:67:29:67:35":3,"s:67:44:67:61":30,"b:68:4:78:Infinity:undefined:undefined:undefined:undefined":11,"s:68:4:78:Infinity":31,"b:69:6:71:Infinity:undefined:undefined:undefined:undefined":12,"s:69:6:71:Infinity":32,"s:70:8:70:Infinity":33,"b:72:6:77:Infinity:undefined:undefined:undefined:undefined":13,"s:72:6:77:Infinity":34,"s:73:8:76:Infinity":35,"s:79:4:84:Infinity":36,"f:79:18:79:23":4,"b:80:6:82:Infinity:undefined:undefined:undefined:undefined":14,"s:80:6:82:Infinity":37,"s:81:8:81:Infinity":38,"s:83:6:83:Infinity":39,"f:87:8:87:20":5,"s:88:20:88:Infinity":40,"b:89:4:89:Infinity:undefined:undefined:undefined:undefined":15,"s:89:4:89:Infinity":41,"s:89:30:89:Infinity":42,"s:90:4:90:Infinity":43,"f:93:2:93:18":6,"s:94:4:94:Infinity":44},"fnNames":{}}}
,"/Users/david/Code/WednesdayAI-plugins-skillweaver/extensions/skillweaver/src/embedding/custom.ts": {"path":"/Users/david/Code/WednesdayAI-plugins-skillweaver/extensions/skillweaver/src/embedding/custom.ts","statementMap":{"0":{"start":{"line":4,"column":6},"end":{"line":4,"column":null}},"1":{"start":{"line":6,"column":27},"end":{"line":6,"column":null}},"2":{"start":{"line":7,"column":30},"end":{"line":7,"column":null}},"3":{"start":{"line":18,"column":16},"end":{"line":18,"column":null}},"4":{"start":{"line":25,"column":21},"end":{"line":25,"column":null}},"5":{"start":{"line":28,"column":4},"end":{"line":30,"column":null}},"6":{"start":{"line":29,"column":6},"end":{"line":29,"column":null}},"7":{"start":{"line":31,"column":4},"end":{"line":31,"column":null}},"8":{"start":{"line":32,"column":4},"end":{"line":32,"column":null}},"9":{"start":{"line":33,"column":4},"end":{"line":33,"column":null}},"10":{"start":{"line":34,"column":4},"end":{"line":34,"column":null}},"11":{"start":{"line":35,"column":4},"end":{"line":35,"column":null}},"12":{"start":{"line":36,"column":4},"end":{"line":38,"column":null}},"13":{"start":{"line":37,"column":6},"end":{"line":37,"column":null}},"14":{"start":{"line":42,"column":4},"end":{"line":42,"column":null}},"15":{"start":{"line":42,"column":23},"end":{"line":42,"column":null}},"16":{"start":{"line":43,"column":17},"end":{"line":47,"column":null}},"17":{"start":{"line":49,"column":44},"end":{"line":49,"column":null}},"18":{"start":{"line":50,"column":4},"end":{"line":50,"column":null}},"19":{"start":{"line":50,"column":21},"end":{"line":50,"column":null}},"20":{"start":{"line":52,"column":21},"end":{"line":57,"column":null}},"21":{"start":{"line":58,"column":4},"end":{"line":61,"column":null}},"22":{"start":{"line":59,"column":12},"end":{"line":59,"column":null}},"23":{"start":{"line":59,"column":57},"end":{"line":59,"column":59}},"24":{"start":{"line":60,"column":6},"end":{"line":60,"column":null}},"25":{"start":{"line":63,"column":17},"end":{"line":63,"column":null}},"26":{"start":{"line":64,"column":4},"end":{"line":66,"column":null}},"27":{"start":{"line":65,"column":6},"end":{"line":65,"column":null}},"28":{"start":{"line":67,"column":19},"end":{"line":67,"column":null}},"29":{"start":{"line":67,"column":44},"end":{"line":67,"column":61}},"30":{"start":{"line":68,"column":4},"end":{"line":78,"column":null}},"31":{"start":{"line":69,"column":6},"end":{"line":71,"column":null}},"32":{"start":{"line":70,"column":8},"end":{"line":70,"column":null}},"33":{"start":{"line":72,"column":6},"end":{"line":77,"column":null}},"34":{"start":{"line":73,"column":8},"end":{"line":76,"column":null}},"35":{"start":{"line":79,"column":4},"end":{"line":84,"column":null}},"36":{"start":{"line":80,"column":6},"end":{"line":82,"column":null}},"37":{"start":{"line":81,"column":8},"end":{"line":81,"column":null}},"38":{"start":{"line":83,"column":6},"end":{"line":83,"column":null}},"39":{"start":{"line":88,"column":20},"end":{"line":88,"column":null}},"40":{"start":{"line":89,"column":4},"end":{"line":89,"column":null}},"41":{"start":{"line":89,"column":30},"end":{"line":89,"column":null}},"42":{"start":{"line":90,"column":4},"end":{"line":90,"column":null}},"43":{"start":{"line":94,"column":4},"end":{"line":94,"column":null}}},"fnMap":{"0":{"name":"constructor","decl":{"start":{"line":27,"column":2},"end":{"line":27,"column":14}},"loc":{"start":{"line":27,"column":44},"end":{"line":39,"column":null}},"line":27},"1":{"name":"embed","decl":{"start":{"line":41,"column":8},"end":{"line":41,"column":14}},"loc":{"start":{"line":41,"column":56},"end":{"line":85,"column":null}},"line":41},"2":{"name":"(anonymous_2)","decl":{"start":{"line":59,"column":45},"end":{"line":59,"column":57}},"loc":{"start":{"line":59,"column":57},"end":{"line":59,"column":59}},"line":59},"3":{"name":"(anonymous_3)","decl":{"start":{"line":67,"column":29},"end":{"line":67,"column":35}},"loc":{"start":{"line":67,"column":44},"end":{"line":67,"column":61}},"line":67},"4":{"name":"(anonymous_4)","decl":{"start":{"line":79,"column":18},"end":{"line":79,"column":23}},"loc":{"start":{"line":79,"column":32},"end":{"line":84,"column":5}},"line":79},"5":{"name":"embedSingle","decl":{"start":{"line":87,"column":8},"end":{"line":87,"column":20}},"loc":{"start":{"line":87,"column":57},"end":{"line":91,"column":null}},"line":87},"6":{"name":"dispose","decl":{"start":{"line":93,"column":2},"end":{"line":93,"column":18}},"loc":{"start":{"line":93,"column":18},"end":{"line":95,"column":null}},"line":93}},"branchMap":{"0":{"loc":{"start":{"line":28,"column":4},"end":{"line":30,"column":null}},"type":"if","locations":[{"start":{"line":28,"column":4},"end":{"line":30,"column":null}},{"start":{},"end":{}}],"line":28},"1":{"loc":{"start":{"line":32,"column":18},"end":{"line":32,"column":null}},"type":"binary-expr","locations":[{"start":{"line":32,"column":18},"end":{"line":32,"column":33}},{"start":{"line":32,"column":33},"end":{"line":32,"column":null}}],"line":32},"2":{"loc":{"start":{"line":33,"column":22},"end":{"line":33,"column":null}},"type":"binary-expr","locations":[{"start":{"line":33,"column":22},"end":{"line":33,"column":41}},{"start":{"line":33,"column":41},"end":{"line":33,"column":null}}],"line":33},"3":{"loc":{"start":{"line":34,"column":17},"end":{"line":34,"column":null}},"type":"binary-expr","locations":[{"start":{"line":34,"column":17},"end":{"line":34,"column":31}},{"start":{"line":34,"column":31},"end":{"line":34,"column":null}}],"line":34},"4":{"loc":{"start":{"line":35,"column":21},"end":{"line":35,"column":null}},"type":"binary-expr","locations":[{"start":{"line":35,"column":21},"end":{"line":35,"column":39}},{"start":{"line":35,"column":39},"end":{"line":35,"column":null}}],"line":35},"5":{"loc":{"start":{"line":36,"column":4},"end":{"line":38,"column":null}},"type":"if","locations":[{"start":{"line":36,"column":4},"end":{"line":38,"column":null}},{"start":{},"end":{}}],"line":36},"6":{"loc":{"start":{"line":42,"column":4},"end":{"line":42,"column":null}},"type":"if","locations":[{"start":{"line":42,"column":4},"end":{"line":42,"column":null}},{"start":{},"end":{}}],"line":42},"7":{"loc":{"start":{"line":50,"column":4},"end":{"line":50,"column":null}},"type":"if","locations":[{"start":{"line":50,"column":4},"end":{"line":50,"column":null}},{"start":{},"end":{}}],"line":50},"8":{"loc":{"start":{"line":58,"column":4},"end":{"line":61,"column":null}},"type":"if","locations":[{"start":{"line":58,"column":4},"end":{"line":61,"column":null}},{"start":{},"end":{}}],"line":58},"9":{"loc":{"start":{"line":64,"column":4},"end":{"line":66,"column":null}},"type":"if","locations":[{"start":{"line":64,"column":4},"end":{"line":66,"column":null}},{"start":{},"end":{}}],"line":64},"10":{"loc":{"start":{"line":68,"column":4},"end":{"line":78,"column":null}},"type":"if","locations":[{"start":{"line":68,"column":4},"end":{"line":78,"column":null}},{"start":{},"end":{}}],"line":68},"11":{"loc":{"start":{"line":69,"column":6},"end":{"line":71,"column":null}},"type":"if","locations":[{"start":{"line":69,"column":6},"end":{"line":71,"column":null}},{"start":{},"end":{}}],"line":69},"12":{"loc":{"start":{"line":72,"column":6},"end":{"line":77,"column":null}},"type":"if","locations":[{"start":{"line":72,"column":6},"end":{"line":77,"column":null}},{"start":{},"end":{}}],"line":72},"13":{"loc":{"start":{"line":80,"column":6},"end":{"line":82,"column":null}},"type":"if","locations":[{"start":{"line":80,"column":6},"end":{"line":82,"column":null}},{"start":{},"end":{}}],"line":80},"14":{"loc":{"start":{"line":89,"column":4},"end":{"line":89,"column":null}},"type":"if","locations":[{"start":{"line":89,"column":4},"end":{"line":89,"column":null}},{"start":{},"end":{}}],"line":89}},"s":{"0":4,"1":4,"2":4,"3":15,"4":15,"5":15,"6":1,"7":14,"8":14,"9":15,"10":15,"11":15,"12":15,"13":13,"14":10,"15":0,"16":10,"17":10,"18":10,"19":1,"20":10,"21":10,"22":1,"23":0,"24":1,"25":9,"26":9,"27":1,"28":8,"29":0,"30":8,"31":7,"32":1,"33":6,"34":1,"35":6,"36":5,"37":0,"38":5,"39":2,"40":2,"41":1,"42":1,"43":1},"f":{"0":15,"1":10,"2":0,"3":0,"4":5,"5":2,"6":1},"b":{"0":[1,14],"1":[14,13],"2":[15,12],"3":[15,12],"4":[15,13],"5":[13,2],"6":[0,10],"7":[1,9],"8":[1,9],"9":[1,8],"10":[7,1],"11":[1,6],"12":[1,5],"13":[0,5],"14":[1,1]},"meta":{"lastBranch":15,"lastFunction":7,"lastStatement":44,"seen":{"s:4:6:4:Infinity":0,"s:6:27:6:Infinity":1,"s:7:30:7:Infinity":2,"s:18:16:18:Infinity":3,"s:25:21:25:Infinity":4,"f:27:2:27:14":0,"b:28:4:30:Infinity:undefined:undefined:undefined:undefined":0,"s:28:4:30:Infinity":5,"s:29:6:29:Infinity":6,"s:31:4:31:Infinity":7,"s:32:4:32:Infinity":8,"b:32:18:32:33:32:33:32:Infinity":1,"s:33:4:33:Infinity":9,"b:33:22:33:41:33:41:33:Infinity":2,"s:34:4:34:Infinity":10,"b:34:17:34:31:34:31:34:Infinity":3,"s:35:4:35:Infinity":11,"b:35:21:35:39:35:39:35:Infinity":4,"b:36:4:38:Infinity:undefined:undefined:undefined:undefined":5,"s:36:4:38:Infinity":12,"s:37:6:37:Infinity":13,"f:41:8:41:14":1,"b:42:4:42:Infinity:undefined:undefined:undefined:undefined":6,"s:42:4:42:Infinity":14,"s:42:23:42:Infinity":15,"s:43:17:47:Infinity":16,"s:49:44:49:Infinity":17,"b:50:4:50:Infinity:undefined:undefined:undefined:undefined":7,"s:50:4:50:Infinity":18,"s:50:21:50:Infinity":19,"s:52:21:57:Infinity":20,"b:58:4:61:Infinity:undefined:undefined:undefined:undefined":8,"s:58:4:61:Infinity":21,"s:59:12:59:Infinity":22,"f:59:45:59:57":2,"s:59:57:59:59":23,"s:60:6:60:Infinity":24,"s:63:17:63:Infinity":25,"b:64:4:66:Infinity:undefined:undefined:undefined:undefined":9,"s:64:4:66:Infinity":26,"s:65:6:65:Infinity":27,"s:67:19:67:Infinity":28,"f:67:29:67:35":3,"s:67:44:67:61":29,"b:68:4:78:Infinity:undefined:undefined:undefined:undefined":10,"s:68:4:78:Infinity":30,"b:69:6:71:Infinity:undefined:undefined:undefined:undefined":11,"s:69:6:71:Infinity":31,"s:70:8:70:Infinity":32,"b:72:6:77:Infinity:undefined:undefined:undefined:undefined":12,"s:72:6:77:Infinity":33,"s:73:8:76:Infinity":34,"s:79:4:84:Infinity":35,"f:79:18:79:23":4,"b:80:6:82:Infinity:undefined:undefined:undefined:undefined":13,"s:80:6:82:Infinity":36,"s:81:8:81:Infinity":37,"s:83:6:83:Infinity":38,"f:87:8:87:20":5,"s:88:20:88:Infinity":39,"b:89:4:89:Infinity:undefined:undefined:undefined:undefined":14,"s:89:4:89:Infinity":40,"s:89:30:89:Infinity":41,"s:90:4:90:Infinity":42,"f:93:2:93:18":6,"s:94:4:94:Infinity":43},"fnNames":{}}}
,"/Users/david/Code/WednesdayAI-plugins-skillweaver/extensions/skillweaver/src/embedding/local.ts": {"path":"/Users/david/Code/WednesdayAI-plugins-skillweaver/extensions/skillweaver/src/embedding/local.ts","statementMap":{"0":{"start":{"line":3,"column":22},"end":{"line":3,"column":null}},"1":{"start":{"line":4,"column":19},"end":{"line":4,"column":null}},"2":{"start":{"line":7,"column":16},"end":{"line":7,"column":null}},"3":{"start":{"line":8,"column":24},"end":{"line":8,"column":null}},"4":{"start":{"line":12,"column":40},"end":{"line":12,"column":null}},"5":{"start":{"line":13,"column":21},"end":{"line":13,"column":null}},"6":{"start":{"line":16,"column":4},"end":{"line":16,"column":null}},"7":{"start":{"line":17,"column":4},"end":{"line":20,"column":null}},"8":{"start":{"line":18,"column":6},"end":{"line":18,"column":null}},"9":{"start":{"line":19,"column":6},"end":{"line":19,"column":null}},"10":{"start":{"line":26,"column":25},"end":{"line":26,"column":null}},"11":{"start":{"line":27,"column":24},"end":{"line":27,"column":null}},"12":{"start":{"line":28,"column":4},"end":{"line":28,"column":null}},"13":{"start":{"line":32,"column":4},"end":{"line":32,"column":null}},"14":{"start":{"line":32,"column":23},"end":{"line":32,"column":null}},"15":{"start":{"line":33,"column":4},"end":{"line":33,"column":null}},"16":{"start":{"line":33,"column":28},"end":{"line":33,"column":null}},"17":{"start":{"line":34,"column":4},"end":{"line":34,"column":null}},"18":{"start":{"line":34,"column":24},"end":{"line":34,"column":null}},"19":{"start":{"line":35,"column":17},"end":{"line":35,"column":null}},"20":{"start":{"line":36,"column":4},"end":{"line":36,"column":null}},"21":{"start":{"line":36,"column":23},"end":{"line":36,"column":null}},"22":{"start":{"line":37,"column":36},"end":{"line":37,"column":null}},"23":{"start":{"line":38,"column":4},"end":{"line":42,"column":null}},"24":{"start":{"line":39,"column":21},"end":{"line":39,"column":null}},"25":{"start":{"line":40,"column":19},"end":{"line":40,"column":null}},"26":{"start":{"line":41,"column":6},"end":{"line":41,"column":null}},"27":{"start":{"line":43,"column":4},"end":{"line":43,"column":null}},"28":{"start":{"line":47,"column":20},"end":{"line":47,"column":null}},"29":{"start":{"line":48,"column":4},"end":{"line":48,"column":null}},"30":{"start":{"line":52,"column":4},"end":{"line":52,"column":null}},"31":{"start":{"line":53,"column":4},"end":{"line":53,"column":null}},"32":{"start":{"line":54,"column":4},"end":{"line":54,"column":null}}},"fnMap":{"0":{"name":"constructor","decl":{"start":{"line":15,"column":2},"end":{"line":15,"column":14}},"loc":{"start":{"line":15,"column":49},"end":{"line":21,"column":null}},"line":15},"1":{"name":"(anonymous_1)","decl":{"start":{"line":17,"column":18},"end":{"line":17,"column":25}},"loc":{"start":{"line":17,"column":42},"end":{"line":20,"column":5}},"line":17},"2":{"name":"loadPipeline","decl":{"start":{"line":23,"column":16},"end":{"line":23,"column":29}},"loc":{"start":{"line":23,"column":66},"end":{"line":29,"column":null}},"line":23},"3":{"name":"embed","decl":{"start":{"line":31,"column":8},"end":{"line":31,"column":14}},"loc":{"start":{"line":31,"column":56},"end":{"line":44,"column":null}},"line":31},"4":{"name":"embedSingle","decl":{"start":{"line":46,"column":8},"end":{"line":46,"column":20}},"loc":{"start":{"line":46,"column":57},"end":{"line":49,"column":null}},"line":46},"5":{"name":"dispose","decl":{"start":{"line":51,"column":2},"end":{"line":51,"column":18}},"loc":{"start":{"line":51,"column":18},"end":{"line":55,"column":null}},"line":51}},"branchMap":{"0":{"loc":{"start":{"line":15,"column":14},"end":{"line":15,"column":49}},"type":"default-arg","locations":[{"start":{"line":15,"column":34},"end":{"line":15,"column":49}}],"line":15},"1":{"loc":{"start":{"line":18,"column":27},"end":{"line":18,"column":null}},"type":"cond-expr","locations":[{"start":{"line":18,"column":50},"end":{"line":18,"column":56}},{"start":{"line":18,"column":56},"end":{"line":18,"column":null}}],"line":18},"2":{"loc":{"start":{"line":27,"column":24},"end":{"line":27,"column":null}},"type":"cond-expr","locations":[{"start":{"line":27,"column":58},"end":{"line":27,"column":70}},{"start":{"line":27,"column":70},"end":{"line":27,"column":null}}],"line":27},"3":{"loc":{"start":{"line":32,"column":4},"end":{"line":32,"column":null}},"type":"if","locations":[{"start":{"line":32,"column":4},"end":{"line":32,"column":null}},{"start":{},"end":{}}],"line":32},"4":{"loc":{"start":{"line":33,"column":4},"end":{"line":33,"column":null}},"type":"if","locations":[{"start":{"line":33,"column":4},"end":{"line":33,"column":null}},{"start":{},"end":{}}],"line":33},"5":{"loc":{"start":{"line":34,"column":4},"end":{"line":34,"column":null}},"type":"if","locations":[{"start":{"line":34,"column":4},"end":{"line":34,"column":null}},{"start":{},"end":{}}],"line":34},"6":{"loc":{"start":{"line":36,"column":4},"end":{"line":36,"column":null}},"type":"if","locations":[{"start":{"line":36,"column":4},"end":{"line":36,"column":null}},{"start":{},"end":{}}],"line":36},"7":{"loc":{"start":{"line":40,"column":19},"end":{"line":40,"column":null}},"type":"cond-expr","locations":[{"start":{"line":40,"column":57},"end":{"line":40,"column":71}},{"start":{"line":40,"column":71},"end":{"line":40,"column":null}}],"line":40}},"s":{"0":3,"1":3,"2":21,"3":21,"4":21,"5":21,"6":21,"7":21,"8":2,"9":2,"10":21,"11":21,"12":21,"13":7,"14":3,"15":4,"16":4,"17":2,"18":2,"19":2,"20":2,"21":0,"22":2,"23":2,"24":3,"25":3,"26":3,"27":2,"28":2,"29":1,"30":7,"31":7,"32":7},"f":{"0":21,"1":2,"2":21,"3":7,"4":2,"5":7},"b":{"0":[21],"1":[2,0],"2":[1,20],"3":[3,4],"4":[2,2],"5":[0,2],"6":[0,2],"7":[0,3]},"meta":{"lastBranch":8,"lastFunction":6,"lastStatement":33,"seen":{"s:3:22:3:Infinity":0,"s:4:19:4:Infinity":1,"s:7:16:7:Infinity":2,"s:8:24:8:Infinity":3,"s:12:40:12:Infinity":4,"s:13:21:13:Infinity":5,"f:15:2:15:14":0,"b:15:34:15:49":0,"s:16:4:16:Infinity":6,"s:17:4:20:Infinity":7,"f:17:18:17:25":1,"s:18:6:18:Infinity":8,"b:18:50:18:56:18:56:18:Infinity":1,"s:19:6:19:Infinity":9,"f:23:16:23:29":2,"s:26:25:26:Infinity":10,"s:27:24:27:Infinity":11,"b:27:58:27:70:27:70:27:Infinity":2,"s:28:4:28:Infinity":12,"f:31:8:31:14":3,"b:32:4:32:Infinity:undefined:undefined:undefined:undefined":3,"s:32:4:32:Infinity":13,"s:32:23:32:Infinity":14,"b:33:4:33:Infinity:undefined:undefined:undefined:undefined":4,"s:33:4:33:Infinity":15,"s:33:28:33:Infinity":16,"b:34:4:34:Infinity:undefined:undefined:undefined:undefined":5,"s:34:4:34:Infinity":17,"s:34:24:34:Infinity":18,"s:35:17:35:Infinity":19,"b:36:4:36:Infinity:undefined:undefined:undefined:undefined":6,"s:36:4:36:Infinity":20,"s:36:23:36:Infinity":21,"s:37:36:37:Infinity":22,"s:38:4:42:Infinity":23,"s:39:21:39:Infinity":24,"s:40:19:40:Infinity":25,"b:40:57:40:71:40:71:40:Infinity":7,"s:41:6:41:Infinity":26,"s:43:4:43:Infinity":27,"f:46:8:46:20":4,"s:47:20:47:Infinity":28,"s:48:4:48:Infinity":29,"f:51:2:51:18":5,"s:52:4:52:Infinity":30,"s:53:4:53:Infinity":31,"s:54:4:54:Infinity":32},"fnNames":{}}}
}
