{"/Users/david/Code/WednesdayAI-plugins-skillweaver/extensions/skillweaver/index.ts": {"path":"/Users/david/Code/WednesdayAI-plugins-skillweaver/extensions/skillweaver/index.ts","statementMap":{"0":{"start":{"line":15,"column":6},"end":{"line":15,"column":null}},"1":{"start":{"line":18,"column":2},"end":{"line":33,"column":null}},"2":{"start":{"line":20,"column":6},"end":{"line":20,"column":null}},"3":{"start":{"line":22,"column":6},"end":{"line":25,"column":null}},"4":{"start":{"line":27,"column":6},"end":{"line":30,"column":null}},"5":{"start":{"line":32,"column":6},"end":{"line":32,"column":null}},"6":{"start":{"line":37,"column":13},"end":{"line":37,"column":null}},"7":{"start":{"line":38,"column":15},"end":{"line":38,"column":null}},"8":{"start":{"line":39,"column":13},"end":{"line":39,"column":null}},"9":{"start":{"line":40,"column":32},"end":{"line":40,"column":null}},"10":{"start":{"line":42,"column":25},"end":{"line":42,"column":null}},"11":{"start":{"line":43,"column":2},"end":{"line":49,"column":null}},"12":{"start":{"line":44,"column":29},"end":{"line":44,"column":null}},"13":{"start":{"line":45,"column":4},"end":{"line":48,"column":null}},"14":{"start":{"line":46,"column":6},"end":{"line":46,"column":null}},"15":{"start":{"line":47,"column":6},"end":{"line":47,"column":null}},"16":{"start":{"line":51,"column":8},"end":{"line":51,"column":null}},"17":{"start":{"line":51,"column":45},"end":{"line":51,"column":null}},"18":{"start":{"line":53,"column":2},"end":{"line":81,"column":null}},"19":{"start":{"line":54,"column":4},"end":{"line":80,"column":null}},"20":{"start":{"line":55,"column":20},"end":{"line":55,"column":null}},"21":{"start":{"line":56,"column":6},"end":{"line":77,"column":null}},"22":{"start":{"line":57,"column":8},"end":{"line":57,"column":null}},"23":{"start":{"line":57,"column":33},"end":{"line":57,"column":null}},"24":{"start":{"line":58,"column":26},"end":{"line":58,"column":null}},"25":{"start":{"line":59,"column":8},"end":{"line":76,"column":null}},"26":{"start":{"line":60,"column":26},"end":{"line":60,"column":null}},"27":{"start":{"line":61,"column":29},"end":{"line":61,"column":null}},"28":{"start":{"line":62,"column":26},"end":{"line":62,"column":null}},"29":{"start":{"line":63,"column":10},"end":{"line":63,"column":null}},"30":{"start":{"line":63,"column":24},"end":{"line":63,"column":null}},"31":{"start":{"line":64,"column":25},"end":{"line":64,"column":null}},"32":{"start":{"line":65,"column":28},"end":{"line":65,"column":null}},"33":{"start":{"line":66,"column":28},"end":{"line":66,"column":null}},"34":{"start":{"line":67,"column":10},"end":{"line":67,"column":null}},"35":{"start":{"line":67,"column":26},"end":{"line":67,"column":null}},"36":{"start":{"line":68,"column":10},"end":{"line":73,"column":null}},"37":{"start":{"line":75,"column":10},"end":{"line":75,"column":null}},"38":{"start":{"line":79,"column":6},"end":{"line":79,"column":null}},"39":{"start":{"line":83,"column":2},"end":{"line":83,"column":null}},"40":{"start":{"line":86,"column":15},"end":{"line":166,"column":null}},"41":{"start":{"line":93,"column":23},"end":{"line":93,"column":null}},"42":{"start":{"line":94,"column":10},"end":{"line":94,"column":null}},"43":{"start":{"line":95,"column":4},"end":{"line":95,"column":null}},"44":{"start":{"line":97,"column":4},"end":{"line":100,"column":null}},"45":{"start":{"line":98,"column":6},"end":{"line":98,"column":null}},"46":{"start":{"line":99,"column":6},"end":{"line":99,"column":null}},"47":{"start":{"line":102,"column":10},"end":{"line":102,"column":null}},"48":{"start":{"line":103,"column":4},"end":{"line":111,"column":null}},"49":{"start":{"line":104,"column":6},"end":{"line":110,"column":null}},"50":{"start":{"line":113,"column":20},"end":{"line":113,"column":null}},"51":{"start":{"line":114,"column":18},"end":{"line":114,"column":null}},"52":{"start":{"line":116,"column":23},"end":{"line":123,"column":null}},"53":{"start":{"line":125,"column":10},"end":{"line":128,"column":null}},"54":{"start":{"line":130,"column":10},"end":{"line":136,"column":null}},"55":{"start":{"line":138,"column":4},"end":{"line":138,"column":null}},"56":{"start":{"line":140,"column":19},"end":{"line":140,"column":null}},"57":{"start":{"line":141,"column":4},"end":{"line":147,"column":null}},"58":{"start":{"line":142,"column":6},"end":{"line":142,"column":null}},"59":{"start":{"line":142,"column":20},"end":{"line":142,"column":null}},"60":{"start":{"line":143,"column":6},"end":{"line":143,"column":null}},"61":{"start":{"line":144,"column":6},"end":{"line":144,"column":null}},"62":{"start":{"line":145,"column":6},"end":{"line":145,"column":null}},"63":{"start":{"line":146,"column":6},"end":{"line":146,"column":null}},"64":{"start":{"line":149,"column":4},"end":{"line":162,"column":null}},"65":{"start":{"line":150,"column":6},"end":{"line":159,"column":null}},"66":{"start":{"line":151,"column":8},"end":{"line":156,"column":null}},"67":{"start":{"line":152,"column":10},"end":{"line":155,"column":null}},"68":{"start":{"line":153,"column":27},"end":{"line":153,"column":null}},"69":{"start":{"line":154,"column":12},"end":{"line":154,"column":null}},"70":{"start":{"line":158,"column":8},"end":{"line":158,"column":null}},"71":{"start":{"line":161,"column":6},"end":{"line":161,"column":null}},"72":{"start":{"line":164,"column":4},"end":{"line":164,"column":null}}},"fnMap":{"0":{"name":"resolveBackend","decl":{"start":{"line":17,"column":9},"end":{"line":17,"column":24}},"loc":{"start":{"line":17,"column":84},"end":{"line":34,"column":null}},"line":17},"1":{"name":"discoverSkills","decl":{"start":{"line":36,"column":15},"end":{"line":36,"column":30}},"loc":{"start":{"line":36,"column":123},"end":{"line":84,"column":null}},"line":36},"2":{"name":"(anonymous_2)","decl":{"start":{"line":51,"column":8},"end":{"line":51,"column":23}},"loc":{"start":{"line":51,"column":45},"end":{"line":51,"column":null}},"line":51},"3":{"name":"register","decl":{"start":{"line":92,"column":2},"end":{"line":92,"column":11}},"loc":{"start":{"line":92,"column":35},"end":{"line":165,"column":null}},"line":92},"4":{"name":"(anonymous_4)","decl":{"start":{"line":141,"column":27},"end":{"line":141,"column":39}},"loc":{"start":{"line":141,"column":39},"end":{"line":147,"column":5}},"line":141},"5":{"name":"(anonymous_5)","decl":{"start":{"line":149,"column":27},"end":{"line":149,"column":33}},"loc":{"start":{"line":149,"column":54},"end":{"line":160,"column":5}},"line":149},"6":{"name":"(anonymous_6)","decl":{"start":{"line":150,"column":26},"end":{"line":150,"column":37}},"loc":{"start":{"line":150,"column":37},"end":{"line":157,"column":7}},"line":150},"7":{"name":"(anonymous_7)","decl":{"start":{"line":152,"column":27},"end":{"line":152,"column":39}},"loc":{"start":{"line":152,"column":39},"end":{"line":155,"column":11}},"line":152},"8":{"name":"(anonymous_8)","decl":{"start":{"line":157,"column":9},"end":{"line":157,"column":16}},"loc":{"start":{"line":157,"column":33},"end":{"line":159,"column":7}},"line":157},"9":{"name":"(anonymous_9)","decl":{"start":{"line":160,"column":7},"end":{"line":160,"column":14}},"loc":{"start":{"line":160,"column":31},"end":{"line":162,"column":5}},"line":160}},"branchMap":{"0":{"loc":{"start":{"line":18,"column":2},"end":{"line":33,"column":null}},"type":"switch","locations":[{"start":{"line":19,"column":4},"end":{"line":20,"column":null}},{"start":{"line":21,"column":4},"end":{"line":25,"column":null}},{"start":{"line":26,"column":4},"end":{"line":30,"column":null}},{"start":{"line":31,"column":4},"end":{"line":32,"column":null}}],"line":18},"1":{"loc":{"start":{"line":42,"column":30},"end":{"line":42,"column":56}},"type":"binary-expr","locations":[{"start":{"line":42,"column":30},"end":{"line":42,"column":53}},{"start":{"line":42,"column":53},"end":{"line":42,"column":56}}],"line":42},"2":{"loc":{"start":{"line":43,"column":2},"end":{"line":49,"column":null}},"type":"if","locations":[{"start":{"line":43,"column":2},"end":{"line":49,"column":null}},{"start":{},"end":{}}],"line":43},"3":{"loc":{"start":{"line":57,"column":8},"end":{"line":57,"column":null}},"type":"if","locations":[{"start":{"line":57,"column":8},"end":{"line":57,"column":null}},{"start":{},"end":{}}],"line":57},"4":{"loc":{"start":{"line":63,"column":10},"end":{"line":63,"column":null}},"type":"if","locations":[{"start":{"line":63,"column":10},"end":{"line":63,"column":null}},{"start":{},"end":{}}],"line":63},"5":{"loc":{"start":{"line":67,"column":10},"end":{"line":67,"column":null}},"type":"if","locations":[{"start":{"line":67,"column":10},"end":{"line":67,"column":null}},{"start":{},"end":{}}],"line":67},"6":{"loc":{"start":{"line":70,"column":37},"end":{"line":70,"column":82}},"type":"binary-expr","locations":[{"start":{"line":70,"column":37},"end":{"line":70,"column":63}},{"start":{"line":70,"column":63},"end":{"line":70,"column":82}}],"line":70},"7":{"loc":{"start":{"line":93,"column":23},"end":{"line":93,"column":null}},"type":"binary-expr","locations":[{"start":{"line":93,"column":23},"end":{"line":93,"column":43}},{"start":{"line":93,"column":43},"end":{"line":93,"column":null}}],"line":93},"8":{"loc":{"start":{"line":97,"column":4},"end":{"line":100,"column":null}},"type":"if","locations":[{"start":{"line":97,"column":4},"end":{"line":100,"column":null}},{"start":{},"end":{}}],"line":97},"9":{"loc":{"start":{"line":103,"column":4},"end":{"line":111,"column":null}},"type":"if","locations":[{"start":{"line":103,"column":4},"end":{"line":111,"column":null}},{"start":{},"end":{}}],"line":103},"10":{"loc":{"start":{"line":103,"column":8},"end":{"line":103,"column":62}},"type":"binary-expr","locations":[{"start":{"line":103,"column":8},"end":{"line":103,"column":36}},{"start":{"line":103,"column":36},"end":{"line":103,"column":62}}],"line":103},"11":{"loc":{"start":{"line":142,"column":6},"end":{"line":142,"column":null}},"type":"if","locations":[{"start":{"line":142,"column":6},"end":{"line":142,"column":null}},{"start":{},"end":{}}],"line":142}},"s":{"0":2,"1":15,"2":13,"3":1,"4":1,"5":0,"6":15,"7":15,"8":15,"9":15,"10":15,"11":15,"12":15,"13":15,"14":15,"15":0,"16":11,"17":0,"18":11,"19":0,"20":0,"21":0,"22":0,"23":0,"24":0,"25":0,"26":0,"27":0,"28":0,"29":0,"30":0,"31":0,"32":0,"33":0,"34":0,"35":0,"36":0,"37":0,"38":0,"39":11,"40":2,"41":18,"42":18,"43":18,"44":18,"45":2,"46":2,"47":15,"48":15,"49":0,"50":15,"51":15,"52":15,"53":15,"54":15,"55":15,"56":15,"57":15,"58":0,"59":0,"60":0,"61":0,"62":0,"63":0,"64":15,"65":11,"66":11,"67":0,"68":0,"69":0,"70":0,"71":0,"72":15},"f":{"0":15,"1":15,"2":0,"3":18,"4":0,"5":11,"6":11,"7":0,"8":0,"9":0},"b":{"0":[13,1,1,0],"1":[15,0],"2":[15,0],"3":[0,0],"4":[0,0],"5":[0,0],"6":[0,0],"7":[18,1],"8":[2,16],"9":[0,15],"10":[15,15],"11":[0,0]},"meta":{"lastBranch":12,"lastFunction":10,"lastStatement":73,"seen":{"s:15:6:15:Infinity":0,"f:17:9:17:24":0,"b:19:4:20:Infinity:21:4:25:Infinity:26:4:30:Infinity:31:4:32:Infinity":0,"s:18:2:33:Infinity":1,"s:20:6:20:Infinity":2,"s:22:6:25:Infinity":3,"s:27:6:30:Infinity":4,"s:32:6:32:Infinity":5,"f:36:15:36:30":1,"s:37:13:37:Infinity":6,"s:38:15:38:Infinity":7,"s:39:13:39:Infinity":8,"s:40:32:40:Infinity":9,"s:42:25:42:Infinity":10,"b:42:30:42:53:42:53:42:56":1,"b:43:2:49:Infinity:undefined:undefined:undefined:undefined":2,"s:43:2:49:Infinity":11,"s:44:29:44:Infinity":12,"s:45:4:48:Infinity":13,"s:46:6:46:Infinity":14,"s:47:6:47:Infinity":15,"s:51:8:51:Infinity":16,"f:51:8:51:23":2,"s:51:45:51:Infinity":17,"s:53:2:81:Infinity":18,"s:54:4:80:Infinity":19,"s:55:20:55:Infinity":20,"s:56:6:77:Infinity":21,"b:57:8:57:Infinity:undefined:undefined:undefined:undefined":3,"s:57:8:57:Infinity":22,"s:57:33:57:Infinity":23,"s:58:26:58:Infinity":24,"s:59:8:76:Infinity":25,"s:60:26:60:Infinity":26,"s:61:29:61:Infinity":27,"s:62:26:62:Infinity":28,"b:63:10:63:Infinity:undefined:undefined:undefined:undefined":4,"s:63:10:63:Infinity":29,"s:63:24:63:Infinity":30,"s:64:25:64:Infinity":31,"s:65:28:65:Infinity":32,"s:66:28:66:Infinity":33,"b:67:10:67:Infinity:undefined:undefined:undefined:undefined":5,"s:67:10:67:Infinity":34,"s:67:26:67:Infinity":35,"s:68:10:73:Infinity":36,"b:70:37:70:63:70:63:70:82":6,"s:75:10:75:Infinity":37,"s:79:6:79:Infinity":38,"s:83:2:83:Infinity":39,"s:86:15:166:Infinity":40,"f:92:2:92:11":3,"s:93:23:93:Infinity":41,"b:93:23:93:43:93:43:93:Infinity":7,"s:94:10:94:Infinity":42,"s:95:4:95:Infinity":43,"b:97:4:100:Infinity:undefined:undefined:undefined:undefined":8,"s:97:4:100:Infinity":44,"s:98:6:98:Infinity":45,"s:99:6:99:Infinity":46,"s:102:10:102:Infinity":47,"b:103:4:111:Infinity:undefined:undefined:undefined:undefined":9,"s:103:4:111:Infinity":48,"b:103:8:103:36:103:36:103:62":10,"s:104:6:110:Infinity":49,"s:113:20:113:Infinity":50,"s:114:18:114:Infinity":51,"s:116:23:123:Infinity":52,"s:125:10:128:Infinity":53,"s:130:10:136:Infinity":54,"s:138:4:138:Infinity":55,"s:140:19:140:Infinity":56,"s:141:4:147:Infinity":57,"f:141:27:141:39":4,"b:142:6:142:Infinity:undefined:undefined:undefined:undefined":11,"s:142:6:142:Infinity":58,"s:142:20:142:Infinity":59,"s:143:6:143:Infinity":60,"s:144:6:144:Infinity":61,"s:145:6:145:Infinity":62,"s:146:6:146:Infinity":63,"s:149:4:162:Infinity":64,"f:149:27:149:33":5,"s:150:6:159:Infinity":65,"f:150:26:150:37":6,"s:151:8:156:Infinity":66,"s:152:10:155:Infinity":67,"f:152:27:152:39":7,"s:153:27:153:Infinity":68,"s:154:12:154:Infinity":69,"f:157:9:157:16":8,"s:158:8:158:Infinity":70,"f:160:7:160:14":9,"s:161:6:161:Infinity":71,"s:164:4:164:Infinity":72},"fnNames":{}}}
,"/Users/david/Code/WednesdayAI-plugins-skillweaver/extensions/skillweaver/src/config.ts": {"path":"/Users/david/Code/WednesdayAI-plugins-skillweaver/extensions/skillweaver/src/config.ts","statementMap":{"0":{"start":{"line":31,"column":17},"end":{"line":55,"column":null}},"1":{"start":{"line":57,"column":23},"end":{"line":57,"column":null}},"2":{"start":{"line":58,"column":24},"end":{"line":58,"column":null}},"3":{"start":{"line":61,"column":8},"end":{"line":62,"column":null}},"4":{"start":{"line":62,"column":4},"end":{"line":62,"column":null}},"5":{"start":{"line":64,"column":21},"end":{"line":64,"column":null}},"6":{"start":{"line":65,"column":20},"end":{"line":65,"column":null}},"7":{"start":{"line":66,"column":20},"end":{"line":66,"column":null}},"8":{"start":{"line":67,"column":14},"end":{"line":67,"column":null}},"9":{"start":{"line":68,"column":20},"end":{"line":68,"column":null}},"10":{"start":{"line":69,"column":18},"end":{"line":69,"column":null}},"11":{"start":{"line":70,"column":15},"end":{"line":74,"column":null}},"12":{"start":{"line":73,"column":43},"end":{"line":73,"column":80}},"13":{"start":{"line":75,"column":17},"end":{"line":75,"column":null}},"14":{"start":{"line":78,"column":4},"end":{"line":78,"column":null}},"15":{"start":{"line":78,"column":32},"end":{"line":78,"column":null}},"16":{"start":{"line":79,"column":4},"end":{"line":82,"column":null}},"17":{"start":{"line":80,"column":22},"end":{"line":80,"column":null}},"18":{"start":{"line":81,"column":6},"end":{"line":81,"column":null}},"19":{"start":{"line":83,"column":4},"end":{"line":83,"column":null}},"20":{"start":{"line":83,"column":39},"end":{"line":83,"column":null}},"21":{"start":{"line":84,"column":4},"end":{"line":84,"column":null}},"22":{"start":{"line":87,"column":2},"end":{"line":95,"column":null}},"23":{"start":{"line":99,"column":2},"end":{"line":101,"column":null}},"24":{"start":{"line":100,"column":4},"end":{"line":100,"column":null}},"25":{"start":{"line":102,"column":2},"end":{"line":104,"column":null}},"26":{"start":{"line":103,"column":4},"end":{"line":103,"column":null}},"27":{"start":{"line":105,"column":74},"end":{"line":111,"column":null}},"28":{"start":{"line":112,"column":2},"end":{"line":122,"column":null}},"29":{"start":{"line":113,"column":4},"end":{"line":115,"column":null}},"30":{"start":{"line":114,"column":6},"end":{"line":114,"column":null}},"31":{"start":{"line":116,"column":4},"end":{"line":118,"column":null}},"32":{"start":{"line":117,"column":6},"end":{"line":117,"column":null}},"33":{"start":{"line":119,"column":4},"end":{"line":121,"column":null}},"34":{"start":{"line":120,"column":6},"end":{"line":120,"column":null}},"35":{"start":{"line":123,"column":2},"end":{"line":125,"column":null}},"36":{"start":{"line":124,"column":4},"end":{"line":124,"column":null}},"37":{"start":{"line":126,"column":2},"end":{"line":128,"column":null}},"38":{"start":{"line":127,"column":4},"end":{"line":127,"column":null}},"39":{"start":{"line":134,"column":18},"end":{"line":135,"column":null}},"40":{"start":{"line":136,"column":19},"end":{"line":136,"column":null}},"41":{"start":{"line":137,"column":20},"end":{"line":137,"column":null}},"42":{"start":{"line":138,"column":19},"end":{"line":138,"column":null}},"43":{"start":{"line":139,"column":15},"end":{"line":139,"column":null}},"44":{"start":{"line":140,"column":2},"end":{"line":140,"column":null}},"45":{"start":{"line":140,"column":64},"end":{"line":140,"column":null}},"46":{"start":{"line":141,"column":2},"end":{"line":141,"column":null}}},"fnMap":{"0":{"name":"resolveConfig","decl":{"start":{"line":60,"column":16},"end":{"line":60,"column":30}},"loc":{"start":{"line":60,"column":79},"end":{"line":96,"column":null}},"line":60},"1":{"name":"(anonymous_1)","decl":{"start":{"line":61,"column":8},"end":{"line":61,"column":18}},"loc":{"start":{"line":62,"column":4},"end":{"line":62,"column":null}},"line":62},"2":{"name":"(anonymous_2)","decl":{"start":{"line":73,"column":16},"end":{"line":73,"column":24}},"loc":{"start":{"line":73,"column":43},"end":{"line":73,"column":80}},"line":73},"3":{"name":"toBool","decl":{"start":{"line":77,"column":11},"end":{"line":77,"column":18}},"loc":{"start":{"line":77,"column":58},"end":{"line":85,"column":null}},"line":77},"4":{"name":"validateConfig","decl":{"start":{"line":98,"column":16},"end":{"line":98,"column":31}},"loc":{"start":{"line":98,"column":64},"end":{"line":129,"column":null}},"line":98},"5":{"name":"checkSkillsMode","decl":{"start":{"line":133,"column":16},"end":{"line":133,"column":32}},"loc":{"start":{"line":133,"column":93},"end":{"line":142,"column":null}},"line":133}},"branchMap":{"0":{"loc":{"start":{"line":62,"column":4},"end":{"line":62,"column":null}},"type":"cond-expr","locations":[{"start":{"line":62,"column":64},"end":{"line":62,"column":96}},{"start":{"line":62,"column":96},"end":{"line":62,"column":null}}],"line":62},"1":{"loc":{"start":{"line":62,"column":4},"end":{"line":62,"column":64}},"type":"binary-expr","locations":[{"start":{"line":62,"column":4},"end":{"line":62,"column":29}},{"start":{"line":62,"column":29},"end":{"line":62,"column":43}},{"start":{"line":62,"column":43},"end":{"line":62,"column":64}}],"line":62},"2":{"loc":{"start":{"line":70,"column":15},"end":{"line":74,"column":null}},"type":"cond-expr","locations":[{"start":{"line":71,"column":6},"end":{"line":71,"column":null}},{"start":{"line":72,"column":6},"end":{"line":74,"column":null}}],"line":70},"3":{"loc":{"start":{"line":72,"column":6},"end":{"line":74,"column":null}},"type":"cond-expr","locations":[{"start":{"line":73,"column":8},"end":{"line":73,"column":null}},{"start":{"line":74,"column":8},"end":{"line":74,"column":null}}],"line":72},"4":{"loc":{"start":{"line":73,"column":43},"end":{"line":73,"column":80}},"type":"binary-expr","locations":[{"start":{"line":73,"column":43},"end":{"line":73,"column":68}},{"start":{"line":73,"column":68},"end":{"line":73,"column":80}}],"line":73},"5":{"loc":{"start":{"line":78,"column":4},"end":{"line":78,"column":null}},"type":"if","locations":[{"start":{"line":78,"column":4},"end":{"line":78,"column":null}},{"start":{},"end":{}}],"line":78},"6":{"loc":{"start":{"line":79,"column":4},"end":{"line":82,"column":null}},"type":"if","locations":[{"start":{"line":79,"column":4},"end":{"line":82,"column":null}},{"start":{},"end":{}}],"line":79},"7":{"loc":{"start":{"line":81,"column":13},"end":{"line":81,"column":null}},"type":"binary-expr","locations":[{"start":{"line":81,"column":13},"end":{"line":81,"column":36}},{"start":{"line":81,"column":36},"end":{"line":81,"column":55}},{"start":{"line":81,"column":55},"end":{"line":81,"column":null}}],"line":81},"8":{"loc":{"start":{"line":83,"column":4},"end":{"line":83,"column":null}},"type":"if","locations":[{"start":{"line":83,"column":4},"end":{"line":83,"column":null}},{"start":{},"end":{}}],"line":83},"9":{"loc":{"start":{"line":83,"column":8},"end":{"line":83,"column":39}},"type":"binary-expr","locations":[{"start":{"line":83,"column":8},"end":{"line":83,"column":27}},{"start":{"line":83,"column":27},"end":{"line":83,"column":39}}],"line":83},"10":{"loc":{"start":{"line":89,"column":13},"end":{"line":89,"column":null}},"type":"cond-expr","locations":[{"start":{"line":89,"column":41},"end":{"line":89,"column":81}},{"start":{"line":89,"column":81},"end":{"line":89,"column":null}}],"line":89},"11":{"loc":{"start":{"line":99,"column":2},"end":{"line":101,"column":null}},"type":"if","locations":[{"start":{"line":99,"column":2},"end":{"line":101,"column":null}},{"start":{},"end":{}}],"line":99},"12":{"loc":{"start":{"line":102,"column":2},"end":{"line":104,"column":null}},"type":"if","locations":[{"start":{"line":102,"column":2},"end":{"line":104,"column":null}},{"start":{},"end":{}}],"line":102},"13":{"loc":{"start":{"line":113,"column":4},"end":{"line":115,"column":null}},"type":"if","locations":[{"start":{"line":113,"column":4},"end":{"line":115,"column":null}},{"start":{},"end":{}}],"line":113},"14":{"loc":{"start":{"line":116,"column":4},"end":{"line":118,"column":null}},"type":"if","locations":[{"start":{"line":116,"column":4},"end":{"line":118,"column":null}},{"start":{},"end":{}}],"line":116},"15":{"loc":{"start":{"line":116,"column":8},"end":{"line":116,"column":43}},"type":"binary-expr","locations":[{"start":{"line":116,"column":8},"end":{"line":116,"column":17}},{"start":{"line":116,"column":17},"end":{"line":116,"column":43}}],"line":116},"16":{"loc":{"start":{"line":119,"column":4},"end":{"line":121,"column":null}},"type":"if","locations":[{"start":{"line":119,"column":4},"end":{"line":121,"column":null}},{"start":{},"end":{}}],"line":119},"17":{"loc":{"start":{"line":119,"column":8},"end":{"line":119,"column":36}},"type":"binary-expr","locations":[{"start":{"line":119,"column":8},"end":{"line":119,"column":23}},{"start":{"line":119,"column":23},"end":{"line":119,"column":36}}],"line":119},"18":{"loc":{"start":{"line":123,"column":2},"end":{"line":125,"column":null}},"type":"if","locations":[{"start":{"line":123,"column":2},"end":{"line":125,"column":null}},{"start":{},"end":{}}],"line":123},"19":{"loc":{"start":{"line":123,"column":6},"end":{"line":123,"column":75}},"type":"binary-expr","locations":[{"start":{"line":123,"column":6},"end":{"line":123,"column":47}},{"start":{"line":123,"column":47},"end":{"line":123,"column":75}}],"line":123},"20":{"loc":{"start":{"line":126,"column":2},"end":{"line":128,"column":null}},"type":"if","locations":[{"start":{"line":126,"column":2},"end":{"line":128,"column":null}},{"start":{},"end":{}}],"line":126},"21":{"loc":{"start":{"line":126,"column":6},"end":{"line":126,"column":88}},"type":"binary-expr","locations":[{"start":{"line":126,"column":6},"end":{"line":126,"column":60}},{"start":{"line":126,"column":60},"end":{"line":126,"column":88}}],"line":126},"22":{"loc":{"start":{"line":140,"column":2},"end":{"line":140,"column":null}},"type":"if","locations":[{"start":{"line":140,"column":2},"end":{"line":140,"column":null}},{"start":{},"end":{}}],"line":140},"23":{"loc":{"start":{"line":140,"column":6},"end":{"line":140,"column":64}},"type":"binary-expr","locations":[{"start":{"line":140,"column":6},"end":{"line":140,"column":28}},{"start":{"line":140,"column":28},"end":{"line":140,"column":48}},{"start":{"line":140,"column":48},"end":{"line":140,"column":64}}],"line":140}},"s":{"0":3,"1":3,"2":3,"3":46,"4":230,"5":46,"6":46,"7":46,"8":46,"9":46,"10":46,"11":46,"12":6,"13":46,"14":10,"15":4,"16":6,"17":5,"18":5,"19":1,"20":1,"21":0,"22":46,"23":31,"24":1,"25":30,"26":1,"27":29,"28":29,"29":127,"30":1,"31":126,"32":2,"33":124,"34":5,"35":21,"36":2,"37":19,"38":1,"39":23,"40":23,"41":23,"42":23,"43":23,"44":23,"45":18,"46":5},"f":{"0":46,"1":230,"2":6,"3":10,"4":31,"5":23},"b":{"0":[21,209],"1":[230,22,22],"2":[1,45],"3":[2,43],"4":[6,5],"5":[4,6],"6":[5,1],"7":[5,3,2],"8":[1,0],"9":[1,1],"10":[10,36],"11":[1,30],"12":[1,29],"13":[1,126],"14":[2,124],"15":[126,102],"16":[5,119],"17":[124,122],"18":[2,19],"19":[21,3],"20":[1,18],"21":[19,1],"22":[18,5],"23":[23,22,6]},"meta":{"lastBranch":24,"lastFunction":6,"lastStatement":47,"seen":{"s:31:17:55:Infinity":0,"s:57:23:57:Infinity":1,"s:58:24:58:Infinity":2,"f:60:16:60:30":0,"s:61:8:62:Infinity":3,"f:61:8:61:18":1,"s:62:4:62:Infinity":4,"b:62:64:62:96:62:96:62:Infinity":0,"b:62:4:62:29:62:29:62:43:62:43:62:64":1,"s:64:21:64:Infinity":5,"s:65:20:65:Infinity":6,"s:66:20:66:Infinity":7,"s:67:14:67:Infinity":8,"s:68:20:68:Infinity":9,"s:69:18:69:Infinity":10,"s:70:15:74:Infinity":11,"b:71:6:71:Infinity:72:6:74:Infinity":2,"b:73:8:73:Infinity:74:8:74:Infinity":3,"f:73:16:73:24":2,"s:73:43:73:80":12,"b:73:43:73:68:73:68:73:80":4,"s:75:17:75:Infinity":13,"f:77:11:77:18":3,"b:78:4:78:Infinity:undefined:undefined:undefined:undefined":5,"s:78:4:78:Infinity":14,"s:78:32:78:Infinity":15,"b:79:4:82:Infinity:undefined:undefined:undefined:undefined":6,"s:79:4:82:Infinity":16,"s:80:22:80:Infinity":17,"s:81:6:81:Infinity":18,"b:81:13:81:36:81:36:81:55:81:55:81:Infinity":7,"b:83:4:83:Infinity:undefined:undefined:undefined:undefined":8,"s:83:4:83:Infinity":19,"b:83:8:83:27:83:27:83:39":9,"s:83:39:83:Infinity":20,"s:84:4:84:Infinity":21,"s:87:2:95:Infinity":22,"b:89:41:89:81:89:81:89:Infinity":10,"f:98:16:98:31":4,"b:99:2:101:Infinity:undefined:undefined:undefined:undefined":11,"s:99:2:101:Infinity":23,"s:100:4:100:Infinity":24,"b:102:2:104:Infinity:undefined:undefined:undefined:undefined":12,"s:102:2:104:Infinity":25,"s:103:4:103:Infinity":26,"s:105:74:111:Infinity":27,"s:112:2:122:Infinity":28,"b:113:4:115:Infinity:undefined:undefined:undefined:undefined":13,"s:113:4:115:Infinity":29,"s:114:6:114:Infinity":30,"b:116:4:118:Infinity:undefined:undefined:undefined:undefined":14,"s:116:4:118:Infinity":31,"b:116:8:116:17:116:17:116:43":15,"s:117:6:117:Infinity":32,"b:119:4:121:Infinity:undefined:undefined:undefined:undefined":16,"s:119:4:121:Infinity":33,"b:119:8:119:23:119:23:119:36":17,"s:120:6:120:Infinity":34,"b:123:2:125:Infinity:undefined:undefined:undefined:undefined":18,"s:123:2:125:Infinity":35,"b:123:6:123:47:123:47:123:75":19,"s:124:4:124:Infinity":36,"b:126:2:128:Infinity:undefined:undefined:undefined:undefined":20,"s:126:2:128:Infinity":37,"b:126:6:126:60:126:60:126:88":21,"s:127:4:127:Infinity":38,"f:133:16:133:32":5,"s:134:18:135:Infinity":39,"s:136:19:136:Infinity":40,"s:137:20:137:Infinity":41,"s:138:19:138:Infinity":42,"s:139:15:139:Infinity":43,"b:140:2:140:Infinity:undefined:undefined:undefined:undefined":22,"s:140:2:140:Infinity":44,"b:140:6:140:28:140:28:140:48:140:48:140:64":23,"s:140:64:140:Infinity":45,"s:141:2:141:Infinity":46},"fnNames":{}}}
,"/Users/david/Code/WednesdayAI-plugins-skillweaver/extensions/skillweaver/src/context-injector.ts": {"path":"/Users/david/Code/WednesdayAI-plugins-skillweaver/extensions/skillweaver/src/context-injector.ts","statementMap":{"0":{"start":{"line":17,"column":2},"end":{"line":17,"column":null}},"1":{"start":{"line":21,"column":2},"end":{"line":21,"column":null}},"2":{"start":{"line":30,"column":2},"end":{"line":30,"column":null}},"3":{"start":{"line":30,"column":27},"end":{"line":30,"column":null}},"4":{"start":{"line":32,"column":26},"end":{"line":36,"column":null}},"5":{"start":{"line":38,"column":2},"end":{"line":42,"column":null}},"6":{"start":{"line":39,"column":4},"end":{"line":39,"column":null}},"7":{"start":{"line":40,"column":4},"end":{"line":40,"column":null}},"8":{"start":{"line":41,"column":4},"end":{"line":41,"column":null}},"9":{"start":{"line":44,"column":2},"end":{"line":49,"column":null}},"10":{"start":{"line":45,"column":4},"end":{"line":45,"column":null}},"11":{"start":{"line":46,"column":4},"end":{"line":48,"column":null}},"12":{"start":{"line":47,"column":6},"end":{"line":47,"column":null}},"13":{"start":{"line":51,"column":15},"end":{"line":51,"column":null}},"14":{"start":{"line":53,"column":30},"end":{"line":64,"column":null}},"15":{"start":{"line":60,"column":39},"end":{"line":60,"column":45}},"16":{"start":{"line":66,"column":2},"end":{"line":66,"column":null}}},"fnMap":{"0":{"name":"estimateTokens","decl":{"start":{"line":16,"column":9},"end":{"line":16,"column":24}},"loc":{"start":{"line":16,"column":46},"end":{"line":18,"column":null}},"line":16},"1":{"name":"sanitizeMarkdown","decl":{"start":{"line":20,"column":9},"end":{"line":20,"column":26}},"loc":{"start":{"line":20,"column":48},"end":{"line":22,"column":null}},"line":20},"2":{"name":"formatSkillContext","decl":{"start":{"line":24,"column":16},"end":{"line":24,"column":null}},"loc":{"start":{"line":29,"column":22},"end":{"line":67,"column":null}},"line":29},"3":{"name":"(anonymous_3)","decl":{"start":{"line":60,"column":28},"end":{"line":60,"column":33}},"loc":{"start":{"line":60,"column":39},"end":{"line":60,"column":45}},"line":60}},"branchMap":{"0":{"loc":{"start":{"line":30,"column":2},"end":{"line":30,"column":null}},"type":"if","locations":[{"start":{"line":30,"column":2},"end":{"line":30,"column":null}},{"start":{},"end":{}}],"line":30},"1":{"loc":{"start":{"line":44,"column":2},"end":{"line":49,"column":null}},"type":"if","locations":[{"start":{"line":44,"column":2},"end":{"line":49,"column":null}},{"start":{},"end":{}}],"line":44},"2":{"loc":{"start":{"line":62,"column":10},"end":{"line":62,"column":null}},"type":"cond-expr","locations":[{"start":{"line":62,"column":28},"end":{"line":62,"column":50}},{"start":{"line":62,"column":50},"end":{"line":62,"column":null}}],"line":62}},"s":{"0":4,"1":42,"2":5,"3":1,"4":4,"5":4,"6":14,"7":14,"8":14,"9":4,"10":4,"11":4,"12":14,"13":4,"14":4,"15":14,"16":5},"f":{"0":4,"1":42,"2":5,"3":14},"b":{"0":[1,4],"1":[4,0],"2":[1,3]},"meta":{"lastBranch":3,"lastFunction":4,"lastStatement":17,"seen":{"f:16:9:16:24":0,"s:17:2:17:Infinity":0,"f:20:9:20:26":1,"s:21:2:21:Infinity":1,"f:24:16:24:Infinity":2,"b:30:2:30:Infinity:undefined:undefined:undefined:undefined":0,"s:30:2:30:Infinity":2,"s:30:27:30:Infinity":3,"s:32:26:36:Infinity":4,"s:38:2:42:Infinity":5,"s:39:4:39:Infinity":6,"s:40:4:40:Infinity":7,"s:41:4:41:Infinity":8,"b:44:2:49:Infinity:undefined:undefined:undefined:undefined":1,"s:44:2:49:Infinity":9,"s:45:4:45:Infinity":10,"s:46:4:48:Infinity":11,"s:47:6:47:Infinity":12,"s:51:15:51:Infinity":13,"s:53:30:64:Infinity":14,"f:60:28:60:33":3,"s:60:39:60:45":15,"b:62:28:62:50:62:50:62:Infinity":2,"s:66:2:66:Infinity":16},"fnNames":{}}}
,"/Users/david/Code/WednesdayAI-plugins-skillweaver/extensions/skillweaver/src/decomposer.ts": {"path":"/Users/david/Code/WednesdayAI-plugins-skillweaver/extensions/skillweaver/src/decomposer.ts","statementMap":{"0":{"start":{"line":4,"column":6},"end":{"line":4,"column":null}},"1":{"start":{"line":21,"column":2},"end":{"line":21,"column":null}},"2":{"start":{"line":21,"column":15},"end":{"line":21,"column":null}},"3":{"start":{"line":22,"column":2},"end":{"line":27,"column":null}},"4":{"start":{"line":23,"column":19},"end":{"line":23,"column":null}},"5":{"start":{"line":24,"column":22},"end":{"line":24,"column":null}},"6":{"start":{"line":25,"column":30},"end":{"line":25,"column":null}},"7":{"start":{"line":26,"column":13},"end":{"line":26,"column":null}},"8":{"start":{"line":31,"column":2},"end":{"line":34,"column":null}},"9":{"start":{"line":41,"column":2},"end":{"line":47,"column":null}},"10":{"start":{"line":54,"column":20},"end":{"line":58,"column":null}},"11":{"start":{"line":55,"column":17},"end":{"line":55,"column":null}},"12":{"start":{"line":56,"column":17},"end":{"line":56,"column":null}},"13":{"start":{"line":57,"column":4},"end":{"line":57,"column":null}},"14":{"start":{"line":59,"column":2},"end":{"line":59,"column":null}},"15":{"start":{"line":63,"column":16},"end":{"line":63,"column":null}},"16":{"start":{"line":64,"column":25},"end":{"line":64,"column":null}},"17":{"start":{"line":65,"column":2},"end":{"line":65,"column":null}},"18":{"start":{"line":65,"column":22},"end":{"line":65,"column":null}},"19":{"start":{"line":67,"column":2},"end":{"line":72,"column":null}},"20":{"start":{"line":68,"column":19},"end":{"line":68,"column":null}},"21":{"start":{"line":69,"column":4},"end":{"line":71,"column":null}},"22":{"start":{"line":69,"column":114},"end":{"line":69,"column":138}},"23":{"start":{"line":70,"column":6},"end":{"line":70,"column":null}},"24":{"start":{"line":74,"column":2},"end":{"line":79,"column":null}},"25":{"start":{"line":75,"column":19},"end":{"line":75,"column":null}},"26":{"start":{"line":76,"column":4},"end":{"line":78,"column":null}},"27":{"start":{"line":76,"column":72},"end":{"line":76,"column":96}},"28":{"start":{"line":77,"column":6},"end":{"line":77,"column":null}},"29":{"start":{"line":80,"column":21},"end":{"line":80,"column":null}},"30":{"start":{"line":81,"column":2},"end":{"line":88,"column":null}},"31":{"start":{"line":81,"column":15},"end":{"line":81,"column":38}},"32":{"start":{"line":82,"column":4},"end":{"line":87,"column":null}},"33":{"start":{"line":83,"column":23},"end":{"line":83,"column":null}},"34":{"start":{"line":84,"column":6},"end":{"line":86,"column":null}},"35":{"start":{"line":84,"column":78},"end":{"line":84,"column":102}},"36":{"start":{"line":85,"column":8},"end":{"line":85,"column":null}},"37":{"start":{"line":89,"column":2},"end":{"line":89,"column":null}},"38":{"start":{"line":94,"column":21},"end":{"line":94,"column":null}},"39":{"start":{"line":97,"column":4},"end":{"line":105,"column":null}},"40":{"start":{"line":109,"column":4},"end":{"line":109,"column":null}},"41":{"start":{"line":109,"column":23},"end":{"line":109,"column":null}},"42":{"start":{"line":111,"column":21},"end":{"line":111,"column":null}},"43":{"start":{"line":112,"column":4},"end":{"line":180,"column":null}},"44":{"start":{"line":113,"column":19},"end":{"line":115,"column":null}},"45":{"start":{"line":116,"column":6},"end":{"line":118,"column":null}},"46":{"start":{"line":117,"column":8},"end":{"line":117,"column":null}},"47":{"start":{"line":120,"column":23},"end":{"line":120,"column":null}},"48":{"start":{"line":121,"column":26},"end":{"line":121,"column":null}},"49":{"start":{"line":122,"column":27},"end":{"line":122,"column":null}},"50":{"start":{"line":125,"column":46},"end":{"line":125,"column":null}},"51":{"start":{"line":127,"column":6},"end":{"line":151,"column":null}},"52":{"start":{"line":128,"column":8},"end":{"line":128,"column":null}},"53":{"start":{"line":128,"column":32},"end":{"line":128,"column":null}},"54":{"start":{"line":129,"column":8},"end":{"line":129,"column":null}},"55":{"start":{"line":130,"column":8},"end":{"line":136,"column":null}},"56":{"start":{"line":138,"column":8},"end":{"line":138,"column":null}},"57":{"start":{"line":138,"column":32},"end":{"line":138,"column":null}},"58":{"start":{"line":139,"column":8},"end":{"line":141,"column":null}},"59":{"start":{"line":140,"column":10},"end":{"line":140,"column":null}},"60":{"start":{"line":142,"column":8},"end":{"line":150,"column":null}},"61":{"start":{"line":153,"column":23},"end":{"line":153,"column":null}},"62":{"start":{"line":155,"column":6},"end":{"line":158,"column":null}},"63":{"start":{"line":156,"column":24},"end":{"line":156,"column":null}},"64":{"start":{"line":156,"column":58},"end":{"line":156,"column":60}},"65":{"start":{"line":157,"column":8},"end":{"line":157,"column":null}},"66":{"start":{"line":160,"column":19},"end":{"line":160,"column":null}},"67":{"start":{"line":163,"column":6},"end":{"line":169,"column":null}},"68":{"start":{"line":164,"column":27},"end":{"line":164,"column":null}},"69":{"start":{"line":165,"column":8},"end":{"line":165,"column":null}},"70":{"start":{"line":167,"column":24},"end":{"line":167,"column":null}},"71":{"start":{"line":168,"column":8},"end":{"line":168,"column":null}},"72":{"start":{"line":171,"column":21},"end":{"line":171,"column":null}},"73":{"start":{"line":172,"column":6},"end":{"line":174,"column":null}},"74":{"start":{"line":173,"column":8},"end":{"line":173,"column":null}},"75":{"start":{"line":176,"column":6},"end":{"line":176,"column":null}},"76":{"start":{"line":178,"column":6},"end":{"line":178,"column":null}},"77":{"start":{"line":179,"column":6},"end":{"line":179,"column":null}},"78":{"start":{"line":184,"column":4},"end":{"line":184,"column":null}}},"fnMap":{"0":{"name":"resolveEndpoint","decl":{"start":{"line":20,"column":9},"end":{"line":20,"column":25}},"loc":{"start":{"line":20,"column":76},"end":{"line":28,"column":null}},"line":20},"1":{"name":"buildSADPass1Prompt","decl":{"start":{"line":30,"column":16},"end":{"line":30,"column":36}},"loc":{"start":{"line":30,"column":59},"end":{"line":38,"column":null}},"line":30},"2":{"name":"buildSADPass2Prompt","decl":{"start":{"line":40,"column":16},"end":{"line":40,"column":36}},"loc":{"start":{"line":40,"column":74},"end":{"line":51,"column":null}},"line":40},"3":{"name":"formatHints","decl":{"start":{"line":53,"column":9},"end":{"line":53,"column":21}},"loc":{"start":{"line":53,"column":49},"end":{"line":60,"column":null}},"line":53},"4":{"name":"(anonymous_4)","decl":{"start":{"line":54,"column":26},"end":{"line":54,"column":31}},"loc":{"start":{"line":54,"column":37},"end":{"line":58,"column":3}},"line":54},"5":{"name":"extractJsonArray","decl":{"start":{"line":62,"column":16},"end":{"line":62,"column":33}},"loc":{"start":{"line":62,"column":57},"end":{"line":90,"column":null}},"line":62},"6":{"name":"(anonymous_6)","decl":{"start":{"line":69,"column":73},"end":{"line":69,"column":80}},"loc":{"start":{"line":69,"column":114},"end":{"line":69,"column":138}},"line":69},"7":{"name":"(anonymous_7)","decl":{"start":{"line":76,"column":40},"end":{"line":76,"column":47}},"loc":{"start":{"line":76,"column":72},"end":{"line":76,"column":96}},"line":76},"8":{"name":"(anonymous_8)","decl":{"start":{"line":84,"column":46},"end":{"line":84,"column":53}},"loc":{"start":{"line":84,"column":78},"end":{"line":84,"column":102}},"line":84},"9":{"name":"constructor","decl":{"start":{"line":96,"column":2},"end":{"line":96,"column":14}},"loc":{"start":{"line":96,"column":39},"end":{"line":106,"column":null}},"line":96},"10":{"name":"decompose","decl":{"start":{"line":108,"column":8},"end":{"line":108,"column":18}},"loc":{"start":{"line":108,"column":124},"end":{"line":181,"column":null}},"line":108},"11":{"name":"(anonymous_11)","decl":{"start":{"line":156,"column":46},"end":{"line":156,"column":58}},"loc":{"start":{"line":156,"column":58},"end":{"line":156,"column":60}},"line":156},"12":{"name":"dispose","decl":{"start":{"line":183,"column":2},"end":{"line":183,"column":18}},"loc":{"start":{"line":183,"column":18},"end":{"line":185,"column":null}},"line":183}},"branchMap":{"0":{"loc":{"start":{"line":21,"column":2},"end":{"line":21,"column":null}},"type":"if","locations":[{"start":{"line":21,"column":2},"end":{"line":21,"column":null}},{"start":{},"end":{}}],"line":21},"1":{"loc":{"start":{"line":22,"column":2},"end":{"line":27,"column":null}},"type":"switch","locations":[{"start":{"line":23,"column":4},"end":{"line":23,"column":null}},{"start":{"line":24,"column":4},"end":{"line":24,"column":null}},{"start":{"line":25,"column":4},"end":{"line":25,"column":null}},{"start":{"line":26,"column":4},"end":{"line":26,"column":null}}],"line":22},"2":{"loc":{"start":{"line":65,"column":2},"end":{"line":65,"column":null}},"type":"if","locations":[{"start":{"line":65,"column":2},"end":{"line":65,"column":null}},{"start":{},"end":{}}],"line":65},"3":{"loc":{"start":{"line":69,"column":4},"end":{"line":71,"column":null}},"type":"if","locations":[{"start":{"line":69,"column":4},"end":{"line":71,"column":null}},{"start":{},"end":{}}],"line":69},"4":{"loc":{"start":{"line":69,"column":8},"end":{"line":69,"column":141}},"type":"binary-expr","locations":[{"start":{"line":69,"column":8},"end":{"line":69,"column":43}},{"start":{"line":69,"column":43},"end":{"line":69,"column":141}}],"line":69},"5":{"loc":{"start":{"line":76,"column":4},"end":{"line":78,"column":null}},"type":"if","locations":[{"start":{"line":76,"column":4},"end":{"line":78,"column":null}},{"start":{},"end":{}}],"line":76},"6":{"loc":{"start":{"line":76,"column":8},"end":{"line":76,"column":99}},"type":"binary-expr","locations":[{"start":{"line":76,"column":8},"end":{"line":76,"column":33}},{"start":{"line":76,"column":33},"end":{"line":76,"column":99}}],"line":76},"7":{"loc":{"start":{"line":84,"column":6},"end":{"line":86,"column":null}},"type":"if","locations":[{"start":{"line":84,"column":6},"end":{"line":86,"column":null}},{"start":{},"end":{}}],"line":84},"8":{"loc":{"start":{"line":84,"column":10},"end":{"line":84,"column":105}},"type":"binary-expr","locations":[{"start":{"line":84,"column":10},"end":{"line":84,"column":37}},{"start":{"line":84,"column":37},"end":{"line":84,"column":105}}],"line":84},"9":{"loc":{"start":{"line":98,"column":16},"end":{"line":98,"column":null}},"type":"binary-expr","locations":[{"start":{"line":98,"column":16},"end":{"line":98,"column":33}},{"start":{"line":98,"column":33},"end":{"line":98,"column":null}}],"line":98},"10":{"loc":{"start":{"line":101,"column":14},"end":{"line":101,"column":null}},"type":"binary-expr","locations":[{"start":{"line":101,"column":14},"end":{"line":101,"column":29}},{"start":{"line":101,"column":29},"end":{"line":101,"column":null}}],"line":101},"11":{"loc":{"start":{"line":102,"column":15},"end":{"line":102,"column":null}},"type":"binary-expr","locations":[{"start":{"line":102,"column":15},"end":{"line":102,"column":31}},{"start":{"line":102,"column":31},"end":{"line":102,"column":null}}],"line":102},"12":{"loc":{"start":{"line":103,"column":19},"end":{"line":103,"column":null}},"type":"binary-expr","locations":[{"start":{"line":103,"column":19},"end":{"line":103,"column":39}},{"start":{"line":103,"column":39},"end":{"line":103,"column":null}}],"line":103},"13":{"loc":{"start":{"line":104,"column":17},"end":{"line":104,"column":null}},"type":"binary-expr","locations":[{"start":{"line":104,"column":17},"end":{"line":104,"column":35}},{"start":{"line":104,"column":35},"end":{"line":104,"column":null}}],"line":104},"14":{"loc":{"start":{"line":108,"column":54},"end":{"line":108,"column":72}},"type":"default-arg","locations":[{"start":{"line":108,"column":68},"end":{"line":108,"column":72}}],"line":108},"15":{"loc":{"start":{"line":109,"column":4},"end":{"line":109,"column":null}},"type":"if","locations":[{"start":{"line":109,"column":4},"end":{"line":109,"column":null}},{"start":{},"end":{}}],"line":109},"16":{"loc":{"start":{"line":111,"column":21},"end":{"line":111,"column":null}},"type":"binary-expr","locations":[{"start":{"line":111,"column":21},"end":{"line":111,"column":30}},{"start":{"line":111,"column":30},"end":{"line":111,"column":null}}],"line":111},"17":{"loc":{"start":{"line":113,"column":19},"end":{"line":115,"column":null}},"type":"cond-expr","locations":[{"start":{"line":114,"column":10},"end":{"line":114,"column":null}},{"start":{"line":115,"column":10},"end":{"line":115,"column":null}}],"line":113},"18":{"loc":{"start":{"line":116,"column":6},"end":{"line":118,"column":null}},"type":"if","locations":[{"start":{"line":116,"column":6},"end":{"line":118,"column":null}},{"start":{},"end":{}}],"line":116},"19":{"loc":{"start":{"line":116,"column":10},"end":{"line":116,"column":40}},"type":"binary-expr","locations":[{"start":{"line":116,"column":10},"end":{"line":116,"column":22}},{"start":{"line":116,"column":22},"end":{"line":116,"column":40}}],"line":116},"20":{"loc":{"start":{"line":127,"column":6},"end":{"line":151,"column":null}},"type":"if","locations":[{"start":{"line":127,"column":6},"end":{"line":151,"column":null}},{"start":{"line":137,"column":13},"end":{"line":151,"column":null}}],"line":127},"21":{"loc":{"start":{"line":128,"column":8},"end":{"line":128,"column":null}},"type":"if","locations":[{"start":{"line":128,"column":8},"end":{"line":128,"column":null}},{"start":{},"end":{}}],"line":128},"22":{"loc":{"start":{"line":138,"column":8},"end":{"line":138,"column":null}},"type":"if","locations":[{"start":{"line":138,"column":8},"end":{"line":138,"column":null}},{"start":{},"end":{}}],"line":138},"23":{"loc":{"start":{"line":139,"column":8},"end":{"line":141,"column":null}},"type":"if","locations":[{"start":{"line":139,"column":8},"end":{"line":141,"column":null}},{"start":{},"end":{}}],"line":139},"24":{"loc":{"start":{"line":153,"column":97},"end":{"line":153,"column":123}},"type":"cond-expr","locations":[{"start":{"line":153,"column":106},"end":{"line":153,"column":119}},{"start":{"line":153,"column":119},"end":{"line":153,"column":123}}],"line":153},"25":{"loc":{"start":{"line":155,"column":6},"end":{"line":158,"column":null}},"type":"if","locations":[{"start":{"line":155,"column":6},"end":{"line":158,"column":null}},{"start":{},"end":{}}],"line":155},"26":{"loc":{"start":{"line":163,"column":6},"end":{"line":169,"column":null}},"type":"if","locations":[{"start":{"line":163,"column":6},"end":{"line":169,"column":null}},{"start":{"line":166,"column":13},"end":{"line":169,"column":null}}],"line":163},"27":{"loc":{"start":{"line":165,"column":18},"end":{"line":165,"column":null}},"type":"binary-expr","locations":[{"start":{"line":165,"column":18},"end":{"line":165,"column":43}},{"start":{"line":165,"column":43},"end":{"line":165,"column":null}}],"line":165},"28":{"loc":{"start":{"line":168,"column":18},"end":{"line":168,"column":null}},"type":"binary-expr","locations":[{"start":{"line":168,"column":18},"end":{"line":168,"column":52}},{"start":{"line":168,"column":52},"end":{"line":168,"column":null}}],"line":168},"29":{"loc":{"start":{"line":172,"column":6},"end":{"line":174,"column":null}},"type":"if","locations":[{"start":{"line":172,"column":6},"end":{"line":174,"column":null}},{"start":{},"end":{}}],"line":172},"30":{"loc":{"start":{"line":176,"column":31},"end":{"line":176,"column":48}},"type":"cond-expr","locations":[{"start":{"line":176,"column":42},"end":{"line":176,"column":46}},{"start":{"line":176,"column":46},"end":{"line":176,"column":48}}],"line":176},"31":{"loc":{"start":{"line":179,"column":35},"end":{"line":179,"column":52}},"type":"cond-expr","locations":[{"start":{"line":179,"column":46},"end":{"line":179,"column":50}},{"start":{"line":179,"column":50},"end":{"line":179,"column":52}}],"line":179}},"s":{"0":5,"1":22,"2":1,"3":21,"4":1,"5":3,"6":1,"7":16,"8":19,"9":3,"10":3,"11":4,"12":4,"13":4,"14":3,"15":16,"16":16,"17":16,"18":2,"19":16,"20":16,"21":16,"22":32,"23":10,"24":6,"25":6,"26":6,"27":5,"28":3,"29":3,"30":3,"31":3,"32":0,"33":0,"34":0,"35":0,"36":0,"37":0,"38":38,"39":38,"40":23,"41":1,"42":22,"43":23,"44":23,"45":23,"46":3,"47":22,"48":22,"49":22,"50":22,"51":22,"52":3,"53":2,"54":3,"55":3,"56":18,"57":17,"58":18,"59":13,"60":18,"61":21,"62":17,"63":5,"64":0,"65":5,"66":12,"67":12,"68":3,"69":3,"70":9,"71":9,"72":12,"73":12,"74":1,"75":12,"76":9,"77":9,"78":3},"f":{"0":22,"1":19,"2":3,"3":3,"4":4,"5":16,"6":32,"7":5,"8":0,"9":38,"10":23,"11":0,"12":3},"b":{"0":[1,21],"1":[21,3,1,16],"2":[2,14],"3":[10,6],"4":[16,10],"5":[3,3],"6":[6,3],"7":[0,0],"8":[0,0],"9":[38,16],"10":[38,17],"11":[38,37],"12":[38,23],"13":[38,23],"14":[23],"15":[1,22],"16":[22,4],"17":[3,19],"18":[3,20],"19":[23,3],"20":[3,18],"21":[2,1],"22":[17,1],"23":[13,5],"24":[3,18],"25":[5,12],"26":[3,9],"27":[3,1],"28":[9,0],"29":[1,11],"30":[2,10],"31":[1,8]},"meta":{"lastBranch":32,"lastFunction":13,"lastStatement":79,"seen":{"s:4:6:4:Infinity":0,"f:20:9:20:25":0,"b:21:2:21:Infinity:undefined:undefined:undefined:undefined":0,"s:21:2:21:Infinity":1,"s:21:15:21:Infinity":2,"b:23:4:23:Infinity:24:4:24:Infinity:25:4:25:Infinity:26:4:26:Infinity":1,"s:22:2:27:Infinity":3,"s:23:19:23:Infinity":4,"s:24:22:24:Infinity":5,"s:25:30:25:Infinity":6,"s:26:13:26:Infinity":7,"f:30:16:30:36":1,"s:31:2:34:Infinity":8,"f:40:16:40:36":2,"s:41:2:47:Infinity":9,"f:53:9:53:21":3,"s:54:20:58:Infinity":10,"f:54:26:54:31":4,"s:55:17:55:Infinity":11,"s:56:17:56:Infinity":12,"s:57:4:57:Infinity":13,"s:59:2:59:Infinity":14,"f:62:16:62:33":5,"s:63:16:63:Infinity":15,"s:64:25:64:Infinity":16,"b:65:2:65:Infinity:undefined:undefined:undefined:undefined":2,"s:65:2:65:Infinity":17,"s:65:22:65:Infinity":18,"s:67:2:72:Infinity":19,"s:68:19:68:Infinity":20,"b:69:4:71:Infinity:undefined:undefined:undefined:undefined":3,"s:69:4:71:Infinity":21,"b:69:8:69:43:69:43:69:141":4,"f:69:73:69:80":6,"s:69:114:69:138":22,"s:70:6:70:Infinity":23,"s:74:2:79:Infinity":24,"s:75:19:75:Infinity":25,"b:76:4:78:Infinity:undefined:undefined:undefined:undefined":5,"s:76:4:78:Infinity":26,"b:76:8:76:33:76:33:76:99":6,"f:76:40:76:47":7,"s:76:72:76:96":27,"s:77:6:77:Infinity":28,"s:80:21:80:Infinity":29,"s:81:2:88:Infinity":30,"s:81:15:81:38":31,"s:82:4:87:Infinity":32,"s:83:23:83:Infinity":33,"b:84:6:86:Infinity:undefined:undefined:undefined:undefined":7,"s:84:6:86:Infinity":34,"b:84:10:84:37:84:37:84:105":8,"f:84:46:84:53":8,"s:84:78:84:102":35,"s:85:8:85:Infinity":36,"s:89:2:89:Infinity":37,"s:94:21:94:Infinity":38,"f:96:2:96:14":9,"s:97:4:105:Infinity":39,"b:98:16:98:33:98:33:98:Infinity":9,"b:101:14:101:29:101:29:101:Infinity":10,"b:102:15:102:31:102:31:102:Infinity":11,"b:103:19:103:39:103:39:103:Infinity":12,"b:104:17:104:35:104:35:104:Infinity":13,"f:108:8:108:18":10,"b:108:68:108:72":14,"b:109:4:109:Infinity:undefined:undefined:undefined:undefined":15,"s:109:4:109:Infinity":40,"s:109:23:109:Infinity":41,"s:111:21:111:Infinity":42,"b:111:21:111:30:111:30:111:Infinity":16,"s:112:4:180:Infinity":43,"s:113:19:115:Infinity":44,"b:114:10:114:Infinity:115:10:115:Infinity":17,"b:116:6:118:Infinity:undefined:undefined:undefined:undefined":18,"s:116:6:118:Infinity":45,"b:116:10:116:22:116:22:116:40":19,"s:117:8:117:Infinity":46,"s:120:23:120:Infinity":47,"s:121:26:121:Infinity":48,"s:122:27:122:Infinity":49,"s:125:46:125:Infinity":50,"b:127:6:151:Infinity:137:13:151:Infinity":20,"s:127:6:151:Infinity":51,"b:128:8:128:Infinity:undefined:undefined:undefined:undefined":21,"s:128:8:128:Infinity":52,"s:128:32:128:Infinity":53,"s:129:8:129:Infinity":54,"s:130:8:136:Infinity":55,"b:138:8:138:Infinity:undefined:undefined:undefined:undefined":22,"s:138:8:138:Infinity":56,"s:138:32:138:Infinity":57,"b:139:8:141:Infinity:undefined:undefined:undefined:undefined":23,"s:139:8:141:Infinity":58,"s:140:10:140:Infinity":59,"s:142:8:150:Infinity":60,"s:153:23:153:Infinity":61,"b:153:106:153:119:153:119:153:123":24,"b:155:6:158:Infinity:undefined:undefined:undefined:undefined":25,"s:155:6:158:Infinity":62,"s:156:24:156:Infinity":63,"f:156:46:156:58":11,"s:156:58:156:60":64,"s:157:8:157:Infinity":65,"s:160:19:160:Infinity":66,"b:163:6:169:Infinity:166:13:169:Infinity":26,"s:163:6:169:Infinity":67,"s:164:27:164:Infinity":68,"s:165:8:165:Infinity":69,"b:165:18:165:43:165:43:165:Infinity":27,"s:167:24:167:Infinity":70,"s:168:8:168:Infinity":71,"b:168:18:168:52:168:52:168:Infinity":28,"s:171:21:171:Infinity":72,"b:172:6:174:Infinity:undefined:undefined:undefined:undefined":29,"s:172:6:174:Infinity":73,"s:173:8:173:Infinity":74,"s:176:6:176:Infinity":75,"b:176:42:176:46:176:46:176:48":30,"s:178:6:178:Infinity":76,"s:179:6:179:Infinity":77,"b:179:46:179:50:179:50:179:52":31,"f:183:2:183:18":12,"s:184:4:184:Infinity":78},"fnNames":{}}}
,"/Users/david/Code/WednesdayAI-plugins-skillweaver/extensions/skillweaver/src/handler.ts": {"path":"/Users/david/Code/WednesdayAI-plugins-skillweaver/extensions/skillweaver/src/handler.ts","statementMap":{"0":{"start":{"line":7,"column":6},"end":{"line":7,"column":null}},"1":{"start":{"line":32,"column":2},"end":{"line":78,"column":null}},"2":{"start":{"line":33,"column":4},"end":{"line":33,"column":null}},"3":{"start":{"line":33,"column":32},"end":{"line":33,"column":null}},"4":{"start":{"line":35,"column":17},"end":{"line":35,"column":null}},"5":{"start":{"line":36,"column":4},"end":{"line":36,"column":null}},"6":{"start":{"line":36,"column":52},"end":{"line":36,"column":null}},"7":{"start":{"line":38,"column":4},"end":{"line":38,"column":null}},"8":{"start":{"line":38,"column":132},"end":{"line":38,"column":null}},"9":{"start":{"line":40,"column":22},"end":{"line":40,"column":null}},"10":{"start":{"line":42,"column":4},"end":{"line":77,"column":null}},"11":{"start":{"line":43,"column":26},"end":{"line":43,"column":null}},"12":{"start":{"line":44,"column":6},"end":{"line":44,"column":null}},"13":{"start":{"line":44,"column":45},"end":{"line":44,"column":null}},"14":{"start":{"line":46,"column":21},"end":{"line":46,"column":null}},"15":{"start":{"line":46,"column":56},"end":{"line":46,"column":75}},"16":{"start":{"line":47,"column":6},"end":{"line":47,"column":null}},"17":{"start":{"line":47,"column":33},"end":{"line":47,"column":null}},"18":{"start":{"line":48,"column":30},"end":{"line":48,"column":null}},"19":{"start":{"line":50,"column":6},"end":{"line":60,"column":null}},"20":{"start":{"line":51,"column":22},"end":{"line":51,"column":null}},"21":{"start":{"line":52,"column":8},"end":{"line":59,"column":null}},"22":{"start":{"line":53,"column":30},"end":{"line":53,"column":null}},"23":{"start":{"line":54,"column":32},"end":{"line":54,"column":null}},"24":{"start":{"line":54,"column":67},"end":{"line":54,"column":86}},"25":{"start":{"line":55,"column":10},"end":{"line":58,"column":null}},"26":{"start":{"line":56,"column":12},"end":{"line":56,"column":null}},"27":{"start":{"line":57,"column":12},"end":{"line":57,"column":null}},"28":{"start":{"line":62,"column":22},"end":{"line":62,"column":null}},"29":{"start":{"line":63,"column":12},"end":{"line":63,"column":null}},"30":{"start":{"line":65,"column":6},"end":{"line":71,"column":null}},"31":{"start":{"line":66,"column":8},"end":{"line":70,"column":null}},"32":{"start":{"line":73,"column":6},"end":{"line":73,"column":null}},"33":{"start":{"line":75,"column":6},"end":{"line":75,"column":null}},"34":{"start":{"line":76,"column":6},"end":{"line":76,"column":null}}},"fnMap":{"0":{"name":"createCollectHandler","decl":{"start":{"line":31,"column":16},"end":{"line":31,"column":37}},"loc":{"start":{"line":31,"column":59},"end":{"line":79,"column":null}},"line":31},"1":{"name":"(anonymous_1)","decl":{"start":{"line":32,"column":9},"end":{"line":32,"column":16}},"loc":{"start":{"line":32,"column":64},"end":{"line":78,"column":null}},"line":32},"2":{"name":"(anonymous_2)","decl":{"start":{"line":46,"column":42},"end":{"line":46,"column":50}},"loc":{"start":{"line":46,"column":56},"end":{"line":46,"column":75}},"line":46},"3":{"name":"(anonymous_3)","decl":{"start":{"line":54,"column":53},"end":{"line":54,"column":61}},"loc":{"start":{"line":54,"column":67},"end":{"line":54,"column":86}},"line":54}},"branchMap":{"0":{"loc":{"start":{"line":33,"column":4},"end":{"line":33,"column":null}},"type":"if","locations":[{"start":{"line":33,"column":4},"end":{"line":33,"column":null}},{"start":{},"end":{}}],"line":33},"1":{"loc":{"start":{"line":35,"column":17},"end":{"line":35,"column":null}},"type":"binary-expr","locations":[{"start":{"line":35,"column":17},"end":{"line":35,"column":49}},{"start":{"line":35,"column":49},"end":{"line":35,"column":null}}],"line":35},"2":{"loc":{"start":{"line":36,"column":4},"end":{"line":36,"column":null}},"type":"if","locations":[{"start":{"line":36,"column":4},"end":{"line":36,"column":null}},{"start":{},"end":{}}],"line":36},"3":{"loc":{"start":{"line":36,"column":8},"end":{"line":36,"column":52}},"type":"binary-expr","locations":[{"start":{"line":36,"column":8},"end":{"line":36,"column":17}},{"start":{"line":36,"column":17},"end":{"line":36,"column":52}}],"line":36},"4":{"loc":{"start":{"line":38,"column":4},"end":{"line":38,"column":null}},"type":"if","locations":[{"start":{"line":38,"column":4},"end":{"line":38,"column":null}},{"start":{},"end":{}}],"line":38},"5":{"loc":{"start":{"line":38,"column":8},"end":{"line":38,"column":132}},"type":"binary-expr","locations":[{"start":{"line":38,"column":8},"end":{"line":38,"column":26}},{"start":{"line":38,"column":26},"end":{"line":38,"column":65}},{"start":{"line":38,"column":65},"end":{"line":38,"column":132}}],"line":38},"6":{"loc":{"start":{"line":40,"column":22},"end":{"line":40,"column":null}},"type":"binary-expr","locations":[{"start":{"line":40,"column":22},"end":{"line":40,"column":50}},{"start":{"line":40,"column":50},"end":{"line":40,"column":null}}],"line":40},"7":{"loc":{"start":{"line":44,"column":6},"end":{"line":44,"column":null}},"type":"if","locations":[{"start":{"line":44,"column":6},"end":{"line":44,"column":null}},{"start":{},"end":{}}],"line":44},"8":{"loc":{"start":{"line":47,"column":6},"end":{"line":47,"column":null}},"type":"if","locations":[{"start":{"line":47,"column":6},"end":{"line":47,"column":null}},{"start":{},"end":{}}],"line":47},"9":{"loc":{"start":{"line":50,"column":6},"end":{"line":60,"column":null}},"type":"if","locations":[{"start":{"line":50,"column":6},"end":{"line":60,"column":null}},{"start":{},"end":{}}],"line":50},"10":{"loc":{"start":{"line":52,"column":8},"end":{"line":59,"column":null}},"type":"if","locations":[{"start":{"line":52,"column":8},"end":{"line":59,"column":null}},{"start":{},"end":{}}],"line":52},"11":{"loc":{"start":{"line":55,"column":10},"end":{"line":58,"column":null}},"type":"if","locations":[{"start":{"line":55,"column":10},"end":{"line":58,"column":null}},{"start":{},"end":{}}],"line":55},"12":{"loc":{"start":{"line":65,"column":6},"end":{"line":71,"column":null}},"type":"if","locations":[{"start":{"line":65,"column":6},"end":{"line":71,"column":null}},{"start":{},"end":{}}],"line":65},"13":{"loc":{"start":{"line":65,"column":10},"end":{"line":65,"column":81}},"type":"binary-expr","locations":[{"start":{"line":65,"column":10},"end":{"line":65,"column":41}},{"start":{"line":65,"column":41},"end":{"line":65,"column":81}}],"line":65}},"s":{"0":3,"1":26,"2":15,"3":1,"4":14,"5":15,"6":4,"7":10,"8":3,"9":7,"10":15,"11":15,"12":6,"13":2,"14":3,"15":7,"16":3,"17":0,"18":3,"19":3,"20":1,"21":1,"22":1,"23":1,"24":2,"25":1,"26":1,"27":1,"28":3,"29":2,"30":2,"31":1,"32":2,"33":3,"34":3},"f":{"0":26,"1":15,"2":7,"3":2},"b":{"0":[1,14],"1":[14,1],"2":[4,11],"3":[15,12],"4":[3,7],"5":[10,8,8],"6":[7,7],"7":[2,4],"8":[0,3],"9":[1,2],"10":[1,0],"11":[1,0],"12":[1,1],"13":[2,2]},"meta":{"lastBranch":14,"lastFunction":4,"lastStatement":35,"seen":{"s:7:6:7:Infinity":0,"f:31:16:31:37":0,"s:32:2:78:Infinity":1,"f:32:9:32:16":1,"b:33:4:33:Infinity:undefined:undefined:undefined:undefined":0,"s:33:4:33:Infinity":2,"s:33:32:33:Infinity":3,"s:35:17:35:Infinity":4,"b:35:17:35:49:35:49:35:Infinity":1,"b:36:4:36:Infinity:undefined:undefined:undefined:undefined":2,"s:36:4:36:Infinity":5,"b:36:8:36:17:36:17:36:52":3,"s:36:52:36:Infinity":6,"b:38:4:38:Infinity:undefined:undefined:undefined:undefined":4,"s:38:4:38:Infinity":7,"b:38:8:38:26:38:26:38:65:38:65:38:132":5,"s:38:132:38:Infinity":8,"s:40:22:40:Infinity":9,"b:40:22:40:50:40:50:40:Infinity":6,"s:42:4:77:Infinity":10,"s:43:26:43:Infinity":11,"b:44:6:44:Infinity:undefined:undefined:undefined:undefined":7,"s:44:6:44:Infinity":12,"s:44:45:44:Infinity":13,"s:46:21:46:Infinity":14,"f:46:42:46:50":2,"s:46:56:46:75":15,"b:47:6:47:Infinity:undefined:undefined:undefined:undefined":8,"s:47:6:47:Infinity":16,"s:47:33:47:Infinity":17,"s:48:30:48:Infinity":18,"b:50:6:60:Infinity:undefined:undefined:undefined:undefined":9,"s:50:6:60:Infinity":19,"s:51:22:51:Infinity":20,"b:52:8:59:Infinity:undefined:undefined:undefined:undefined":10,"s:52:8:59:Infinity":21,"s:53:30:53:Infinity":22,"s:54:32:54:Infinity":23,"f:54:53:54:61":3,"s:54:67:54:86":24,"b:55:10:58:Infinity:undefined:undefined:undefined:undefined":11,"s:55:10:58:Infinity":25,"s:56:12:56:Infinity":26,"s:57:12:57:Infinity":27,"s:62:22:62:Infinity":28,"s:63:12:63:Infinity":29,"b:65:6:71:Infinity:undefined:undefined:undefined:undefined":12,"s:65:6:71:Infinity":30,"b:65:10:65:41:65:41:65:81":13,"s:66:8:70:Infinity":31,"s:73:6:73:Infinity":32,"s:75:6:75:Infinity":33,"s:76:6:76:Infinity":34},"fnNames":{}}}
,"/Users/david/Code/WednesdayAI-plugins-skillweaver/extensions/skillweaver/src/logger.ts": {"path":"/Users/david/Code/WednesdayAI-plugins-skillweaver/extensions/skillweaver/src/logger.ts","statementMap":{"0":{"start":{"line":9,"column":8},"end":{"line":10,"column":null}},"1":{"start":{"line":10,"column":4},"end":{"line":10,"column":null}},"2":{"start":{"line":11,"column":2},"end":{"line":16,"column":null}},"3":{"start":{"line":12,"column":25},"end":{"line":12,"column":null}},"4":{"start":{"line":13,"column":25},"end":{"line":13,"column":null}},"5":{"start":{"line":14,"column":26},"end":{"line":14,"column":null}},"6":{"start":{"line":15,"column":26},"end":{"line":15,"column":null}}},"fnMap":{"0":{"name":"createSubsystemLogger","decl":{"start":{"line":8,"column":16},"end":{"line":8,"column":38}},"loc":{"start":{"line":8,"column":75},"end":{"line":17,"column":null}},"line":8},"1":{"name":"(anonymous_1)","decl":{"start":{"line":9,"column":8},"end":{"line":9,"column":22}},"loc":{"start":{"line":10,"column":4},"end":{"line":10,"column":null}},"line":10},"2":{"name":"(anonymous_2)","decl":{"start":{"line":12,"column":4},"end":{"line":12,"column":11}},"loc":{"start":{"line":12,"column":25},"end":{"line":12,"column":null}},"line":12},"3":{"name":"(anonymous_3)","decl":{"start":{"line":13,"column":4},"end":{"line":13,"column":11}},"loc":{"start":{"line":13,"column":25},"end":{"line":13,"column":null}},"line":13},"4":{"name":"(anonymous_4)","decl":{"start":{"line":14,"column":4},"end":{"line":14,"column":12}},"loc":{"start":{"line":14,"column":26},"end":{"line":14,"column":null}},"line":14},"5":{"name":"(anonymous_5)","decl":{"start":{"line":15,"column":4},"end":{"line":15,"column":12}},"loc":{"start":{"line":15,"column":26},"end":{"line":15,"column":null}},"line":15}},"branchMap":{"0":{"loc":{"start":{"line":10,"column":4},"end":{"line":10,"column":null}},"type":"cond-expr","locations":[{"start":{"line":10,"column":11},"end":{"line":10,"column":40}},{"start":{"line":10,"column":40},"end":{"line":10,"column":null}}],"line":10}},"s":{"0":7,"1":9,"2":7,"3":0,"4":9,"5":0,"6":0},"f":{"0":7,"1":9,"2":0,"3":9,"4":0,"5":0},"b":{"0":[9,0]},"meta":{"lastBranch":1,"lastFunction":6,"lastStatement":7,"seen":{"f:8:16:8:38":0,"s:9:8:10:Infinity":0,"f:9:8:9:22":1,"s:10:4:10:Infinity":1,"b:10:11:10:40:10:40:10:Infinity":0,"s:11:2:16:Infinity":2,"f:12:4:12:11":2,"s:12:25:12:Infinity":3,"f:13:4:13:11":3,"s:13:25:13:Infinity":4,"f:14:4:14:12":4,"s:14:26:14:Infinity":5,"f:15:4:15:12":5,"s:15:26:15:Infinity":6},"fnNames":{}}}
,"/Users/david/Code/WednesdayAI-plugins-skillweaver/extensions/skillweaver/src/retriever.ts": {"path":"/Users/david/Code/WednesdayAI-plugins-skillweaver/extensions/skillweaver/src/retriever.ts","statementMap":{"0":{"start":{"line":16,"column":15},"end":{"line":16,"column":null}},"1":{"start":{"line":17,"column":19},"end":{"line":17,"column":null}},"2":{"start":{"line":18,"column":19},"end":{"line":18,"column":null}},"3":{"start":{"line":20,"column":2},"end":{"line":56,"column":null}},"4":{"start":{"line":22,"column":6},"end":{"line":22,"column":null}},"5":{"start":{"line":22,"column":33},"end":{"line":22,"column":null}},"6":{"start":{"line":23,"column":19},"end":{"line":23,"column":null}},"7":{"start":{"line":24,"column":41},"end":{"line":24,"column":null}},"8":{"start":{"line":26,"column":6},"end":{"line":34,"column":null}},"9":{"start":{"line":27,"column":24},"end":{"line":27,"column":null}},"10":{"start":{"line":28,"column":8},"end":{"line":33,"column":null}},"11":{"start":{"line":29,"column":10},"end":{"line":32,"column":null}},"12":{"start":{"line":30,"column":12},"end":{"line":30,"column":null}},"13":{"start":{"line":31,"column":12},"end":{"line":31,"column":null}},"14":{"start":{"line":36,"column":6},"end":{"line":36,"column":null}},"15":{"start":{"line":40,"column":6},"end":{"line":40,"column":null}},"16":{"start":{"line":40,"column":33},"end":{"line":40,"column":null}},"17":{"start":{"line":41,"column":19},"end":{"line":41,"column":null}},"18":{"start":{"line":42,"column":33},"end":{"line":42,"column":null}},"19":{"start":{"line":44,"column":6},"end":{"line":52,"column":null}},"20":{"start":{"line":45,"column":24},"end":{"line":45,"column":null}},"21":{"start":{"line":46,"column":8},"end":{"line":51,"column":null}},"22":{"start":{"line":47,"column":10},"end":{"line":50,"column":null}},"23":{"start":{"line":48,"column":12},"end":{"line":48,"column":null}},"24":{"start":{"line":49,"column":12},"end":{"line":49,"column":null}},"25":{"start":{"line":54,"column":6},"end":{"line":54,"column":null}}},"fnMap":{"0":{"name":"createRetriever","decl":{"start":{"line":15,"column":16},"end":{"line":15,"column":32}},"loc":{"start":{"line":15,"column":86},"end":{"line":57,"column":null}},"line":15},"1":{"name":"retrieve","decl":{"start":{"line":21,"column":10},"end":{"line":21,"column":19}},"loc":{"start":{"line":21,"column":64},"end":{"line":37,"column":null}},"line":21},"2":{"name":"buildHintSet","decl":{"start":{"line":39,"column":10},"end":{"line":39,"column":23}},"loc":{"start":{"line":39,"column":65},"end":{"line":55,"column":null}},"line":39}},"branchMap":{"0":{"loc":{"start":{"line":17,"column":19},"end":{"line":17,"column":null}},"type":"binary-expr","locations":[{"start":{"line":17,"column":19},"end":{"line":17,"column":36}},{"start":{"line":17,"column":36},"end":{"line":17,"column":null}}],"line":17},"1":{"loc":{"start":{"line":18,"column":19},"end":{"line":18,"column":null}},"type":"binary-expr","locations":[{"start":{"line":18,"column":19},"end":{"line":18,"column":36}},{"start":{"line":18,"column":36},"end":{"line":18,"column":null}}],"line":18},"2":{"loc":{"start":{"line":22,"column":6},"end":{"line":22,"column":null}},"type":"if","locations":[{"start":{"line":22,"column":6},"end":{"line":22,"column":null}},{"start":{},"end":{}}],"line":22},"3":{"loc":{"start":{"line":29,"column":10},"end":{"line":32,"column":null}},"type":"if","locations":[{"start":{"line":29,"column":10},"end":{"line":32,"column":null}},{"start":{},"end":{}}],"line":29},"4":{"loc":{"start":{"line":29,"column":14},"end":{"line":29,"column":66}},"type":"binary-expr","locations":[{"start":{"line":29,"column":14},"end":{"line":29,"column":40}},{"start":{"line":29,"column":40},"end":{"line":29,"column":66}}],"line":29},"5":{"loc":{"start":{"line":40,"column":6},"end":{"line":40,"column":null}},"type":"if","locations":[{"start":{"line":40,"column":6},"end":{"line":40,"column":null}},{"start":{},"end":{}}],"line":40},"6":{"loc":{"start":{"line":47,"column":10},"end":{"line":50,"column":null}},"type":"if","locations":[{"start":{"line":47,"column":10},"end":{"line":50,"column":null}},{"start":{},"end":{}}],"line":47},"7":{"loc":{"start":{"line":47,"column":14},"end":{"line":47,"column":66}},"type":"binary-expr","locations":[{"start":{"line":47,"column":14},"end":{"line":47,"column":40}},{"start":{"line":47,"column":40},"end":{"line":47,"column":66}}],"line":47}},"s":{"0":20,"1":20,"2":20,"3":20,"4":3,"5":1,"6":2,"7":2,"8":2,"9":4,"10":4,"11":4,"12":3,"13":3,"14":2,"15":2,"16":0,"17":2,"18":2,"19":2,"20":3,"21":3,"22":22,"23":21,"24":21,"25":2},"f":{"0":20,"1":3,"2":2},"b":{"0":[20,3],"1":[20,20],"2":[1,2],"3":[3,1],"4":[4,3],"5":[0,2],"6":[21,1],"7":[22,21]},"meta":{"lastBranch":8,"lastFunction":3,"lastStatement":26,"seen":{"f:15:16:15:32":0,"s:16:15:16:Infinity":0,"s:17:19:17:Infinity":1,"b:17:19:17:36:17:36:17:Infinity":0,"s:18:19:18:Infinity":2,"b:18:19:18:36:18:36:18:Infinity":1,"s:20:2:56:Infinity":3,"f:21:10:21:19":1,"b:22:6:22:Infinity:undefined:undefined:undefined:undefined":2,"s:22:6:22:Infinity":4,"s:22:33:22:Infinity":5,"s:23:19:23:Infinity":6,"s:24:41:24:Infinity":7,"s:26:6:34:Infinity":8,"s:27:24:27:Infinity":9,"s:28:8:33:Infinity":10,"b:29:10:32:Infinity:undefined:undefined:undefined:undefined":3,"s:29:10:32:Infinity":11,"b:29:14:29:40:29:40:29:66":4,"s:30:12:30:Infinity":12,"s:31:12:31:Infinity":13,"s:36:6:36:Infinity":14,"f:39:10:39:23":2,"b:40:6:40:Infinity:undefined:undefined:undefined:undefined":5,"s:40:6:40:Infinity":15,"s:40:33:40:Infinity":16,"s:41:19:41:Infinity":17,"s:42:33:42:Infinity":18,"s:44:6:52:Infinity":19,"s:45:24:45:Infinity":20,"s:46:8:51:Infinity":21,"b:47:10:50:Infinity:undefined:undefined:undefined:undefined":6,"s:47:10:50:Infinity":22,"b:47:14:47:40:47:40:47:66":7,"s:48:12:48:Infinity":23,"s:49:12:49:Infinity":24,"s:54:6:54:Infinity":25},"fnNames":{}}}
,"/Users/david/Code/WednesdayAI-plugins-skillweaver/extensions/skillweaver/src/skill-index.ts": {"path":"/Users/david/Code/WednesdayAI-plugins-skillweaver/extensions/skillweaver/src/skill-index.ts","statementMap":{"0":{"start":{"line":7,"column":6},"end":{"line":7,"column":null}},"1":{"start":{"line":15,"column":19},"end":{"line":15,"column":null}},"2":{"start":{"line":17,"column":30},"end":{"line":17,"column":null}},"3":{"start":{"line":18,"column":21},"end":{"line":18,"column":null}},"4":{"start":{"line":19,"column":63},"end":{"line":19,"column":null}},"5":{"start":{"line":20,"column":28},"end":{"line":20,"column":null}},"6":{"start":{"line":21,"column":21},"end":{"line":21,"column":null}},"7":{"start":{"line":24,"column":4},"end":{"line":24,"column":null}},"8":{"start":{"line":28,"column":4},"end":{"line":28,"column":null}},"9":{"start":{"line":32,"column":4},"end":{"line":32,"column":null}},"10":{"start":{"line":32,"column":23},"end":{"line":32,"column":null}},"11":{"start":{"line":33,"column":16},"end":{"line":33,"column":null}},"12":{"start":{"line":34,"column":22},"end":{"line":34,"column":null}},"13":{"start":{"line":35,"column":4},"end":{"line":41,"column":null}},"14":{"start":{"line":36,"column":6},"end":{"line":39,"column":null}},"15":{"start":{"line":37,"column":8},"end":{"line":37,"column":null}},"16":{"start":{"line":38,"column":8},"end":{"line":38,"column":null}},"17":{"start":{"line":40,"column":6},"end":{"line":40,"column":null}},"18":{"start":{"line":43,"column":4},"end":{"line":45,"column":null}},"19":{"start":{"line":44,"column":6},"end":{"line":44,"column":null}},"20":{"start":{"line":47,"column":18},"end":{"line":47,"column":null}},"21":{"start":{"line":48,"column":22},"end":{"line":51,"column":null}},"22":{"start":{"line":49,"column":20},"end":{"line":49,"column":null}},"23":{"start":{"line":50,"column":6},"end":{"line":50,"column":null}},"24":{"start":{"line":53,"column":20},"end":{"line":53,"column":null}},"25":{"start":{"line":54,"column":4},"end":{"line":57,"column":null}},"26":{"start":{"line":55,"column":6},"end":{"line":55,"column":null}},"27":{"start":{"line":56,"column":6},"end":{"line":56,"column":null}},"28":{"start":{"line":58,"column":4},"end":{"line":61,"column":null}},"29":{"start":{"line":58,"column":17},"end":{"line":58,"column":20}},"30":{"start":{"line":59,"column":23},"end":{"line":59,"column":null}},"31":{"start":{"line":60,"column":6},"end":{"line":60,"column":null}},"32":{"start":{"line":60,"column":20},"end":{"line":60,"column":null}},"33":{"start":{"line":63,"column":4},"end":{"line":69,"column":null}},"34":{"start":{"line":64,"column":6},"end":{"line":67,"column":null}},"35":{"start":{"line":65,"column":8},"end":{"line":65,"column":null}},"36":{"start":{"line":66,"column":8},"end":{"line":66,"column":null}},"37":{"start":{"line":68,"column":6},"end":{"line":68,"column":null}},"38":{"start":{"line":71,"column":32},"end":{"line":71,"column":null}},"39":{"start":{"line":72,"column":21},"end":{"line":72,"column":null}},"40":{"start":{"line":73,"column":4},"end":{"line":73,"column":null}},"41":{"start":{"line":74,"column":4},"end":{"line":74,"column":null}},"42":{"start":{"line":76,"column":16},"end":{"line":76,"column":null}},"43":{"start":{"line":76,"column":65},"end":{"line":76,"column":66}},"44":{"start":{"line":77,"column":4},"end":{"line":77,"column":null}},"45":{"start":{"line":77,"column":27},"end":{"line":77,"column":72}},"46":{"start":{"line":79,"column":4},"end":{"line":83,"column":null}},"47":{"start":{"line":80,"column":6},"end":{"line":80,"column":null}},"48":{"start":{"line":81,"column":6},"end":{"line":81,"column":null}},"49":{"start":{"line":82,"column":6},"end":{"line":82,"column":null}},"50":{"start":{"line":87,"column":4},"end":{"line":87,"column":null}},"51":{"start":{"line":87,"column":47},"end":{"line":87,"column":null}},"52":{"start":{"line":89,"column":24},"end":{"line":89,"column":null}},"53":{"start":{"line":90,"column":18},"end":{"line":90,"column":null}},"54":{"start":{"line":91,"column":14},"end":{"line":91,"column":null}},"55":{"start":{"line":92,"column":19},"end":{"line":92,"column":null}},"56":{"start":{"line":94,"column":17},"end":{"line":94,"column":null}},"57":{"start":{"line":96,"column":36},"end":{"line":96,"column":null}},"58":{"start":{"line":97,"column":4},"end":{"line":111,"column":null}},"59":{"start":{"line":97,"column":17},"end":{"line":97,"column":20}},"60":{"start":{"line":98,"column":18},"end":{"line":98,"column":null}},"61":{"start":{"line":99,"column":23},"end":{"line":99,"column":null}},"62":{"start":{"line":100,"column":6},"end":{"line":110,"column":null}},"63":{"start":{"line":101,"column":21},"end":{"line":101,"column":null}},"64":{"start":{"line":102,"column":22},"end":{"line":102,"column":null}},"65":{"start":{"line":103,"column":8},"end":{"line":109,"column":null}},"66":{"start":{"line":112,"column":4},"end":{"line":112,"column":null}},"67":{"start":{"line":116,"column":18},"end":{"line":116,"column":null}},"68":{"start":{"line":117,"column":4},"end":{"line":117,"column":null}},"69":{"start":{"line":117,"column":16},"end":{"line":117,"column":null}},"70":{"start":{"line":118,"column":36},"end":{"line":118,"column":null}},"71":{"start":{"line":119,"column":4},"end":{"line":119,"column":null}},"72":{"start":{"line":127,"column":4},"end":{"line":127,"column":null}},"73":{"start":{"line":127,"column":23},"end":{"line":127,"column":null}},"74":{"start":{"line":128,"column":4},"end":{"line":128,"column":null}},"75":{"start":{"line":128,"column":32},"end":{"line":128,"column":null}},"76":{"start":{"line":130,"column":10},"end":{"line":140,"column":null}},"77":{"start":{"line":131,"column":6},"end":{"line":131,"column":null}},"78":{"start":{"line":131,"column":29},"end":{"line":131,"column":null}},"79":{"start":{"line":132,"column":6},"end":{"line":139,"column":null}},"80":{"start":{"line":133,"column":8},"end":{"line":138,"column":null}},"81":{"start":{"line":134,"column":26},"end":{"line":134,"column":null}},"82":{"start":{"line":135,"column":10},"end":{"line":135,"column":null}},"83":{"start":{"line":137,"column":10},"end":{"line":137,"column":null}},"84":{"start":{"line":142,"column":4},"end":{"line":173,"column":null}},"85":{"start":{"line":143,"column":27},"end":{"line":143,"column":null}},"86":{"start":{"line":144,"column":12},"end":{"line":147,"column":null}},"87":{"start":{"line":145,"column":8},"end":{"line":145,"column":null}},"88":{"start":{"line":145,"column":45},"end":{"line":145,"column":null}},"89":{"start":{"line":146,"column":8},"end":{"line":146,"column":null}},"90":{"start":{"line":148,"column":6},"end":{"line":152,"column":null}},"91":{"start":{"line":149,"column":8},"end":{"line":149,"column":null}},"92":{"start":{"line":150,"column":8},"end":{"line":150,"column":null}},"93":{"start":{"line":151,"column":8},"end":{"line":151,"column":null}},"94":{"start":{"line":153,"column":6},"end":{"line":153,"column":null}},"95":{"start":{"line":155,"column":6},"end":{"line":168,"column":null}},"96":{"start":{"line":156,"column":8},"end":{"line":167,"column":null}},"97":{"start":{"line":157,"column":10},"end":{"line":166,"column":null}},"98":{"start":{"line":158,"column":12},"end":{"line":165,"column":null}},"99":{"start":{"line":159,"column":20},"end":{"line":159,"column":null}},"100":{"start":{"line":160,"column":20},"end":{"line":162,"column":null}},"101":{"start":{"line":161,"column":16},"end":{"line":161,"column":null}},"102":{"start":{"line":161,"column":45},"end":{"line":161,"column":null}},"103":{"start":{"line":163,"column":14},"end":{"line":163,"column":null}},"104":{"start":{"line":164,"column":14},"end":{"line":164,"column":null}},"105":{"start":{"line":170,"column":6},"end":{"line":170,"column":null}},"106":{"start":{"line":172,"column":6},"end":{"line":172,"column":null}},"107":{"start":{"line":177,"column":4},"end":{"line":180,"column":null}},"108":{"start":{"line":178,"column":6},"end":{"line":178,"column":null}},"109":{"start":{"line":179,"column":6},"end":{"line":179,"column":null}},"110":{"start":{"line":181,"column":4},"end":{"line":185,"column":null}},"111":{"start":{"line":182,"column":6},"end":{"line":182,"column":null}},"112":{"start":{"line":182,"column":46},"end":{"line":182,"column":null}},"113":{"start":{"line":183,"column":6},"end":{"line":183,"column":null}},"114":{"start":{"line":184,"column":6},"end":{"line":184,"column":null}},"115":{"start":{"line":186,"column":4},"end":{"line":186,"column":null}},"116":{"start":{"line":190,"column":4},"end":{"line":190,"column":null}},"117":{"start":{"line":191,"column":4},"end":{"line":191,"column":null}},"118":{"start":{"line":192,"column":4},"end":{"line":192,"column":null}},"119":{"start":{"line":193,"column":4},"end":{"line":193,"column":null}},"120":{"start":{"line":194,"column":4},"end":{"line":194,"column":null}},"121":{"start":{"line":198,"column":4},"end":{"line":204,"column":null}},"122":{"start":{"line":199,"column":16},"end":{"line":199,"column":null}},"123":{"start":{"line":200,"column":6},"end":{"line":203,"column":null}},"124":{"start":{"line":205,"column":4},"end":{"line":205,"column":null}}},"fnMap":{"0":{"name":"constructor","decl":{"start":{"line":23,"column":2},"end":{"line":23,"column":14}},"loc":{"start":{"line":23,"column":41},"end":{"line":25,"column":null}},"line":23},"1":{"name":"size","decl":{"start":{"line":27,"column":6},"end":{"line":27,"column":21}},"loc":{"start":{"line":27,"column":21},"end":{"line":29,"column":null}},"line":27},"2":{"name":"build","decl":{"start":{"line":31,"column":8},"end":{"line":31,"column":14}},"loc":{"start":{"line":31,"column":52},"end":{"line":84,"column":null}},"line":31},"3":{"name":"(anonymous_3)","decl":{"start":{"line":48,"column":28},"end":{"line":48,"column":33}},"loc":{"start":{"line":48,"column":42},"end":{"line":51,"column":5}},"line":48},"4":{"name":"(anonymous_4)","decl":{"start":{"line":76,"column":52},"end":{"line":76,"column":56}},"loc":{"start":{"line":76,"column":65},"end":{"line":76,"column":66}},"line":76},"5":{"name":"(anonymous_5)","decl":{"start":{"line":77,"column":8},"end":{"line":77,"column":17}},"loc":{"start":{"line":77,"column":27},"end":{"line":77,"column":72}},"line":77},"6":{"name":"search","decl":{"start":{"line":86,"column":8},"end":{"line":86,"column":15}},"loc":{"start":{"line":86,"column":69},"end":{"line":113,"column":null}},"line":86},"7":{"name":"getSkill","decl":{"start":{"line":115,"column":2},"end":{"line":115,"column":11}},"loc":{"start":{"line":115,"column":49},"end":{"line":120,"column":null}},"line":115},"8":{"name":"watch","decl":{"start":{"line":122,"column":2},"end":{"line":122,"column":null}},"loc":{"start":{"line":126,"column":37},"end":{"line":174,"column":null}},"line":126},"9":{"name":"(anonymous_9)","decl":{"start":{"line":130,"column":10},"end":{"line":130,"column":34}},"loc":{"start":{"line":130,"column":34},"end":{"line":140,"column":null}},"line":130},"10":{"name":"(anonymous_10)","decl":{"start":{"line":132,"column":37},"end":{"line":132,"column":49}},"loc":{"start":{"line":132,"column":49},"end":{"line":139,"column":9}},"line":132},"11":{"name":"(anonymous_11)
[...]
,"/Users/david/Code/WednesdayAI-plugins-skillweaver/extensions/skillweaver/src/embedding/cloud.ts": {"path":"/Users/david/Code/WednesdayAI-plugins-skillweaver/extensions/skillweaver/src/embedding/cloud.ts","statementMap":{"0":{"start":{"line":3,"column":22},"end":{"line":3,"column":null}},"1":{"start":{"line":4,"column":25},"end":{"line":4,"column":null}},"2":{"start":{"line":5,"column":19},"end":{"line":5,"column":null}},"3":{"start":{"line":14,"column":16},"end":{"line":14,"column":null}},"4":{"start":{"line":15,"column":24},"end":{"line":15,"column":null}},"5":{"start":{"line":20,"column":21},"end":{"line":20,"column":null}},"6":{"start":{"line":23,"column":4},"end":{"line":23,"column":null}},"7":{"start":{"line":24,"column":4},"end":{"line":24,"column":null}},"8":{"start":{"line":25,"column":4},"end":{"line":25,"column":null}},"9":{"start":{"line":29,"column":4},"end":{"line":29,"column":null}},"10":{"start":{"line":29,"column":23},"end":{"line":29,"column":null}},"11":{"start":{"line":30,"column":17},"end":{"line":34,"column":null}},"12":{"start":{"line":36,"column":44},"end":{"line":36,"column":null}},"13":{"start":{"line":37,"column":4},"end":{"line":37,"column":null}},"14":{"start":{"line":37,"column":21},"end":{"line":37,"column":null}},"15":{"start":{"line":39,"column":21},"end":{"line":39,"column":null}},"16":{"start":{"line":40,"column":4},"end":{"line":42,"column":null}},"17":{"start":{"line":41,"column":6},"end":{"line":41,"column":null}},"18":{"start":{"line":44,"column":17},"end":{"line":44,"column":null}},"19":{"start":{"line":45,"column":19},"end":{"line":45,"column":null}},"20":{"start":{"line":45,"column":44},"end":{"line":45,"column":61}},"21":{"start":{"line":46,"column":4},"end":{"line":51,"column":null}},"22":{"start":{"line":47,"column":6},"end":{"line":50,"column":null}},"23":{"start":{"line":52,"column":4},"end":{"line":52,"column":null}},"24":{"start":{"line":52,"column":32},"end":{"line":52,"column":64}},"25":{"start":{"line":56,"column":20},"end":{"line":56,"column":null}},"26":{"start":{"line":57,"column":4},"end":{"line":57,"column":null}},"27":{"start":{"line":57,"column":30},"end":{"line":57,"column":null}},"28":{"start":{"line":58,"column":4},"end":{"line":58,"column":null}},"29":{"start":{"line":62,"column":4},"end":{"line":62,"column":null}}},"fnMap":{"0":{"name":"constructor","decl":{"start":{"line":22,"column":2},"end":{"line":22,"column":14}},"loc":{"start":{"line":22,"column":48},"end":{"line":26,"column":null}},"line":22},"1":{"name":"embed","decl":{"start":{"line":28,"column":8},"end":{"line":28,"column":14}},"loc":{"start":{"line":28,"column":56},"end":{"line":53,"column":null}},"line":28},"2":{"name":"(anonymous_2)","decl":{"start":{"line":45,"column":29},"end":{"line":45,"column":35}},"loc":{"start":{"line":45,"column":44},"end":{"line":45,"column":61}},"line":45},"3":{"name":"(anonymous_3)","decl":{"start":{"line":52,"column":18},"end":{"line":52,"column":23}},"loc":{"start":{"line":52,"column":32},"end":{"line":52,"column":64}},"line":52},"4":{"name":"embedSingle","decl":{"start":{"line":55,"column":8},"end":{"line":55,"column":20}},"loc":{"start":{"line":55,"column":57},"end":{"line":59,"column":null}},"line":55},"5":{"name":"dispose","decl":{"start":{"line":61,"column":2},"end":{"line":61,"column":18}},"loc":{"start":{"line":61,"column":18},"end":{"line":63,"column":null}},"line":61}},"branchMap":{"0":{"loc":{"start":{"line":22,"column":14},"end":{"line":22,"column":48}},"type":"default-arg","locations":[{"start":{"line":22,"column":44},"end":{"line":22,"column":48}}],"line":22},"1":{"loc":{"start":{"line":23,"column":18},"end":{"line":23,"column":null}},"type":"binary-expr","locations":[{"start":{"line":23,"column":18},"end":{"line":23,"column":33}},{"start":{"line":23,"column":33},"end":{"line":23,"column":63}},{"start":{"line":23,"column":63},"end":{"line":23,"column":null}}],"line":23},"2":{"loc":{"start":{"line":24,"column":17},"end":{"line":24,"column":null}},"type":"binary-expr","locations":[{"start":{"line":24,"column":17},"end":{"line":24,"column":31}},{"start":{"line":24,"column":31},"end":{"line":24,"column":null}}],"line":24},"3":{"loc":{"start":{"line":25,"column":20},"end":{"line":25,"column":null}},"type":"binary-expr","locations":[{"start":{"line":25,"column":20},"end":{"line":25,"column":37}},{"start":{"line":25,"column":37},"end":{"line":25,"column":null}}],"line":25},"4":{"loc":{"start":{"line":29,"column":4},"end":{"line":29,"column":null}},"type":"if","locations":[{"start":{"line":29,"column":4},"end":{"line":29,"column":null}},{"start":{},"end":{}}],"line":29},"5":{"loc":{"start":{"line":37,"column":4},"end":{"line":37,"column":null}},"type":"if","locations":[{"start":{"line":37,"column":4},"end":{"line":37,"column":null}},{"start":{},"end":{}}],"line":37},"6":{"loc":{"start":{"line":40,"column":4},"end":{"line":42,"column":null}},"type":"if","locations":[{"start":{"line":40,"column":4},"end":{"line":42,"column":null}},{"start":{},"end":{}}],"line":40},"7":{"loc":{"start":{"line":46,"column":4},"end":{"line":51,"column":null}},"type":"if","locations":[{"start":{"line":46,"column":4},"end":{"line":51,"column":null}},{"start":{},"end":{}}],"line":46},"8":{"loc":{"start":{"line":46,"column":8},"end":{"line":46,"column":77}},"type":"binary-expr","locations":[{"start":{"line":46,"column":8},"end":{"line":46,"column":29}},{"start":{"line":46,"column":29},"end":{"line":46,"column":77}}],"line":46},"9":{"loc":{"start":{"line":57,"column":4},"end":{"line":57,"column":null}},"type":"if","locations":[{"start":{"line":57,"column":4},"end":{"line":57,"column":null}},{"start":{},"end":{}}],"line":57}},"s":{"0":4,"1":4,"2":4,"3":8,"4":8,"5":8,"6":8,"7":8,"8":8,"9":4,"10":0,"11":4,"12":4,"13":4,"14":4,"15":4,"16":4,"17":1,"18":3,"19":3,"20":1,"21":3,"22":0,"23":3,"24":4,"25":1,"26":1,"27":0,"28":1,"29":2},"f":{"0":8,"1":4,"2":1,"3":4,"4":1,"5":2},"b":{"0":[8],"1":[8,2,2],"2":[8,6],"3":[8,8],"4":[0,4],"5":[4,0],"6":[1,3],"7":[0,3],"8":[3,3],"9":[0,1]},"meta":{"lastBranch":10,"lastFunction":6,"lastStatement":30,"seen":{"s:3:22:3:Infinity":0,"s:4:25:4:Infinity":1,"s:5:19:5:Infinity":2,"s:14:16:14:Infinity":3,"s:15:24:15:Infinity":4,"s:20:21:20:Infinity":5,"f:22:2:22:14":0,"b:22:44:22:48":0,"s:23:4:23:Infinity":6,"b:23:18:23:33:23:33:23:63:23:63:23:Infinity":1,"s:24:4:24:Infinity":7,"b:24:17:24:31:24:31:24:Infinity":2,"s:25:4:25:Infinity":8,"b:25:20:25:37:25:37:25:Infinity":3,"f:28:8:28:14":1,"b:29:4:29:Infinity:undefined:undefined:undefined:undefined":4,"s:29:4:29:Infinity":9,"s:29:23:29:Infinity":10,"s:30:17:34:Infinity":11,"s:36:44:36:Infinity":12,"b:37:4:37:Infinity:undefined:undefined:undefined:undefined":5,"s:37:4:37:Infinity":13,"s:37:21:37:Infinity":14,"s:39:21:39:Infinity":15,"b:40:4:42:Infinity:undefined:undefined:undefined:undefined":6,"s:40:4:42:Infinity":16,"s:41:6:41:Infinity":17,"s:44:17:44:Infinity":18,"s:45:19:45:Infinity":19,"f:45:29:45:35":2,"s:45:44:45:61":20,"b:46:4:51:Infinity:undefined:undefined:undefined:undefined":7,"s:46:4:51:Infinity":21,"b:46:8:46:29:46:29:46:77":8,"s:47:6:50:Infinity":22,"s:52:4:52:Infinity":23,"f:52:18:52:23":3,"s:52:32:52:64":24,"f:55:8:55:20":4,"s:56:20:56:Infinity":25,"b:57:4:57:Infinity:undefined:undefined:undefined:undefined":9,"s:57:4:57:Infinity":26,"s:57:30:57:Infinity":27,"s:58:4:58:Infinity":28,"f:61:2:61:18":5,"s:62:4:62:Infinity":29},"fnNames":{}}}
,"/Users/david/Code/WednesdayAI-plugins-skillweaver/extensions/skillweaver/src/embedding/custom.ts": {"path":"/Users/david/Code/WednesdayAI-plugins-skillweaver/extensions/skillweaver/src/embedding/custom.ts","statementMap":{"0":{"start":{"line":11,"column":16},"end":{"line":11,"column":null}},"1":{"start":{"line":17,"column":21},"end":{"line":17,"column":null}},"2":{"start":{"line":20,"column":4},"end":{"line":22,"column":null}},"3":{"start":{"line":21,"column":6},"end":{"line":21,"column":null}},"4":{"start":{"line":23,"column":4},"end":{"line":23,"column":null}},"5":{"start":{"line":24,"column":4},"end":{"line":24,"column":null}},"6":{"start":{"line":25,"column":4},"end":{"line":25,"column":null}},"7":{"start":{"line":26,"column":4},"end":{"line":26,"column":null}},"8":{"start":{"line":30,"column":4},"end":{"line":30,"column":null}},"9":{"start":{"line":30,"column":23},"end":{"line":30,"column":null}},"10":{"start":{"line":31,"column":17},"end":{"line":35,"column":null}},"11":{"start":{"line":37,"column":44},"end":{"line":37,"column":null}},"12":{"start":{"line":38,"column":4},"end":{"line":38,"column":null}},"13":{"start":{"line":38,"column":21},"end":{"line":38,"column":null}},"14":{"start":{"line":40,"column":21},"end":{"line":40,"column":null}},"15":{"start":{"line":41,"column":4},"end":{"line":43,"column":null}},"16":{"start":{"line":42,"column":6},"end":{"line":42,"column":null}},"17":{"start":{"line":45,"column":17},"end":{"line":45,"column":null}},"18":{"start":{"line":46,"column":19},"end":{"line":46,"column":null}},"19":{"start":{"line":46,"column":44},"end":{"line":46,"column":61}},"20":{"start":{"line":47,"column":4},"end":{"line":52,"column":null}},"21":{"start":{"line":48,"column":6},"end":{"line":51,"column":null}},"22":{"start":{"line":53,"column":4},"end":{"line":53,"column":null}},"23":{"start":{"line":53,"column":32},"end":{"line":53,"column":64}},"24":{"start":{"line":57,"column":20},"end":{"line":57,"column":null}},"25":{"start":{"line":58,"column":4},"end":{"line":58,"column":null}},"26":{"start":{"line":58,"column":30},"end":{"line":58,"column":null}},"27":{"start":{"line":59,"column":4},"end":{"line":59,"column":null}},"28":{"start":{"line":63,"column":4},"end":{"line":63,"column":null}}},"fnMap":{"0":{"name":"constructor","decl":{"start":{"line":19,"column":2},"end":{"line":19,"column":14}},"loc":{"start":{"line":19,"column":44},"end":{"line":27,"column":null}},"line":19},"1":{"name":"embed","decl":{"start":{"line":29,"column":8},"end":{"line":29,"column":14}},"loc":{"start":{"line":29,"column":56},"end":{"line":54,"column":null}},"line":29},"2":{"name":"(anonymous_2)","decl":{"start":{"line":46,"column":29},"end":{"line":46,"column":35}},"loc":{"start":{"line":46,"column":44},"end":{"line":46,"column":61}},"line":46},"3":{"name":"(anonymous_3)","decl":{"start":{"line":53,"column":18},"end":{"line":53,"column":23}},"loc":{"start":{"line":53,"column":32},"end":{"line":53,"column":64}},"line":53},"4":{"name":"embedSingle","decl":{"start":{"line":56,"column":8},"end":{"line":56,"column":20}},"loc":{"start":{"line":56,"column":57},"end":{"line":60,"column":null}},"line":56},"5":{"name":"dispose","decl":{"start":{"line":62,"column":2},"end":{"line":62,"column":18}},"loc":{"start":{"line":62,"column":18},"end":{"line":64,"column":null}},"line":62}},"branchMap":{"0":{"loc":{"start":{"line":20,"column":4},"end":{"line":22,"column":null}},"type":"if","locations":[{"start":{"line":20,"column":4},"end":{"line":22,"column":null}},{"start":{},"end":{}}],"line":20},"1":{"loc":{"start":{"line":24,"column":18},"end":{"line":24,"column":null}},"type":"binary-expr","locations":[{"start":{"line":24,"column":18},"end":{"line":24,"column":33}},{"start":{"line":24,"column":33},"end":{"line":24,"column":null}}],"line":24},"2":{"loc":{"start":{"line":25,"column":22},"end":{"line":25,"column":null}},"type":"binary-expr","locations":[{"start":{"line":25,"column":22},"end":{"line":25,"column":41}},{"start":{"line":25,"column":41},"end":{"line":25,"column":null}}],"line":25},"3":{"loc":{"start":{"line":26,"column":17},"end":{"line":26,"column":null}},"type":"binary-expr","locations":[{"start":{"line":26,"column":17},"end":{"line":26,"column":31}},{"start":{"line":26,"column":31},"end":{"line":26,"column":null}}],"line":26},"4":{"loc":{"start":{"line":30,"column":4},"end":{"line":30,"column":null}},"type":"if","locations":[{"start":{"line":30,"column":4},"end":{"line":30,"column":null}},{"start":{},"end":{}}],"line":30},"5":{"loc":{"start":{"line":38,"column":4},"end":{"line":38,"column":null}},"type":"if","locations":[{"start":{"line":38,"column":4},"end":{"line":38,"column":null}},{"start":{},"end":{}}],"line":38},"6":{"loc":{"start":{"line":41,"column":4},"end":{"line":43,"column":null}},"type":"if","locations":[{"start":{"line":41,"column":4},"end":{"line":43,"column":null}},{"start":{},"end":{}}],"line":41},"7":{"loc":{"start":{"line":47,"column":4},"end":{"line":52,"column":null}},"type":"if","locations":[{"start":{"line":47,"column":4},"end":{"line":52,"column":null}},{"start":{},"end":{}}],"line":47},"8":{"loc":{"start":{"line":47,"column":8},"end":{"line":47,"column":77}},"type":"binary-expr","locations":[{"start":{"line":47,"column":8},"end":{"line":47,"column":29}},{"start":{"line":47,"column":29},"end":{"line":47,"column":77}}],"line":47},"9":{"loc":{"start":{"line":58,"column":4},"end":{"line":58,"column":null}},"type":"if","locations":[{"start":{"line":58,"column":4},"end":{"line":58,"column":null}},{"start":{},"end":{}}],"line":58}},"s":{"0":9,"1":9,"2":9,"3":1,"4":8,"5":8,"6":9,"7":9,"8":4,"9":0,"10":4,"11":4,"12":4,"13":1,"14":4,"15":4,"16":1,"17":3,"18":3,"19":0,"20":3,"21":0,"22":3,"23":3,"24":1,"25":1,"26":0,"27":1,"28":1},"f":{"0":9,"1":4,"2":0,"3":3,"4":1,"5":1},"b":{"0":[1,8],"1":[8,7],"2":[9,7],"3":[9,8],"4":[0,4],"5":[1,3],"6":[1,3],"7":[0,3],"8":[3,3],"9":[0,1]},"meta":{"lastBranch":10,"lastFunction":6,"lastStatement":29,"seen":{"s:11:16:11:Infinity":0,"s:17:21:17:Infinity":1,"f:19:2:19:14":0,"b:20:4:22:Infinity:undefined:undefined:undefined:undefined":0,"s:20:4:22:Infinity":2,"s:21:6:21:Infinity":3,"s:23:4:23:Infinity":4,"s:24:4:24:Infinity":5,"b:24:18:24:33:24:33:24:Infinity":1,"s:25:4:25:Infinity":6,"b:25:22:25:41:25:41:25:Infinity":2,"s:26:4:26:Infinity":7,"b:26:17:26:31:26:31:26:Infinity":3,"f:29:8:29:14":1,"b:30:4:30:Infinity:undefined:undefined:undefined:undefined":4,"s:30:4:30:Infinity":8,"s:30:23:30:Infinity":9,"s:31:17:35:Infinity":10,"s:37:44:37:Infinity":11,"b:38:4:38:Infinity:undefined:undefined:undefined:undefined":5,"s:38:4:38:Infinity":12,"s:38:21:38:Infinity":13,"s:40:21:40:Infinity":14,"b:41:4:43:Infinity:undefined:undefined:undefined:undefined":6,"s:41:4:43:Infinity":15,"s:42:6:42:Infinity":16,"s:45:17:45:Infinity":17,"s:46:19:46:Infinity":18,"f:46:29:46:35":2,"s:46:44:46:61":19,"b:47:4:52:Infinity:undefined:undefined:undefined:undefined":7,"s:47:4:52:Infinity":20,"b:47:8:47:29:47:29:47:77":8,"s:48:6:51:Infinity":21,"s:53:4:53:Infinity":22,"f:53:18:53:23":3,"s:53:32:53:64":23,"f:56:8:56:20":4,"s:57:20:57:Infinity":24,"b:58:4:58:Infinity:undefined:undefined:undefined:undefined":9,"s:58:4:58:Infinity":25,"s:58:30:58:Infinity":26,"s:59:4:59:Infinity":27,"f:62:2:62:18":5,"s:63:4:63:Infinity":28},"fnNames":{}}}
,"/Users/david/Code/WednesdayAI-plugins-skillweaver/extensions/skillweaver/src/embedding/local.ts": {"path":"/Users/david/Code/WednesdayAI-plugins-skillweaver/extensions/skillweaver/src/embedding/local.ts","statementMap":{"0":{"start":{"line":3,"column":22},"end":{"line":3,"column":null}},"1":{"start":{"line":4,"column":19},"end":{"line":4,"column":null}},"2":{"start":{"line":7,"column":16},"end":{"line":7,"column":null}},"3":{"start":{"line":8,"column":24},"end":{"line":8,"column":null}},"4":{"start":{"line":12,"column":21},"end":{"line":12,"column":null}},"5":{"start":{"line":15,"column":4},"end":{"line":15,"column":null}},"6":{"start":{"line":20,"column":25},"end":{"line":20,"column":null}},"7":{"start":{"line":21,"column":24},"end":{"line":21,"column":null}},"8":{"start":{"line":22,"column":4},"end":{"line":22,"column":null}},"9":{"start":{"line":26,"column":4},"end":{"line":26,"column":null}},"10":{"start":{"line":26,"column":23},"end":{"line":26,"column":null}},"11":{"start":{"line":27,"column":17},"end":{"line":27,"column":null}},"12":{"start":{"line":28,"column":36},"end":{"line":28,"column":null}},"13":{"start":{"line":29,"column":4},"end":{"line":33,"column":null}},"14":{"start":{"line":30,"column":21},"end":{"line":30,"column":null}},"15":{"start":{"line":31,"column":19},"end":{"line":31,"column":null}},"16":{"start":{"line":32,"column":6},"end":{"line":32,"column":null}},"17":{"start":{"line":34,"column":4},"end":{"line":34,"column":null}},"18":{"start":{"line":38,"column":20},"end":{"line":38,"column":null}},"19":{"start":{"line":39,"column":4},"end":{"line":39,"column":null}},"20":{"start":{"line":43,"column":4},"end":{"line":43,"column":null}}},"fnMap":{"0":{"name":"constructor","decl":{"start":{"line":14,"column":2},"end":{"line":14,"column":14}},"loc":{"start":{"line":14,"column":49},"end":{"line":16,"column":null}},"line":14},"1":{"name":"loadPipeline","decl":{"start":{"line":18,"column":16},"end":{"line":18,"column":29}},"loc":{"start":{"line":18,"column":66},"end":{"line":23,"column":null}},"line":18},"2":{"name":"embed","decl":{"start":{"line":25,"column":8},"end":{"line":25,"column":14}},"loc":{"start":{"line":25,"column":56},"end":{"line":35,"column":null}},"line":25},"3":{"name":"embedSingle","decl":{"start":{"line":37,"column":8},"end":{"line":37,"column":20}},"loc":{"start":{"line":37,"column":57},"end":{"line":40,"column":null}},"line":37},"4":{"name":"dispose","decl":{"start":{"line":42,"column":2},"end":{"line":42,"column":18}},"loc":{"start":{"line":42,"column":18},"end":{"line":44,"column":null}},"line":42}},"branchMap":{"0":{"loc":{"start":{"line":14,"column":14},"end":{"line":14,"column":49}},"type":"default-arg","locations":[{"start":{"line":14,"column":34},"end":{"line":14,"column":49}}],"line":14},"1":{"loc":{"start":{"line":21,"column":24},"end":{"line":21,"column":null}},"type":"cond-expr","locations":[{"start":{"line":21,"column":58},"end":{"line":21,"column":70}},{"start":{"line":21,"column":70},"end":{"line":21,"column":null}}],"line":21},"2":{"loc":{"start":{"line":26,"column":4},"end":{"line":26,"column":null}},"type":"if","locations":[{"start":{"line":26,"column":4},"end":{"line":26,"column":null}},{"start":{},"end":{}}],"line":26},"3":{"loc":{"start":{"line":31,"column":19},"end":{"line":31,"column":null}},"type":"cond-expr","locations":[{"start":{"line":31,"column":57},"end":{"line":31,"column":71}},{"start":{"line":31,"column":71},"end":{"line":31,"column":null}}],"line":31}},"s":{"0":3,"1":3,"2":14,"3":14,"4":14,"5":14,"6":14,"7":14,"8":14,"9":2,"10":0,"11":2,"12":2,"13":2,"14":3,"15":3,"16":3,"17":2,"18":1,"19":1,"20":3},"f":{"0":14,"1":14,"2":2,"3":1,"4":3},"b":{"0":[14],"1":[0,14],"2":[0,2],"3":[0,3]},"meta":{"lastBranch":4,"lastFunction":5,"lastStatement":21,"seen":{"s:3:22:3:Infinity":0,"s:4:19:4:Infinity":1,"s:7:16:7:Infinity":2,"s:8:24:8:Infinity":3,"s:12:21:12:Infinity":4,"f:14:2:14:14":0,"b:14:34:14:49":0,"s:15:4:15:Infinity":5,"f:18:16:18:29":1,"s:20:25:20:Infinity":6,"s:21:24:21:Infinity":7,"b:21:58:21:70:21:70:21:Infinity":1,"s:22:4:22:Infinity":8,"f:25:8:25:14":2,"b:26:4:26:Infinity:undefined:undefined:undefined:undefined":2,"s:26:4:26:Infinity":9,"s:26:23:26:Infinity":10,"s:27:17:27:Infinity":11,"s:28:36:28:Infinity":12,"s:29:4:33:Infinity":13,"s:30:21:30:Infinity":14,"s:31:19:31:Infinity":15,"b:31:57:31:71:31:71:31:Infinity":3,"s:32:6:32:Infinity":16,"s:34:4:34:Infinity":17,"f:37:8:37:20":3,"s:38:20:38:Infinity":18,"s:39:4:39:Infinity":19,"f:42:2:42:18":4,"s:43:4:43:Infinity":20},"fnNames":{}}}
,"/Users/david/Code/WednesdayAI-plugins-skillweaver/extensions/skillweaver/src/embedding/types.ts": {"path":"/Users/david/Code/WednesdayAI-plugins-skillweaver/extensions/skillweaver/src/embedding/types.ts","statementMap":{},"fnMap":{},"branchMap":{},"s":{},"f":{},"b":{},"meta":{"lastBranch":0,"lastFunction":0,"lastStatement":0,"seen":{},"fnNames":{}}}
}
